#
# There is insufficient memory for the Java Runtime Environment to continue.
# Native memory allocation (mmap) failed to map 532676608 bytes. Error detail: G1 virtual space
# Possible reasons:
#   The system is out of physical RAM or swap space
#   This process is running with CompressedOops enabled, and the Java Heap may be blocking the growth of the native heap
# Possible solutions:
#   Reduce memory load on the system
#   Increase physical memory or swap space
#   Check if swap backing store is full
#   Decrease Java heap size (-Xmx/-Xms)
#   Decrease number of Java threads
#   Decrease Java thread stack sizes (-Xss)
#   Set larger code cache with -XX:ReservedCodeCacheSize=
#   JVM is running with Zero Based Compressed Oops mode in which the Java heap is
#     placed in the first 32GB address space. The Java Heap base address is the
#     maximum limit for the native heap growth. Please use -XX:HeapBaseMinAddress
#     to set the Java Heap base and to place the Java Heap above 32GB virtual address.
# This output file may be truncated or incomplete.
#
#  Out of Memory Error (os_windows.cpp:3631), pid=371616, tid=375844
#
# JRE version: Java(TM) SE Runtime Environment (22.0.1+8) (build 22.0.1+8-16)
# Java VM: Java HotSpot(TM) 64-Bit Server VM (22.0.1+8-16, mixed mode, sharing, tiered, compressed oops, compressed class ptrs, g1 gc, windows-amd64)
# No core dump will be written. Minidumps are not enabled by default on client versions of Windows
#

---------------  S U M M A R Y ------------

Command Line: -ea -XX:+ShowCodeDetailsInExceptionMessages -Dfile.encoding=UTF-8 org.eclipse.jdt.internal.junit.runner.RemoteTestRunner -version 3 -port 53610 -testLoaderClass org.eclipse.jdt.internal.junit5.runner.JUnit5TestLoader -loaderpluginname org.eclipse.jdt.junit5.runtime -testNameFile D:\avbc\TMP\testNames18346780463047312141.txt

Host: 11th Gen Intel(R) Core(TM) i5-1135G7 @ 2.40GHz, 8 cores, 15G,  Windows 10 , 64 bit Build 19041 (10.0.19041.4842)
Time: Thu Sep 19 11:29:16 2024 RTZ 2 (s 10 , 64 bit Build 19041 (10.0.19041.4842) elapsed time: 3.374359 seconds (0d 0h 0m 3s)

---------------  T H R E A D  ---------------

Current thread (0x0000024affb957d0):  VMThread "VM Thread"          [id=375844, stack(0x000000bb3b500000,0x000000bb3b600000) (1024K)]

Stack: [0x000000bb3b500000,0x000000bb3b600000]
Native frames: (J=compiled Java code, j=interpreted, Vv=VM code, C=native code)
V  [jvm.dll+0x6e2279]  (no source info available)
V  [jvm.dll+0x874e33]  (no source info available)
V  [jvm.dll+0x87725e]  (no source info available)
V  [jvm.dll+0x877933]  (no source info available)
V  [jvm.dll+0x27fd76]  (no source info available)
V  [jvm.dll+0x6de915]  (no source info available)
V  [jvm.dll+0x6d341a]  (no source info available)
V  [jvm.dll+0x3589da]  (no source info available)
V  [jvm.dll+0x360f06]  (no source info available)
V  [jvm.dll+0x3b3e2e]  (no source info available)
V  [jvm.dll+0x3b40d8]  (no source info available)
V  [jvm.dll+0x32c59c]  (no source info available)
V  [jvm.dll+0x32c627]  (no source info available)
V  [jvm.dll+0x37229c]  (no source info available)
V  [jvm.dll+0x370996]  (no source info available)
V  [jvm.dll+0x32bc87]  (no source info available)
V  [jvm.dll+0x370468]  (no source info available)
V  [jvm.dll+0x87d7d0]  (no source info available)
V  [jvm.dll+0x87eb57]  (no source info available)
V  [jvm.dll+0x87f0d0]  (no source info available)
V  [jvm.dll+0x87f373]  (no source info available)
V  [jvm.dll+0x81d44b]  (no source info available)
V  [jvm.dll+0x6e0915]  (no source info available)
C  [ucrtbase.dll+0x21bb2]  (no source info available)
C  [KERNEL32.DLL+0x17374]  (no source info available)
C  [ntdll.dll+0x4cc91]  (no source info available)

VM_Operation (0x000000bb3aefcc18): G1TryInitiateConcMark, mode: safepoint, requested by thread 0x0000024afddb37b0


---------------  P R O C E S S  ---------------

Threads class SMR info:
_java_thread_list=0x0000024affbb0e20, length=12, elements={
0x0000024afddb37b0, 0x0000024affbb1a30, 0x0000024affbb2750, 0x0000024affbb4320,
0x0000024affbb4d80, 0x0000024affbb8220, 0x0000024affbc10a0, 0x0000024affbc20b0,
0x0000024affbc6670, 0x0000024a9d3859c0, 0x0000024a9d38d640, 0x0000024a9d4c7330
}

Java Threads: ( => current thread )
  0x0000024afddb37b0 JavaThread "main"                              [_thread_blocked, id=21856, stack(0x000000bb3ae00000,0x000000bb3af00000) (1024K)]
  0x0000024affbb1a30 JavaThread "Reference Handler"          daemon [_thread_blocked, id=365536, stack(0x000000bb3b600000,0x000000bb3b700000) (1024K)]
  0x0000024affbb2750 JavaThread "Finalizer"                  daemon [_thread_blocked, id=372752, stack(0x000000bb3b700000,0x000000bb3b800000) (1024K)]
  0x0000024affbb4320 JavaThread "Signal Dispatcher"          daemon [_thread_blocked, id=9144, stack(0x000000bb3b800000,0x000000bb3b900000) (1024K)]
  0x0000024affbb4d80 JavaThread "Attach Listener"            daemon [_thread_blocked, id=376160, stack(0x000000bb3b900000,0x000000bb3ba00000) (1024K)]
  0x0000024affbb8220 JavaThread "Service Thread"             daemon [_thread_blocked, id=377724, stack(0x000000bb3ba00000,0x000000bb3bb00000) (1024K)]
  0x0000024affbc10a0 JavaThread "Monitor Deflation Thread"   daemon [_thread_blocked, id=377940, stack(0x000000bb3bb00000,0x000000bb3bc00000) (1024K)]
  0x0000024affbc20b0 JavaThread "C2 CompilerThread0"         daemon [_thread_blocked, id=375024, stack(0x000000bb3bc00000,0x000000bb3bd00000) (1024K)]
  0x0000024affbc6670 JavaThread "C1 CompilerThread0"         daemon [_thread_blocked, id=376276, stack(0x000000bb3bd00000,0x000000bb3be00000) (1024K)]
  0x0000024a9d3859c0 JavaThread "Notification Thread"        daemon [_thread_blocked, id=376724, stack(0x000000bb3be00000,0x000000bb3bf00000) (1024K)]
  0x0000024a9d38d640 JavaThread "Common-Cleaner"             daemon [_thread_blocked, id=377068, stack(0x000000bb3bf00000,0x000000bb3c000000) (1024K)]
  0x0000024a9d4c7330 JavaThread "ReaderThread"                      [_thread_in_native, id=370800, stack(0x000000bb3c000000,0x000000bb3c100000) (1024K)]
Total: 12

Other Threads:
=>0x0000024affb957d0 VMThread "VM Thread"                           [id=375844, stack(0x000000bb3b500000,0x000000bb3b600000) (1024K)]
  0x0000024affb7c430 WatcherThread "VM Periodic Task Thread"        [id=375796, stack(0x000000bb3b400000,0x000000bb3b500000) (1024K)]
  0x0000024afde1b430 WorkerThread "GC Thread#0"                     [id=326676, stack(0x000000bb3af00000,0x000000bb3b000000) (1024K)]
  0x0000024a9dcacde0 WorkerThread "GC Thread#1"                     [id=273440, stack(0x000000bb3c300000,0x000000bb3c400000) (1024K)]
  0x0000024a9dcad9e0 WorkerThread "GC Thread#2"                     [id=347948, stack(0x000000bb3c400000,0x000000bb3c500000) (1024K)]
  0x0000024a9dcae5a0 WorkerThread "GC Thread#3"                     [id=331144, stack(0x000000bb3c500000,0x000000bb3c600000) (1024K)]
  0x0000024a9dc750c0 WorkerThread "GC Thread#4"                     [id=331392, stack(0x000000bb3c600000,0x000000bb3c700000) (1024K)]
  0x0000024a9dc75470 WorkerThread "GC Thread#5"                     [id=331128, stack(0x000000bb3c700000,0x000000bb3c800000) (1024K)]
  0x0000024a9dcb38a0 WorkerThread "GC Thread#6"                     [id=376440, stack(0x000000bb3c800000,0x000000bb3c900000) (1024K)]
  0x0000024ae3053690 WorkerThread "GC Thread#7"                     [id=331288, stack(0x000000bb3c900000,0x000000bb3ca00000) (1024K)]
  0x0000024afde2bd80 ConcurrentGCThread "G1 Main Marker"            [id=374564, stack(0x000000bb3b000000,0x000000bb3b100000) (1024K)]
  0x0000024afde2c6a0 WorkerThread "G1 Conc#0"                       [id=374220, stack(0x000000bb3b100000,0x000000bb3b200000) (1024K)]
  0x0000024afde7e8c0 ConcurrentGCThread "G1 Refine#0"               [id=377912, stack(0x000000bb3b200000,0x000000bb3b300000) (1024K)]
  0x0000024affa4f950 ConcurrentGCThread "G1 Service"                [id=378552, stack(0x000000bb3b300000,0x000000bb3b400000) (1024K)]
Total: 14

Threads with active compile tasks:
C2 CompilerThread0  3414 1467       4       java.util.stream.Streams$RangeIntSpliterator::forEachRemaining (65 bytes)
Total: 1

VM state: at safepoint (normal execution)

VM Mutex/Monitor currently owned by a thread:  ([mutex/lock_event])
[0x00007ffd11b4bbb8] Threads_lock - owner thread: 0x0000024affb957d0
[0x00007ffd11b4bcb8] Heap_lock - owner thread: 0x0000024afddb37b0

Heap address: 0x0000000704a00000, size: 4022 MB, Compressed Oops mode: Zero based, Oop shift amount: 3

CDS archive(s) mapped at: [0x0000024a9e000000-0x0000024a9ec60000-0x0000024a9ec60000), size 12976128, SharedBaseAddress: 0x0000024a9e000000, ArchiveRelocationMode: 1.
Compressed class space mapped at: 0x0000024a9f000000-0x0000024adf000000, reserved size: 1073741824
Narrow klass base: 0x0000024a9e000000, Narrow klass shift: 0, Narrow klass range: 0x41000000

GC Precious Log:
 CardTable entry size: 512
 Card Set container configuration: InlinePtr #cards 4 size 8 Array Of Cards #cards 16 size 48 Howl #buckets 8 coarsen threshold 3686 Howl Bitmap #cards 512 size 80 coarsen threshold 460 Card regions per heap region 1 cards per card region 4096
 CPUs: 8 total, 8 available
 Memory: 16080M
 Large Page Support: Disabled
 NUMA Support: Disabled
 Compressed Oops: Enabled (Zero based)
 Heap Region Size: 2M
 Heap Min Capacity: 8M
 Heap Initial Capacity: 252M
 Heap Max Capacity: 4022M
 Pre-touch: Disabled
 Parallel Workers: 8
 Concurrent Workers: 2
 Concurrent Refinement Workers: 8
 Periodic GC: Disabled

Heap:
 garbage-first heap   total reserved 4118528K, committed 403456K, used 222876K [0x0000000704a00000, 0x0000000800000000)
  region size 2048K, 3 young (6144K), 3 survivors (6144K)
 Metaspace       used 5147K, committed 5312K, reserved 1114112K
  class space    used 686K, committed 768K, reserved 1048576K

Heap Regions: E=young(eden), S=young(survivor), O=old, HS=humongous(starts), HC=humongous(continues), CS=collection set, F=free, TAMS=top-at-mark-start, PB=parsable bottom
|   0|0x0000000704a00000, 0x0000000704c00000, 0x0000000704c00000|100%| O|  |TAMS 0x0000000704c00000| PB 0x0000000704a00000| Untracked |  0
|   1|0x0000000704c00000, 0x0000000704e00000, 0x0000000704e00000|100%| O|  |TAMS 0x0000000704e00000| PB 0x0000000704c00000| Untracked |  0
|   2|0x0000000704e00000, 0x0000000705000000, 0x0000000705000000|100%| O|  |TAMS 0x0000000705000000| PB 0x0000000704e00000| Untracked |  0
|   3|0x0000000705000000, 0x0000000705200000, 0x0000000705200000|100%| O|  |TAMS 0x0000000705200000| PB 0x0000000705000000| Untracked |  0
|   4|0x0000000705200000, 0x0000000705400000, 0x0000000705400000|100%| O|  |TAMS 0x0000000705400000| PB 0x0000000705200000| Untracked |  0
|   5|0x0000000705400000, 0x0000000705600000, 0x0000000705600000|100%| O|  |TAMS 0x0000000705600000| PB 0x0000000705400000| Untracked |  0
|   6|0x0000000705600000, 0x0000000705800000, 0x0000000705800000|100%| O|  |TAMS 0x0000000705800000| PB 0x0000000705600000| Untracked |  0
|   7|0x0000000705800000, 0x0000000705a00000, 0x0000000705a00000|100%| O|  |TAMS 0x0000000705a00000| PB 0x0000000705800000| Untracked |  0
|   8|0x0000000705a00000, 0x0000000705c00000, 0x0000000705c00000|100%| O|  |TAMS 0x0000000705c00000| PB 0x0000000705a00000| Untracked |  0
|   9|0x0000000705c00000, 0x0000000705e00000, 0x0000000705e00000|100%| O|  |TAMS 0x0000000705e00000| PB 0x0000000705c00000| Untracked |  0
|  10|0x0000000705e00000, 0x0000000706000000, 0x0000000706000000|100%| O|  |TAMS 0x0000000706000000| PB 0x0000000705e00000| Untracked |  0
|  11|0x0000000706000000, 0x0000000706200000, 0x0000000706200000|100%| O|  |TAMS 0x0000000706200000| PB 0x0000000706000000| Untracked |  0
|  12|0x0000000706200000, 0x0000000706400000, 0x0000000706400000|100%| O|  |TAMS 0x0000000706400000| PB 0x0000000706200000| Untracked |  0
|  13|0x0000000706400000, 0x0000000706600000, 0x0000000706600000|100%| O|  |TAMS 0x0000000706600000| PB 0x0000000706400000| Untracked |  0
|  14|0x0000000706600000, 0x0000000706800000, 0x0000000706800000|100%| O|  |TAMS 0x0000000706800000| PB 0x0000000706600000| Untracked |  0
|  15|0x0000000706800000, 0x0000000706a00000, 0x0000000706a00000|100%| O|  |TAMS 0x0000000706a00000| PB 0x0000000706800000| Untracked |  0
|  16|0x0000000706a00000, 0x0000000706c00000, 0x0000000706c00000|100%| O|  |TAMS 0x0000000706c00000| PB 0x0000000706a00000| Untracked |  0
|  17|0x0000000706c00000, 0x0000000706e00000, 0x0000000706e00000|100%| O|  |TAMS 0x0000000706e00000| PB 0x0000000706c00000| Untracked |  0
|  18|0x0000000706e00000, 0x0000000707000000, 0x0000000707000000|100%| O|  |TAMS 0x0000000707000000| PB 0x0000000706e00000| Untracked |  0
|  19|0x0000000707000000, 0x0000000707200000, 0x0000000707200000|100%| O|  |TAMS 0x0000000707200000| PB 0x0000000707000000| Untracked |  0
|  20|0x0000000707200000, 0x0000000707400000, 0x0000000707400000|100%| O|  |TAMS 0x0000000707400000| PB 0x0000000707200000| Untracked |  0
|  21|0x0000000707400000, 0x0000000707600000, 0x0000000707600000|100%| O|  |TAMS 0x0000000707600000| PB 0x0000000707400000| Untracked |  0
|  22|0x0000000707600000, 0x0000000707800000, 0x0000000707800000|100%| O|  |TAMS 0x0000000707800000| PB 0x0000000707600000| Untracked |  0
|  23|0x0000000707800000, 0x0000000707a00000, 0x0000000707a00000|100%| O|  |TAMS 0x0000000707a00000| PB 0x0000000707800000| Untracked |  0
|  24|0x0000000707a00000, 0x0000000707c00000, 0x0000000707c00000|100%| O|  |TAMS 0x0000000707c00000| PB 0x0000000707a00000| Untracked |  0
|  25|0x0000000707c00000, 0x0000000707e00000, 0x0000000707e00000|100%|HS|  |TAMS 0x0000000707e00000| PB 0x0000000707c00000| Complete |  0
|  26|0x0000000707e00000, 0x0000000708000000, 0x0000000708000000|100%|HS|  |TAMS 0x0000000708000000| PB 0x0000000707e00000| Complete |  0
|  27|0x0000000708000000, 0x0000000708200000, 0x0000000708200000|100%|HC|  |TAMS 0x0000000708200000| PB 0x0000000708000000| Complete |  0
|  28|0x0000000708200000, 0x0000000708400000, 0x0000000708400000|100%|HS|  |TAMS 0x0000000708400000| PB 0x0000000708200000| Complete |  0
|  29|0x0000000708400000, 0x0000000708600000, 0x0000000708600000|100%|HS|  |TAMS 0x0000000708600000| PB 0x0000000708400000| Complete |  0
|  30|0x0000000708600000, 0x0000000708800000, 0x0000000708800000|100%|HC|  |TAMS 0x0000000708800000| PB 0x0000000708600000| Complete |  0
|  31|0x0000000708800000, 0x0000000708a00000, 0x0000000708a00000|100%|HC|  |TAMS 0x0000000708a00000| PB 0x0000000708800000| Complete |  0
|  32|0x0000000708a00000, 0x0000000708c00000, 0x0000000708c00000|100%|HS|  |TAMS 0x0000000708c00000| PB 0x0000000708a00000| Complete |  0
|  33|0x0000000708c00000, 0x0000000708e00000, 0x0000000708e00000|100%|HC|  |TAMS 0x0000000708e00000| PB 0x0000000708c00000| Complete |  0
|  34|0x0000000708e00000, 0x0000000709000000, 0x0000000709000000|100%| O|  |TAMS 0x0000000709000000| PB 0x0000000708e00000| Untracked |  0
|  35|0x0000000709000000, 0x0000000709200000, 0x0000000709200000|100%| O|  |TAMS 0x0000000709200000| PB 0x0000000709000000| Untracked |  0
|  36|0x0000000709200000, 0x0000000709400000, 0x0000000709400000|100%| O|  |TAMS 0x0000000709400000| PB 0x0000000709200000| Untracked |  0
|  37|0x0000000709400000, 0x0000000709600000, 0x0000000709600000|100%| O|  |TAMS 0x0000000709600000| PB 0x0000000709400000| Untracked |  0
|  38|0x0000000709600000, 0x0000000709800000, 0x0000000709800000|100%| O|  |TAMS 0x0000000709800000| PB 0x0000000709600000| Untracked |  0
|  39|0x0000000709800000, 0x0000000709a00000, 0x0000000709a00000|100%| O|  |TAMS 0x0000000709a00000| PB 0x0000000709800000| Untracked |  0
|  40|0x0000000709a00000, 0x0000000709c00000, 0x0000000709c00000|100%| O|  |TAMS 0x0000000709c00000| PB 0x0000000709a00000| Untracked |  0
|  41|0x0000000709c00000, 0x0000000709e00000, 0x0000000709e00000|100%| O|  |TAMS 0x0000000709e00000| PB 0x0000000709c00000| Untracked |  0
|  42|0x0000000709e00000, 0x000000070a000000, 0x000000070a000000|100%| O|  |TAMS 0x000000070a000000| PB 0x0000000709e00000| Untracked |  0
|  43|0x000000070a000000, 0x000000070a200000, 0x000000070a200000|100%| O|  |TAMS 0x000000070a200000| PB 0x000000070a000000| Untracked |  0
|  44|0x000000070a200000, 0x000000070a400000, 0x000000070a400000|100%| O|  |TAMS 0x000000070a400000| PB 0x000000070a200000| Untracked |  0
|  45|0x000000070a400000, 0x000000070a600000, 0x000000070a600000|100%| O|  |TAMS 0x000000070a600000| PB 0x000000070a400000| Untracked |  0
|  46|0x000000070a600000, 0x000000070a800000, 0x000000070a800000|100%| O|  |TAMS 0x000000070a800000| PB 0x000000070a600000| Untracked |  0
|  47|0x000000070a800000, 0x000000070aa00000, 0x000000070aa00000|100%| O|  |TAMS 0x000000070aa00000| PB 0x000000070a800000| Untracked |  0
|  48|0x000000070aa00000, 0x000000070ac00000, 0x000000070ac00000|100%| O|  |TAMS 0x000000070ac00000| PB 0x000000070aa00000| Untracked |  0
|  49|0x000000070ac00000, 0x000000070ae00000, 0x000000070ae00000|100%| O|  |TAMS 0x000000070ae00000| PB 0x000000070ac00000| Untracked |  0
|  50|0x000000070ae00000, 0x000000070b000000, 0x000000070b000000|100%| O|  |TAMS 0x000000070b000000| PB 0x000000070ae00000| Untracked |  0
|  51|0x000000070b000000, 0x000000070b200000, 0x000000070b200000|100%|HS|  |TAMS 0x000000070b200000| PB 0x000000070b000000| Complete |  0
|  52|0x000000070b200000, 0x000000070b400000, 0x000000070b400000|100%|HC|  |TAMS 0x000000070b400000| PB 0x000000070b200000| Complete |  0
|  53|0x000000070b400000, 0x000000070b600000, 0x000000070b600000|100%|HC|  |TAMS 0x000000070b600000| PB 0x000000070b400000| Complete |  0
|  54|0x000000070b600000, 0x000000070b800000, 0x000000070b800000|100%|HC|  |TAMS 0x000000070b800000| PB 0x000000070b600000| Complete |  0
|  55|0x000000070b800000, 0x000000070ba00000, 0x000000070ba00000|100%|HC|  |TAMS 0x000000070ba00000| PB 0x000000070b800000| Complete |  0
|  56|0x000000070ba00000, 0x000000070bc00000, 0x000000070bc00000|100%| O|  |TAMS 0x000000070bc00000| PB 0x000000070ba00000| Untracked |  0
|  57|0x000000070bc00000, 0x000000070be00000, 0x000000070be00000|100%| O|  |TAMS 0x000000070be00000| PB 0x000000070bc00000| Untracked |  0
|  58|0x000000070be00000, 0x000000070c000000, 0x000000070c000000|100%| O|  |TAMS 0x000000070c000000| PB 0x000000070be00000| Untracked |  0
|  59|0x000000070c000000, 0x000000070c200000, 0x000000070c200000|100%| O|  |TAMS 0x000000070c200000| PB 0x000000070c000000| Untracked |  0
|  60|0x000000070c200000, 0x000000070c400000, 0x000000070c400000|100%| O|  |TAMS 0x000000070c400000| PB 0x000000070c200000| Untracked |  0
|  61|0x000000070c400000, 0x000000070c600000, 0x000000070c600000|100%| O|  |TAMS 0x000000070c600000| PB 0x000000070c400000| Untracked |  0
|  62|0x000000070c600000, 0x000000070c800000, 0x000000070c800000|100%| O|  |TAMS 0x000000070c800000| PB 0x000000070c600000| Untracked |  0
|  63|0x000000070c800000, 0x000000070ca00000, 0x000000070ca00000|100%| O|  |TAMS 0x000000070ca00000| PB 0x000000070c800000| Untracked |  0
|  64|0x000000070ca00000, 0x000000070cc00000, 0x000000070cc00000|100%| O|  |TAMS 0x000000070cc00000| PB 0x000000070ca00000| Untracked |  0
|  65|0x000000070cc00000, 0x000000070ce00000, 0x000000070ce00000|100%|HS|  |TAMS 0x000000070ce00000| PB 0x000000070cc00000| Complete |  0
|  66|0x000000070ce00000, 0x000000070d000000, 0x000000070d000000|100%|HC|  |TAMS 0x000000070d000000| PB 0x000000070ce00000| Complete |  0
|  67|0x000000070d000000, 0x000000070d200000, 0x000000070d200000|100%|HC|  |TAMS 0x000000070d200000| PB 0x000000070d000000| Complete |  0
|  68|0x000000070d200000, 0x000000070d400000, 0x000000070d400000|100%| O|  |TAMS 0x000000070d400000| PB 0x000000070d200000| Untracked |  0
|  69|0x000000070d400000, 0x000000070d600000, 0x000000070d600000|100%| O|  |TAMS 0x000000070d600000| PB 0x000000070d400000| Untracked |  0
|  70|0x000000070d600000, 0x000000070d800000, 0x000000070d800000|100%| O|  |TAMS 0x000000070d800000| PB 0x000000070d600000| Untracked |  0
|  71|0x000000070d800000, 0x000000070da00000, 0x000000070da00000|100%| O|  |TAMS 0x000000070da00000| PB 0x000000070d800000| Untracked |  0
|  72|0x000000070da00000, 0x000000070dc00000, 0x000000070dc00000|100%| O|  |TAMS 0x000000070dc00000| PB 0x000000070da00000| Untracked |  0
|  73|0x000000070dc00000, 0x000000070de00000, 0x000000070de00000|100%| O|  |TAMS 0x000000070de00000| PB 0x000000070dc00000| Untracked |  0
|  74|0x000000070de00000, 0x000000070e000000, 0x000000070e000000|100%| O|  |TAMS 0x000000070e000000| PB 0x000000070de00000| Untracked |  0
|  75|0x000000070e000000, 0x000000070e200000, 0x000000070e200000|100%|HS|  |TAMS 0x000000070e200000| PB 0x000000070e000000| Complete |  0
|  76|0x000000070e200000, 0x000000070e400000, 0x000000070e400000|100%|HC|  |TAMS 0x000000070e400000| PB 0x000000070e200000| Complete |  0
|  77|0x000000070e400000, 0x000000070e600000, 0x000000070e600000|100%|HC|  |TAMS 0x000000070e600000| PB 0x000000070e400000| Complete |  0
|  78|0x000000070e600000, 0x000000070e800000, 0x000000070e800000|100%|HS|  |TAMS 0x000000070e800000| PB 0x000000070e600000| Complete |  0
|  79|0x000000070e800000, 0x000000070ea00000, 0x000000070ea00000|100%|HC|  |TAMS 0x000000070ea00000| PB 0x000000070e800000| Complete |  0
|  80|0x000000070ea00000, 0x000000070ec00000, 0x000000070ec00000|100%|HC|  |TAMS 0x000000070ec00000| PB 0x000000070ea00000| Complete |  0
|  81|0x000000070ec00000, 0x000000070ee00000, 0x000000070ee00000|100%| O|  |TAMS 0x000000070ee00000| PB 0x000000070ec00000| Untracked |  0
|  82|0x000000070ee00000, 0x000000070f000000, 0x000000070f000000|100%| O|  |TAMS 0x000000070f000000| PB 0x000000070ee00000| Untracked |  0
|  83|0x000000070f000000, 0x000000070f200000, 0x000000070f200000|100%| O|  |TAMS 0x000000070f200000| PB 0x000000070f000000| Untracked |  0
|  84|0x000000070f200000, 0x000000070f400000, 0x000000070f400000|100%| O|  |TAMS 0x000000070f400000| PB 0x000000070f200000| Untracked |  0
|  85|0x000000070f400000, 0x000000070f600000, 0x000000070f600000|100%| O|  |TAMS 0x000000070f600000| PB 0x000000070f400000| Untracked |  0
|  86|0x000000070f600000, 0x000000070f800000, 0x000000070f800000|100%| O|  |TAMS 0x000000070f800000| PB 0x000000070f600000| Untracked |  0
|  87|0x000000070f800000, 0x000000070fa00000, 0x000000070fa00000|100%| O|  |TAMS 0x000000070fa00000| PB 0x000000070f800000| Untracked |  0
|  88|0x000000070fa00000, 0x000000070fc00000, 0x000000070fc00000|100%| O|  |TAMS 0x000000070fc00000| PB 0x000000070fa00000| Untracked |  0
|  89|0x000000070fc00000, 0x000000070fe00000, 0x000000070fe00000|100%| O|  |TAMS 0x000000070fe00000| PB 0x000000070fc00000| Untracked |  0
|  90|0x000000070fe00000, 0x0000000710000000, 0x0000000710000000|100%| O|  |TAMS 0x0000000710000000| PB 0x000000070fe00000| Untracked |  0
|  91|0x0000000710000000, 0x0000000710200000, 0x0000000710200000|100%| O|  |TAMS 0x0000000710200000| PB 0x0000000710000000| Untracked |  0
|  92|0x0000000710200000, 0x0000000710400000, 0x0000000710400000|100%| O|  |TAMS 0x0000000710400000| PB 0x0000000710200000| Untracked |  0
|  93|0x0000000710400000, 0x0000000710600000, 0x0000000710600000|100%| O|  |TAMS 0x0000000710600000| PB 0x0000000710400000| Untracked |  0
|  94|0x0000000710600000, 0x0000000710800000, 0x0000000710800000|100%| O|  |TAMS 0x0000000710800000| PB 0x0000000710600000| Untracked |  0
|  95|0x0000000710800000, 0x0000000710a00000, 0x0000000710a00000|100%| O|  |TAMS 0x0000000710a00000| PB 0x0000000710800000| Untracked |  0
|  96|0x0000000710a00000, 0x0000000710c00000, 0x0000000710c00000|100%| O|  |TAMS 0x0000000710c00000| PB 0x0000000710a00000| Untracked |  0
|  97|0x0000000710c00000, 0x0000000710e00000, 0x0000000710e00000|100%| O|  |TAMS 0x0000000710e00000| PB 0x0000000710c00000| Untracked |  0
|  98|0x0000000710e00000, 0x0000000711000000, 0x0000000711000000|100%| O|  |TAMS 0x0000000711000000| PB 0x0000000710e00000| Untracked |  0
|  99|0x0000000711000000, 0x0000000711200000, 0x0000000711200000|100%| O|  |TAMS 0x0000000711200000| PB 0x0000000711000000| Untracked |  0
| 100|0x0000000711200000, 0x0000000711400000, 0x0000000711400000|100%| O|  |TAMS 0x0000000711400000| PB 0x0000000711200000| Untracked |  0
| 101|0x0000000711400000, 0x0000000711600000, 0x0000000711600000|100%| O|  |TAMS 0x000000071157ce60| PB 0x0000000711400000| Untracked |  0
| 102|0x0000000711600000, 0x0000000711800000, 0x0000000711800000|100%| O|  |TAMS 0x0000000711600000| PB 0x0000000711600000| Untracked |  0
| 103|0x0000000711800000, 0x0000000711a00000, 0x0000000711a00000|100%| O|  |TAMS 0x0000000711800000| PB 0x0000000711800000| Untracked |  0
| 104|0x0000000711a00000, 0x0000000711c00000, 0x0000000711c00000|100%| O|  |TAMS 0x0000000711a00000| PB 0x0000000711a00000| Untracked |  0
| 105|0x0000000711c00000, 0x0000000711e00000, 0x0000000711e00000|100%| O|  |TAMS 0x0000000711c00000| PB 0x0000000711c00000| Untracked |  0
| 106|0x0000000711e00000, 0x0000000711e00000, 0x0000000712000000|  0%| F|  |TAMS 0x0000000711e00000| PB 0x0000000711e00000| Untracked |  0
| 107|0x0000000712000000, 0x0000000712000000, 0x0000000712200000|  0%| F|  |TAMS 0x0000000712000000| PB 0x0000000712000000| Untracked |  0
| 108|0x0000000712200000, 0x0000000712200000, 0x0000000712400000|  0%| F|  |TAMS 0x0000000712200000| PB 0x0000000712200000| Untracked |  0
| 109|0x0000000712400000, 0x0000000712400000, 0x0000000712600000|  0%| F|  |TAMS 0x0000000712400000| PB 0x0000000712400000| Untracked |  0
| 110|0x0000000712600000, 0x0000000712600000, 0x0000000712800000|  0%| F|  |TAMS 0x0000000712600000| PB 0x0000000712600000| Untracked |  0
| 111|0x0000000712800000, 0x0000000712800000, 0x0000000712a00000|  0%| F|  |TAMS 0x0000000712800000| PB 0x0000000712800000| Untracked |  0
| 112|0x0000000712a00000, 0x0000000712a00000, 0x0000000712c00000|  0%| F|  |TAMS 0x0000000712a00000| PB 0x0000000712a00000| Untracked |  0
| 113|0x0000000712c00000, 0x0000000712c00000, 0x0000000712e00000|  0%| F|  |TAMS 0x0000000712c00000| PB 0x0000000712c00000| Untracked |  0
| 114|0x0000000712e00000, 0x0000000712e00000, 0x0000000713000000|  0%| F|  |TAMS 0x0000000712e00000| PB 0x0000000712e00000| Untracked |  0
| 115|0x0000000713000000, 0x0000000713000000, 0x0000000713200000|  0%| F|  |TAMS 0x0000000713000000| PB 0x0000000713000000| Untracked |  0
| 116|0x0000000713200000, 0x0000000713200000, 0x0000000713400000|  0%| F|  |TAMS 0x0000000713200000| PB 0x0000000713200000| Untracked |  0
| 117|0x0000000713400000, 0x0000000713400000, 0x0000000713600000|  0%| F|  |TAMS 0x0000000713400000| PB 0x0000000713400000| Untracked |  0
| 118|0x0000000713600000, 0x0000000713600000, 0x0000000713800000|  0%| F|  |TAMS 0x0000000713600000| PB 0x0000000713600000| Untracked |  0
| 119|0x0000000713800000, 0x0000000713800000, 0x0000000713a00000|  0%| F|  |TAMS 0x0000000713800000| PB 0x0000000713800000| Untracked |  0
| 120|0x0000000713a00000, 0x0000000713a00000, 0x0000000713c00000|  0%| F|  |TAMS 0x0000000713a00000| PB 0x0000000713a00000| Untracked |  0
| 121|0x0000000713c00000, 0x0000000713c00000, 0x0000000713e00000|  0%| F|  |TAMS 0x0000000713c00000| PB 0x0000000713c00000| Untracked |  0
| 122|0x0000000713e00000, 0x0000000713e00000, 0x0000000714000000|  0%| F|  |TAMS 0x0000000713e00000| PB 0x0000000713e00000| Untracked |  0
| 123|0x0000000714000000, 0x0000000714000000, 0x0000000714200000|  0%| F|  |TAMS 0x0000000714000000| PB 0x0000000714000000| Untracked |  0
| 124|0x0000000714200000, 0x0000000714200000, 0x0000000714400000|  0%| F|  |TAMS 0x0000000714200000| PB 0x0000000714200000| Untracked |  0
| 125|0x0000000714400000, 0x0000000714400000, 0x0000000714600000|  0%| F|  |TAMS 0x0000000714400000| PB 0x0000000714400000| Untracked |  0
| 126|0x0000000714600000, 0x0000000714600000, 0x0000000714800000|  0%| F|  |TAMS 0x0000000714600000| PB 0x0000000714600000| Untracked |  0
| 127|0x0000000714800000, 0x0000000714800000, 0x0000000714a00000|  0%| F|  |TAMS 0x0000000714800000| PB 0x0000000714800000| Untracked |  0
| 128|0x0000000714a00000, 0x0000000714a00000, 0x0000000714c00000|  0%| F|  |TAMS 0x0000000714a00000| PB 0x0000000714a00000| Untracked |  0
| 129|0x0000000714c00000, 0x0000000714c00000, 0x0000000714e00000|  0%| F|  |TAMS 0x0000000714c00000| PB 0x0000000714c00000| Untracked |  0
| 130|0x0000000714e00000, 0x0000000714e00000, 0x0000000715000000|  0%| F|  |TAMS 0x0000000714e00000| PB 0x0000000714e00000| Untracked |  0
| 131|0x0000000715000000, 0x0000000715000000, 0x0000000715200000|  0%| F|  |TAMS 0x0000000715000000| PB 0x0000000715000000| Untracked |  0
| 132|0x0000000715200000, 0x0000000715200000, 0x0000000715400000|  0%| F|  |TAMS 0x0000000715200000| PB 0x0000000715200000| Untracked |  0
| 133|0x0000000715400000, 0x0000000715400000, 0x0000000715600000|  0%| F|  |TAMS 0x0000000715400000| PB 0x0000000715400000| Untracked |  0
| 134|0x0000000715600000, 0x0000000715600000, 0x0000000715800000|  0%| F|  |TAMS 0x0000000715600000| PB 0x0000000715600000| Untracked |  0
| 135|0x0000000715800000, 0x0000000715800000, 0x0000000715a00000|  0%| F|  |TAMS 0x0000000715800000| PB 0x0000000715800000| Untracked |  0
| 136|0x0000000715a00000, 0x0000000715a00000, 0x0000000715c00000|  0%| F|  |TAMS 0x0000000715a00000| PB 0x0000000715a00000| Untracked |  0
| 137|0x0000000715c00000, 0x0000000715c00000, 0x0000000715e00000|  0%| F|  |TAMS 0x0000000715c00000| PB 0x0000000715c00000| Untracked |  0
| 138|0x0000000715e00000, 0x0000000715e00000, 0x0000000716000000|  0%| F|  |TAMS 0x0000000715e00000| PB 0x0000000715e00000| Untracked |  0
| 139|0x0000000716000000, 0x0000000716000000, 0x0000000716200000|  0%| F|  |TAMS 0x0000000716000000| PB 0x0000000716000000| Untracked |  0
| 140|0x0000000716200000, 0x0000000716200000, 0x0000000716400000|  0%| F|  |TAMS 0x0000000716200000| PB 0x0000000716200000| Untracked |  0
| 141|0x0000000716400000, 0x0000000716400000, 0x0000000716600000|  0%| F|  |TAMS 0x0000000716400000| PB 0x0000000716400000| Untracked |  0
| 142|0x0000000716600000, 0x0000000716600000, 0x0000000716800000|  0%| F|  |TAMS 0x0000000716600000| PB 0x0000000716600000| Untracked |  0
| 143|0x0000000716800000, 0x0000000716800000, 0x0000000716a00000|  0%| F|  |TAMS 0x0000000716800000| PB 0x0000000716800000| Untracked |  0
| 144|0x0000000716a00000, 0x0000000716a00000, 0x0000000716c00000|  0%| F|  |TAMS 0x0000000716a00000| PB 0x0000000716a00000| Untracked |  0
| 145|0x0000000716c00000, 0x0000000716c00000, 0x0000000716e00000|  0%| F|  |TAMS 0x0000000716c00000| PB 0x0000000716c00000| Untracked |  0
| 146|0x0000000716e00000, 0x0000000716e00000, 0x0000000717000000|  0%| F|  |TAMS 0x0000000716e00000| PB 0x0000000716e00000| Untracked |  0
| 147|0x0000000717000000, 0x0000000717000000, 0x0000000717200000|  0%| F|  |TAMS 0x0000000717000000| PB 0x0000000717000000| Untracked |  0
| 148|0x0000000717200000, 0x0000000717200000, 0x0000000717400000|  0%| F|  |TAMS 0x0000000717200000| PB 0x0000000717200000| Untracked |  0
| 149|0x0000000717400000, 0x0000000717400000, 0x0000000717600000|  0%| F|  |TAMS 0x0000000717400000| PB 0x0000000717400000| Untracked |  0
| 150|0x0000000717600000, 0x0000000717600000, 0x0000000717800000|  0%| F|  |TAMS 0x0000000717600000| PB 0x0000000717600000| Untracked |  0
| 151|0x0000000717800000, 0x0000000717800000, 0x0000000717a00000|  0%| F|  |TAMS 0x0000000717800000| PB 0x0000000717800000| Untracked |  0
| 152|0x0000000717a00000, 0x0000000717a00000, 0x0000000717c00000|  0%| F|  |TAMS 0x0000000717a00000| PB 0x0000000717a00000| Untracked |  0
| 153|0x0000000717c00000, 0x0000000717c00000, 0x0000000717e00000|  0%| F|  |TAMS 0x0000000717c00000| PB 0x0000000717c00000| Untracked |  0
| 154|0x0000000717e00000, 0x0000000717e00000, 0x0000000718000000|  0%| F|  |TAMS 0x0000000717e00000| PB 0x0000000717e00000| Untracked |  0
| 155|0x0000000718000000, 0x0000000718000000, 0x0000000718200000|  0%| F|  |TAMS 0x0000000718000000| PB 0x0000000718000000| Untracked |  0
| 156|0x0000000718200000, 0x0000000718200000, 0x0000000718400000|  0%| F|  |TAMS 0x0000000718200000| PB 0x0000000718200000| Untracked |  0
| 157|0x0000000718400000, 0x0000000718400000, 0x0000000718600000|  0%| F|  |TAMS 0x0000000718400000| PB 0x0000000718400000| Untracked |  0
| 158|0x0000000718600000, 0x0000000718600000, 0x0000000718800000|  0%| F|  |TAMS 0x0000000718600000| PB 0x0000000718600000| Untracked |  0
| 159|0x0000000718800000, 0x0000000718800000, 0x0000000718a00000|  0%| F|  |TAMS 0x0000000718800000| PB 0x0000000718800000| Untracked |  0
| 160|0x0000000718a00000, 0x0000000718a00000, 0x0000000718c00000|  0%| F|  |TAMS 0x0000000718a00000| PB 0x0000000718a00000| Untracked |  0
| 161|0x0000000718c00000, 0x0000000718c00000, 0x0000000718e00000|  0%| F|  |TAMS 0x0000000718c00000| PB 0x0000000718c00000| Untracked |  0
| 162|0x0000000718e00000, 0x0000000718e00000, 0x0000000719000000|  0%| F|  |TAMS 0x0000000718e00000| PB 0x0000000718e00000| Untracked |  0
| 163|0x0000000719000000, 0x0000000719000000, 0x0000000719200000|  0%| F|  |TAMS 0x0000000719000000| PB 0x0000000719000000| Untracked |  0
| 164|0x0000000719200000, 0x0000000719200000, 0x0000000719400000|  0%| F|  |TAMS 0x0000000719200000| PB 0x0000000719200000| Untracked |  0
| 165|0x0000000719400000, 0x0000000719400000, 0x0000000719600000|  0%| F|  |TAMS 0x0000000719400000| PB 0x0000000719400000| Untracked |  0
| 166|0x0000000719600000, 0x0000000719600000, 0x0000000719800000|  0%| F|  |TAMS 0x0000000719600000| PB 0x0000000719600000| Untracked |  0
| 167|0x0000000719800000, 0x0000000719800000, 0x0000000719a00000|  0%| F|  |TAMS 0x0000000719800000| PB 0x0000000719800000| Untracked |  0
| 168|0x0000000719a00000, 0x0000000719a00000, 0x0000000719c00000|  0%| F|  |TAMS 0x0000000719a00000| PB 0x0000000719a00000| Untracked |  0
| 169|0x0000000719c00000, 0x0000000719c00000, 0x0000000719e00000|  0%| F|  |TAMS 0x0000000719c00000| PB 0x0000000719c00000| Untracked |  0
| 170|0x0000000719e00000, 0x0000000719e00000, 0x000000071a000000|  0%| F|  |TAMS 0x0000000719e00000| PB 0x0000000719e00000| Untracked |  0
| 171|0x000000071a000000, 0x000000071a000000, 0x000000071a200000|  0%| F|  |TAMS 0x000000071a000000| PB 0x000000071a000000| Untracked |  0
| 172|0x000000071a200000, 0x000000071a200000, 0x000000071a400000|  0%| F|  |TAMS 0x000000071a200000| PB 0x000000071a200000| Untracked |  0
| 173|0x000000071a400000, 0x000000071a400000, 0x000000071a600000|  0%| F|  |TAMS 0x000000071a400000| PB 0x000000071a400000| Untracked |  0
| 174|0x000000071a600000, 0x000000071a600000, 0x000000071a800000|  0%| F|  |TAMS 0x000000071a600000| PB 0x000000071a600000| Untracked |  0
| 175|0x000000071a800000, 0x000000071a800000, 0x000000071aa00000|  0%| F|  |TAMS 0x000000071a800000| PB 0x000000071a800000| Untracked |  0
| 176|0x000000071aa00000, 0x000000071aa00000, 0x000000071ac00000|  0%| F|  |TAMS 0x000000071aa00000| PB 0x000000071aa00000| Untracked |  0
| 177|0x000000071ac00000, 0x000000071ac00000, 0x000000071ae00000|  0%| F|  |TAMS 0x000000071ac00000| PB 0x000000071ac00000| Untracked |  0
| 178|0x000000071ae00000, 0x000000071ae00000, 0x000000071b000000|  0%| F|  |TAMS 0x000000071ae00000| PB 0x000000071ae00000| Untracked |  0
| 179|0x000000071b000000, 0x000000071b000000, 0x000000071b200000|  0%| F|  |TAMS 0x000000071b000000| PB 0x000000071b000000| Untracked |  0
| 180|0x000000071b200000, 0x000000071b200000, 0x000000071b400000|  0%| F|  |TAMS 0x000000071b200000| PB 0x000000071b200000| Untracked |  0
| 181|0x000000071b400000, 0x000000071b400000, 0x000000071b600000|  0%| F|  |TAMS 0x000000071b400000| PB 0x000000071b400000| Untracked |  0
| 182|0x000000071b600000, 0x000000071b600000, 0x000000071b800000|  0%| F|  |TAMS 0x000000071b600000| PB 0x000000071b600000| Untracked |  0
| 183|0x000000071b800000, 0x000000071b800000, 0x000000071ba00000|  0%| F|  |TAMS 0x000000071b800000| PB 0x000000071b800000| Untracked |  0
| 184|0x000000071ba00000, 0x000000071ba00000, 0x000000071bc00000|  0%| F|  |TAMS 0x000000071ba00000| PB 0x000000071ba00000| Untracked |  0
| 185|0x000000071bc00000, 0x000000071bc00000, 0x000000071be00000|  0%| F|  |TAMS 0x000000071bc00000| PB 0x000000071bc00000| Untracked |  0
| 186|0x000000071be00000, 0x000000071be00000, 0x000000071c000000|  0%| F|  |TAMS 0x000000071be00000| PB 0x000000071be00000| Untracked |  0
| 187|0x000000071c000000, 0x000000071c000000, 0x000000071c200000|  0%| F|  |TAMS 0x000000071c000000| PB 0x000000071c000000| Untracked |  0
| 188|0x000000071c200000, 0x000000071c200000, 0x000000071c400000|  0%| F|  |TAMS 0x000000071c200000| PB 0x000000071c200000| Untracked |  0
| 189|0x000000071c400000, 0x000000071c400000, 0x000000071c600000|  0%| F|  |TAMS 0x000000071c400000| PB 0x000000071c400000| Untracked |  0
| 190|0x000000071c600000, 0x000000071c600000, 0x000000071c800000|  0%| F|  |TAMS 0x000000071c600000| PB 0x000000071c600000| Untracked |  0
| 191|0x000000071c800000, 0x000000071c9a7000, 0x000000071ca00000| 82%| S|CS|TAMS 0x000000071c800000| PB 0x000000071c800000| Complete |  0
| 192|0x000000071ca00000, 0x000000071cc00000, 0x000000071cc00000|100%| S|CS|TAMS 0x000000071ca00000| PB 0x000000071ca00000| Complete |  0
| 193|0x000000071cc00000, 0x000000071ce00000, 0x000000071ce00000|100%| S|CS|TAMS 0x000000071cc00000| PB 0x000000071cc00000| Complete |  0
| 194|0x000000071ce00000, 0x000000071ce00000, 0x000000071d000000|  0%| F|  |TAMS 0x000000071ce00000| PB 0x000000071ce00000| Untracked |  0
| 195|0x000000071d000000, 0x000000071d000000, 0x000000071d200000|  0%| F|  |TAMS 0x000000071d000000| PB 0x000000071d000000| Untracked |  0
| 196|0x000000071d200000, 0x000000071d200000, 0x000000071d400000|  0%| F|  |TAMS 0x000000071d200000| PB 0x000000071d200000| Untracked |  0

Card table byte_map: [0x0000024afe990000,0x0000024aff170000] _byte_map_base: 0x0000024afb16b000

Marking Bits: (CMBitMap*) 0x0000024afde1b950
 Bits: [0x0000024a97280000, 0x0000024a9b158000)

Polling page: 0x0000024afd580000

Metaspace:

Usage:
  Non-class:      4.36 MB used.
      Class:    686.47 KB used.
       Both:      5.03 MB used.

Virtual space:
  Non-class space:       64.00 MB reserved,       4.44 MB (  7%) committed,  1 nodes.
      Class space:        1.00 GB reserved,     768.00 KB ( <1%) committed,  1 nodes.
             Both:        1.06 GB reserved,       5.19 MB ( <1%) committed. 

Chunk freelists:
   Non-Class:  9.95 MB
       Class:  15.27 MB
        Both:  25.22 MB

MaxMetaspaceSize: unlimited
CompressedClassSpaceSize: 1.00 GB
Initial GC threshold: 21.00 MB
Current GC threshold: 21.00 MB
CDS: on
 - commit_granule_bytes: 65536.
 - commit_granule_words: 8192.
 - virtual_space_node_default_size: 8388608.
 - enlarge_chunks_in_place: 1.
 - use_allocation_guard: 0.


Internal statistics:

num_allocs_failed_limit: 0.
num_arena_births: 96.
num_arena_deaths: 0.
num_vsnodes_births: 2.
num_vsnodes_deaths: 0.
num_space_committed: 83.
num_space_uncommitted: 0.
num_chunks_returned_to_freelist: 0.
num_chunks_taken_from_freelist: 276.
num_chunk_merges: 0.
num_chunk_splits: 147.
num_chunks_enlarged: 91.
num_inconsistent_stats: 0.

CodeHeap 'non-profiled nmethods': size=120000Kb used=536Kb max_used=536Kb free=119464Kb
 bounds [0x0000024a8fd50000, 0x0000024a8ffc0000, 0x0000024a97280000]
CodeHeap 'profiled nmethods': size=120000Kb used=2592Kb max_used=2592Kb free=117408Kb
 bounds [0x0000024a88280000, 0x0000024a88510000, 0x0000024a8f7b0000]
CodeHeap 'non-nmethods': size=5760Kb used=1487Kb max_used=1514Kb free=4272Kb
 bounds [0x0000024a8f7b0000, 0x0000024a8fa20000, 0x0000024a8fd50000]
 total_blobs=1921 nmethods=1466 adapters=359
 compilation: enabled
              stopped_count=0, restarted_count=0
 full_count=0

Compilation events (20 events):
Event: 3.272 Thread 0x0000024affbc6670 nmethod 1457 0x0000024a88504590 code [0x0000024a88504780, 0x0000024a88504c00]
Event: 3.272 Thread 0x0000024affbc6670 1458       3       java.util.Spliterators$ArraySpliterator::<init> (40 bytes)
Event: 3.272 Thread 0x0000024affbc6670 nmethod 1458 0x0000024a88504e10 code [0x0000024a88504fa0, 0x0000024a88505188]
Event: 3.273 Thread 0x0000024affbc6670 1459       3       java.lang.reflect.Method::getRoot (5 bytes)
Event: 3.273 Thread 0x0000024affbc6670 nmethod 1459 0x0000024a88505290 code [0x0000024a88505420, 0x0000024a88505548]
Event: 3.275 Thread 0x0000024affbc20b0 1460       4       java.util.stream.IntPipeline$1$1::accept (23 bytes)
Event: 3.275 Thread 0x0000024affbc6670 1461       3       java.util.stream.Nodes$FixedNodeBuilder::accept (61 bytes)
Event: 3.277 Thread 0x0000024affbc6670 nmethod 1461 0x0000024a88505610 code [0x0000024a885058c0, 0x0000024a88506830]
Event: 3.277 Thread 0x0000024affbc6670 1462 %     3       java.util.stream.Streams$RangeIntSpliterator::forEachRemaining @ 34 (65 bytes)
Event: 3.277 Thread 0x0000024affbc6670 nmethod 1462% 0x0000024a88506d90 code [0x0000024a88506f80, 0x0000024a88507540]
Event: 3.277 Thread 0x0000024affbc6670 1464       3       java.util.stream.Streams$RangeIntSpliterator::forEachRemaining (65 bytes)
Event: 3.277 Thread 0x0000024affbc20b0 nmethod 1460 0x0000024a8fdd3b90 code [0x0000024a8fdd3d20, 0x0000024a8fdd3ec8]
Event: 3.277 Thread 0x0000024affbc20b0 1463       4       java.util.stream.Nodes$FixedNodeBuilder::accept (61 bytes)
Event: 3.278 Thread 0x0000024affbc6670 nmethod 1464 0x0000024a88507710 code [0x0000024a88507900, 0x0000024a88507e10]
Event: 3.279 Thread 0x0000024affbc20b0 nmethod 1463 0x0000024a8fdd4010 code [0x0000024a8fdd41a0, 0x0000024a8fdd43a8]
Event: 3.279 Thread 0x0000024affbc20b0 1465       4       java.util.stream.Nodes$FixedNodeBuilder::accept (61 bytes)
Event: 3.281 Thread 0x0000024affbc20b0 nmethod 1465 0x0000024a8fdd4490 code [0x0000024a8fdd4620, 0x0000024a8fdd4908]
Event: 3.281 Thread 0x0000024affbc20b0 1466 %     4       java.util.stream.Streams$RangeIntSpliterator::forEachRemaining @ 34 (65 bytes)
Event: 3.295 Thread 0x0000024affbc20b0 nmethod 1466% 0x0000024a8fdd4a10 code [0x0000024a8fdd4c40, 0x0000024a8fdd5878]
Event: 3.296 Thread 0x0000024affbc20b0 1467       4       java.util.stream.Streams$RangeIntSpliterator::forEachRemaining (65 bytes)

GC Heap History (17 events):
Event: 0.585 GC heap before
{Heap before GC invocations=0 (full 0):
 garbage-first heap   total reserved 4118528K, committed 258048K, used 24576K [0x0000000704a00000, 0x0000000800000000)
  region size 2048K, 12 young (24576K), 0 survivors (0K)
 Metaspace       used 4888K, committed 5120K, reserved 1114112K
  class space    used 647K, committed 768K, reserved 1048576K
}
Event: 0.595 GC heap after
{Heap after GC invocations=1 (full 0):
 garbage-first heap   total reserved 4118528K, committed 258048K, used 9983K [0x0000000704a00000, 0x0000000800000000)
  region size 2048K, 2 young (4096K), 2 survivors (4096K)
 Metaspace       used 4888K, committed 5120K, reserved 1114112K
  class space    used 647K, committed 768K, reserved 1048576K
}
Event: 1.080 GC heap before
{Heap before GC invocations=1 (full 0):
 garbage-first heap   total reserved 4118528K, committed 258048K, used 38655K [0x0000000704a00000, 0x0000000800000000)
  region size 2048K, 16 young (32768K), 2 survivors (4096K)
 Metaspace       used 4895K, committed 5120K, reserved 1114112K
  class space    used 647K, committed 768K, reserved 1048576K
}
Event: 1.111 GC heap after
{Heap after GC invocations=2 (full 0):
 garbage-first heap   total reserved 4118528K, committed 258048K, used 40403K [0x0000000704a00000, 0x0000000800000000)
  region size 2048K, 2 young (4096K), 2 survivors (4096K)
 Metaspace       used 4895K, committed 5120K, reserved 1114112K
  class space    used 647K, committed 768K, reserved 1048576K
}
Event: 1.251 GC heap before
{Heap before GC invocations=2 (full 0):
 garbage-first heap   total reserved 4118528K, committed 258048K, used 48595K [0x0000000704a00000, 0x0000000800000000)
  region size 2048K, 6 young (12288K), 2 survivors (4096K)
 Metaspace       used 4895K, committed 5120K, reserved 1114112K
  class space    used 647K, committed 768K, reserved 1048576K
}
Event: 1.267 GC heap after
{Heap after GC invocations=3 (full 0):
 garbage-first heap   total reserved 4118528K, committed 258048K, used 49897K [0x0000000704a00000, 0x0000000800000000)
  region size 2048K, 1 young (2048K), 1 survivors (2048K)
 Metaspace       used 4895K, committed 5120K, reserved 1114112K
  class space    used 647K, committed 768K, reserved 1048576K
}
Event: 1.509 GC heap before
{Heap before GC invocations=3 (full 0):
 garbage-first heap   total reserved 4118528K, committed 258048K, used 60137K [0x0000000704a00000, 0x0000000800000000)
  region size 2048K, 6 young (12288K), 1 survivors (2048K)
 Metaspace       used 5053K, committed 5312K, reserved 1114112K
  class space    used 668K, committed 768K, reserved 1048576K
}
Event: 1.518 GC heap after
{Heap after GC invocations=4 (full 0):
 garbage-first heap   total reserved 4118528K, committed 258048K, used 52526K [0x0000000704a00000, 0x0000000800000000)
  region size 2048K, 1 young (2048K), 1 survivors (2048K)
 Metaspace       used 5053K, committed 5312K, reserved 1114112K
  class space    used 668K, committed 768K, reserved 1048576K
}
Event: 1.660 GC heap before
{Heap before GC invocations=4 (full 0):
 garbage-first heap   total reserved 4118528K, committed 258048K, used 105774K [0x0000000704a00000, 0x0000000800000000)
  region size 2048K, 19 young (38912K), 1 survivors (2048K)
 Metaspace       used 5055K, committed 5312K, reserved 1114112K
  class space    used 668K, committed 768K, reserved 1048576K
}
Event: 1.694 GC heap after
{Heap after GC invocations=5 (full 0):
 garbage-first heap   total reserved 4118528K, committed 403456K, used 109142K [0x0000000704a00000, 0x0000000800000000)
  region size 2048K, 3 young (6144K), 3 survivors (6144K)
 Metaspace       used 5055K, committed 5312K, reserved 1114112K
  class space    used 668K, committed 768K, reserved 1048576K
}
Event: 1.773 GC heap before
{Heap before GC invocations=5 (full 0):
 garbage-first heap   total reserved 4118528K, committed 403456K, used 133718K [0x0000000704a00000, 0x0000000800000000)
  region size 2048K, 10 young (20480K), 3 survivors (6144K)
 Metaspace       used 5055K, committed 5312K, reserved 1114112K
  class space    used 668K, committed 768K, reserved 1048576K
}
Event: 1.797 GC heap after
{Heap after GC invocations=6 (full 0):
 garbage-first heap   total reserved 4118528K, committed 403456K, used 135787K [0x0000000704a00000, 0x0000000800000000)
  region size 2048K, 2 young (4096K), 2 survivors (4096K)
 Metaspace       used 5055K, committed 5312K, reserved 1114112K
  class space    used 668K, committed 768K, reserved 1048576K
}
Event: 1.866 GC heap before
{Heap before GC invocations=6 (full 0):
 garbage-first heap   total reserved 4118528K, committed 403456K, used 156267K [0x0000000704a00000, 0x0000000800000000)
  region size 2048K, 9 young (18432K), 2 survivors (4096K)
 Metaspace       used 5060K, committed 5312K, reserved 1114112K
  class space    used 669K, committed 768K, reserved 1048576K
}
Event: 1.888 GC heap after
{Heap after GC invocations=7 (full 0):
 garbage-first heap   total reserved 4118528K, committed 403456K, used 157456K [0x0000000704a00000, 0x0000000800000000)
  region size 2048K, 2 young (4096K), 2 survivors (4096K)
 Metaspace       used 5060K, committed 5312K, reserved 1114112K
  class space    used 669K, committed 768K, reserved 1048576K
}
Event: 3.300 GC heap before
{Heap before GC invocations=7 (full 0):
 garbage-first heap   total reserved 4118528K, committed 403456K, used 212752K [0x0000000704a00000, 0x0000000800000000)
  region size 2048K, 23 young (47104K), 2 survivors (4096K)
 Metaspace       used 5147K, committed 5312K, reserved 1114112K
  class space    used 686K, committed 768K, reserved 1048576K
}
Event: 3.356 GC heap after
{Heap after GC invocations=8 (full 0):
 garbage-first heap   total reserved 4118528K, committed 403456K, used 214515K [0x0000000704a00000, 0x0000000800000000)
  region size 2048K, 3 young (6144K), 3 survivors (6144K)
 Metaspace       used 5147K, committed 5312K, reserved 1114112K
  class space    used 686K, committed 768K, reserved 1048576K
}
Event: 3.363 GC heap before
{Heap before GC invocations=8 (full 0):
 garbage-first heap   total reserved 4118528K, committed 403456K, used 218611K [0x0000000704a00000, 0x0000000800000000)
  region size 2048K, 6 young (12288K), 3 survivors (6144K)
 Metaspace       used 5147K, committed 5312K, reserved 1114112K
  class space    used 686K, committed 768K, reserved 1048576K
}

Dll operation events (7 events):
Event: 0.006 Loaded shared library C:\Program Files\Java\jdk-22\bin\java.dll
Event: 0.037 Loaded shared library C:\Program Files\Java\jdk-22\bin\jsvml.dll
Event: 0.058 Loaded shared library C:\Program Files\Java\jdk-22\bin\net.dll
Event: 0.059 Loaded shared library C:\Program Files\Java\jdk-22\bin\nio.dll
Event: 0.064 Loaded shared library C:\Program Files\Java\jdk-22\bin\zip.dll
Event: 0.109 Loaded shared library C:\Program Files\Java\jdk-22\bin\jimage.dll
Event: 0.131 Loaded shared library C:\Program Files\Java\jdk-22\bin\extnet.dll

Deoptimization events (20 events):
Event: 3.275 Thread 0x0000024afddb37b0 DEOPT PACKING pc=0x0000024a8fdc2c58 sp=0x000000bb3aefcc60
Event: 3.275 Thread 0x0000024afddb37b0 DEOPT UNPACKING pc=0x0000024a8f807da2 sp=0x000000bb3aefcc68 mode 2
Event: 3.279 Thread 0x0000024afddb37b0 Uncommon trap: trap_request=0xffffffd6 fr.pc=0x0000024a8fdd4318 relative=0x0000000000000178
Event: 3.279 Thread 0x0000024afddb37b0 Uncommon trap: reason=array_check action=maybe_recompile pc=0x0000024a8fdd4318 method=java.util.stream.Nodes$FixedNodeBuilder.accept(Ljava/lang/Object;)V @ 28 c2
Event: 3.279 Thread 0x0000024afddb37b0 DEOPT PACKING pc=0x0000024a8fdd4318 sp=0x000000bb3aefcc60
Event: 3.279 Thread 0x0000024afddb37b0 DEOPT UNPACKING pc=0x0000024a8f807da2 sp=0x000000bb3aefcc00 mode 2
Event: 3.279 Thread 0x0000024afddb37b0 Uncommon trap: trap_request=0xffffffd6 fr.pc=0x0000024a8fdd4318 relative=0x0000000000000178
Event: 3.279 Thread 0x0000024afddb37b0 Uncommon trap: reason=array_check action=maybe_recompile pc=0x0000024a8fdd4318 method=java.util.stream.Nodes$FixedNodeBuilder.accept(Ljava/lang/Object;)V @ 28 c2
Event: 3.279 Thread 0x0000024afddb37b0 DEOPT PACKING pc=0x0000024a8fdd4318 sp=0x000000bb3aefcc60
Event: 3.279 Thread 0x0000024afddb37b0 DEOPT UNPACKING pc=0x0000024a8f807da2 sp=0x000000bb3aefcc00 mode 2
Event: 3.279 Thread 0x0000024afddb37b0 Uncommon trap: trap_request=0xffffffd6 fr.pc=0x0000024a8fdd4318 relative=0x0000000000000178
Event: 3.279 Thread 0x0000024afddb37b0 Uncommon trap: reason=array_check action=maybe_recompile pc=0x0000024a8fdd4318 method=java.util.stream.Nodes$FixedNodeBuilder.accept(Ljava/lang/Object;)V @ 28 c2
Event: 3.279 Thread 0x0000024afddb37b0 DEOPT PACKING pc=0x0000024a8fdd4318 sp=0x000000bb3aefcc60
Event: 3.279 Thread 0x0000024afddb37b0 DEOPT UNPACKING pc=0x0000024a8f807da2 sp=0x000000bb3aefcc00 mode 2
Event: 3.279 Thread 0x0000024afddb37b0 Uncommon trap: trap_request=0xffffffd6 fr.pc=0x0000024a8fdd4318 relative=0x0000000000000178
Event: 3.279 Thread 0x0000024afddb37b0 Uncommon trap: reason=array_check action=maybe_recompile pc=0x0000024a8fdd4318 method=java.util.stream.Nodes$FixedNodeBuilder.accept(Ljava/lang/Object;)V @ 28 c2
Event: 3.279 Thread 0x0000024afddb37b0 DEOPT PACKING pc=0x0000024a8fdd4318 sp=0x000000bb3aefcc60
Event: 3.279 Thread 0x0000024afddb37b0 DEOPT UNPACKING pc=0x0000024a8f807da2 sp=0x000000bb3aefcc00 mode 2
Event: 3.296 Thread 0x0000024afddb37b0 DEOPT PACKING pc=0x0000024a88507463 sp=0x000000bb3aefcce0
Event: 3.296 Thread 0x0000024afddb37b0 DEOPT UNPACKING pc=0x0000024a8f8088e2 sp=0x000000bb3aefc1d0 mode 0

Classes loaded (20 events):
Event: 1.493 Loading class java/util/stream/ReferencePipeline$4$1
Event: 1.493 Loading class java/util/stream/ReferencePipeline$4$1 done
Event: 3.264 Loading class java/lang/invoke/WrongMethodTypeException
Event: 3.264 Loading class java/lang/invoke/WrongMethodTypeException done
Event: 3.264 Loading class java/lang/reflect/InvocationTargetException
Event: 3.264 Loading class java/lang/reflect/InvocationTargetException done
Event: 3.265 Loading class java/util/regex/Pattern$BnM
Event: 3.265 Loading class java/util/regex/Pattern$BnM done
Event: 3.267 Loading class java/lang/StackTraceElement$HashedModules
Event: 3.267 Loading class java/lang/StackTraceElement$HashedModules done
Event: 3.268 Loading class java/util/AbstractList$RandomAccessSubList
Event: 3.268 Loading class java/util/AbstractList$SubList
Event: 3.268 Loading class java/util/AbstractList$SubList done
Event: 3.268 Loading class java/util/AbstractList$RandomAccessSubList done
Event: 3.269 Loading class java/util/AbstractList$SubList$1
Event: 3.269 Loading class java/util/AbstractList$SubList$1 done
Event: 3.269 Loading class java/lang/Throwable$WrappedPrintWriter
Event: 3.269 Loading class java/lang/Throwable$PrintStreamOrWriter
Event: 3.269 Loading class java/lang/Throwable$PrintStreamOrWriter done
Event: 3.269 Loading class java/lang/Throwable$WrappedPrintWriter done

Classes unloaded (0 events):
No events

Classes redefined (0 events):
No events

Internal exceptions (20 events):
Event: 0.313 Thread 0x0000024afddb37b0 Exception <a 'java/lang/NoSuchMethodError'{0x0000000713ae6270}: 'long java.lang.invoke.Invokers$Holder.invokeExact_MT(java.lang.Object, java.lang.Object)'> (0x0000000713ae6270) 
thrown [s\open\src\hotspot\share\interpreter\linkResolver.cpp, line 774]
Event: 0.330 Thread 0x0000024afddb37b0 Exception <a 'java/lang/NoSuchMethodError'{0x0000000713b7b3d8}: 'void java.lang.invoke.DirectMethodHandle$Holder.invokeInterface(java.lang.Object, java.lang.Object, java.lang.Object, java.lang.Object)'> (0x0000000713b7b3d8) 
thrown [s\open\src\hotspot\share\interpreter\linkResolver.cpp, line 774]
Event: 0.330 Thread 0x0000024afddb37b0 Exception <a 'java/lang/IncompatibleClassChangeError'{0x0000000713b7ea30}: Found class java.lang.Object, but interface was expected> (0x0000000713b7ea30) 
thrown [s\open\src\hotspot\share\interpreter\linkResolver.cpp, line 841]
Event: 0.333 Thread 0x0000024afddb37b0 Exception <a 'java/lang/NoSuchMethodError'{0x0000000713b98cd0}: 'void java.lang.invoke.DirectMethodHandle$Holder.invokeStatic(java.lang.Object, java.lang.Object, java.lang.Object, java.lang.Object)'> (0x0000000713b98cd0) 
thrown [s\open\src\hotspot\share\interpreter\linkResolver.cpp, line 774]
Event: 0.340 Thread 0x0000024afddb37b0 Exception <a 'java/lang/NoSuchMethodError'{0x0000000713bf9de0}: 'int java.lang.invoke.DirectMethodHandle$Holder.invokeStatic(java.lang.Object, java.lang.Object, java.lang.Object, java.lang.Object)'> (0x0000000713bf9de0) 
thrown [s\open\src\hotspot\share\interpreter\linkResolver.cpp, line 774]
Event: 0.340 Thread 0x0000024afddb37b0 Exception <a 'java/lang/NoSuchMethodError'{0x0000000713bfd4a0}: 'java.lang.Object java.lang.invoke.Invokers$Holder.invokeExact_MT(java.lang.Object, java.lang.Object, java.lang.Object, java.lang.Object, java.lang.Object, java.lang.Object)'> (0x0000000713bfd4a0) 
thrown [s\open\src\hotspot\share\interpreter\linkResolver.cpp, line 774]
Event: 0.341 Thread 0x0000024afddb37b0 Exception <a 'java/lang/NoSuchMethodError'{0x000000071380aff0}: 'int java.lang.invoke.DirectMethodHandle$Holder.invokeStatic(java.lang.Object, java.lang.Object, java.lang.Object, java.lang.Object, java.lang.Object)'> (0x000000071380aff0) 
thrown [s\open\src\hotspot\share\interpreter\linkResolver.cpp, line 774]
Event: 0.349 Thread 0x0000024afddb37b0 Exception <a 'java/lang/NoSuchMethodError'{0x0000000713851358}: 'void java.lang.invoke.DirectMethodHandle$Holder.invokeStaticInit(java.lang.Object)'> (0x0000000713851358) 
thrown [s\open\src\hotspot\share\interpreter\linkResolver.cpp, line 774]
Event: 0.360 Thread 0x0000024afddb37b0 Exception <a 'java/lang/NoSuchMethodError'{0x00000007138ea608}: 'void java.lang.invoke.DirectMethodHandle$Holder.invokeStaticInit(java.lang.Object, java.lang.Object, java.lang.Object, java.lang.Object)'> (0x00000007138ea608) 
thrown [s\open\src\hotspot\share\interpreter\linkResolver.cpp, line 774]
Event: 0.367 Thread 0x0000024afddb37b0 Exception <a 'java/lang/NoSuchMethodError'{0x0000000713944070}: 'int java.lang.invoke.DirectMethodHandle$Holder.invokeStaticInit(java.lang.Object, java.lang.Object)'> (0x0000000713944070) 
thrown [s\open\src\hotspot\share\interpreter\linkResolver.cpp, line 774]
Event: 0.394 Thread 0x0000024afddb37b0 Exception <a 'java/lang/NoSuchMethodError'{0x000000071368d7e8}: 'java.lang.Object java.lang.invoke.DirectMethodHandle$Holder.newInvokeSpecial(java.lang.Object, java.lang.Object, java.lang.Object, java.lang.Object, java.lang.Object, java.lang.Object, java.lang.Object)'> (0x000000071368d7e8) 
thrown [s\open\src\hotspot\share\interpreter\linkResolver.cpp, line 774]
Event: 0.396 Thread 0x0000024afddb37b0 Exception <a 'java/lang/NoSuchMethodError'{0x000000071369c9e8}: 'java.lang.Object java.lang.invoke.DirectMethodHandle$Holder.invokeInterface(java.lang.Object, java.lang.Object, java.lang.Object, java.lang.Object, java.lang.Object)'> (0x000000071369c9e8) 
thrown [s\open\src\hotspot\share\interpreter\linkResolver.cpp, line 774]
Event: 0.396 Thread 0x0000024afddb37b0 Exception <a 'java/lang/IncompatibleClassChangeError'{0x00000007136a0520}: Found class java.lang.Object, but interface was expected> (0x00000007136a0520) 
thrown [s\open\src\hotspot\share\interpreter\linkResolver.cpp, line 841]
Event: 0.401 Thread 0x0000024afddb37b0 Exception <a 'java/lang/NoSuchMethodError'{0x00000007136ddee0}: 'int java.lang.invoke.DirectMethodHandle$Holder.invokeInterface(java.lang.Object, java.lang.Object)'> (0x00000007136ddee0) 
thrown [s\open\src\hotspot\share\interpreter\linkResolver.cpp, line 774]
Event: 0.406 Thread 0x0000024afddb37b0 Exception <a 'java/lang/IncompatibleClassChangeError'{0x00000007136fdaa0}: Found class java.lang.Object, but interface was expected> (0x00000007136fdaa0) 
thrown [s\open\src\hotspot\share\interpreter\linkResolver.cpp, line 841]
Event: 0.439 Thread 0x0000024afddb37b0 Exception <a 'java/lang/NoSuchMethodError'{0x000000071373d1d8}: 'void java.lang.invoke.DirectMethodHandle$Holder.invokeVirtual(java.lang.Object, java.lang.Object)'> (0x000000071373d1d8) 
thrown [s\open\src\hotspot\share\interpreter\linkResolver.cpp, line 774]
Event: 0.482 Thread 0x0000024afddb37b0 Exception <a 'java/lang/NoSuchMethodError'{0x0000000713462758}: 'void java.lang.invoke.DirectMethodHandle$Holder.invokeSpecial(java.lang.Object, java.lang.Object, int)'> (0x0000000713462758) 
thrown [s\open\src\hotspot\share\interpreter\linkResolver.cpp, line 774]
Event: 1.443 Thread 0x0000024afddb37b0 Implicit null exception at 0x0000024a8fdaacc8 to 0x0000024a8fdab6c0
Event: 1.470 Thread 0x0000024afddb37b0 Implicit null exception at 0x0000024a8fdb22a3 to 0x0000024a8fdb2f89
Event: 1.846 Thread 0x0000024afddb37b0 Exception <a 'java/lang/NoSuchMethodError'{0x000000071c681c50}: 'int java.lang.invoke.DirectMethodHandle$Holder.invokeVirtual(java.lang.Object, java.lang.Object, java.lang.Object)'> (0x000000071c681c50) 
thrown [s\open\src\hotspot\share\interpreter\linkResolver.cpp, line 774]

ZGC Phase Switch (0 events):
No events

VM Operations (20 events):
Event: 0.595 Executing VM operation: G1CollectForAllocation (G1 Evacuation Pause) done
Event: 1.080 Executing VM operation: G1CollectForAllocation (G1 Evacuation Pause)
Event: 1.111 Executing VM operation: G1CollectForAllocation (G1 Evacuation Pause) done
Event: 1.251 Executing VM operation: G1CollectForAllocation (G1 Evacuation Pause)
Event: 1.267 Executing VM operation: G1CollectForAllocation (G1 Evacuation Pause) done
Event: 1.492 Executing VM operation: HandshakeAllThreads (Deoptimize)
Event: 1.492 Executing VM operation: HandshakeAllThreads (Deoptimize) done
Event: 1.492 Executing VM operation: HandshakeAllThreads (Deoptimize)
Event: 1.492 Executing VM operation: HandshakeAllThreads (Deoptimize) done
Event: 1.509 Executing VM operation: G1CollectForAllocation (G1 Evacuation Pause)
Event: 1.518 Executing VM operation: G1CollectForAllocation (G1 Evacuation Pause) done
Event: 1.660 Executing VM operation: G1CollectForAllocation (G1 Evacuation Pause)
Event: 1.694 Executing VM operation: G1CollectForAllocation (G1 Evacuation Pause) done
Event: 1.773 Executing VM operation: G1CollectForAllocation (G1 Evacuation Pause)
Event: 1.797 Executing VM operation: G1CollectForAllocation (G1 Evacuation Pause) done
Event: 1.866 Executing VM operation: G1CollectForAllocation (G1 Evacuation Pause)
Event: 1.888 Executing VM operation: G1CollectForAllocation (G1 Evacuation Pause) done
Event: 3.300 Executing VM operation: G1CollectForAllocation (G1 Evacuation Pause)
Event: 3.356 Executing VM operation: G1CollectForAllocation (G1 Evacuation Pause) done
Event: 3.363 Executing VM operation: G1TryInitiateConcMark (G1 Humongous Allocation)

Events (20 events):
Event: 0.020 Thread 0x0000024afddb37b0 Thread added: 0x0000024afddb37b0
Event: 0.034 Thread 0x0000024affbb1a30 Thread added: 0x0000024affbb1a30
Event: 0.034 Thread 0x0000024affbb2750 Thread added: 0x0000024affbb2750
Event: 0.034 Thread 0x0000024affbb4320 Thread added: 0x0000024affbb4320
Event: 0.034 Thread 0x0000024affbb4d80 Thread added: 0x0000024affbb4d80
Event: 0.034 Thread 0x0000024affbb8220 Thread added: 0x0000024affbb8220
Event: 0.034 Thread 0x0000024affbc10a0 Thread added: 0x0000024affbc10a0
Event: 0.034 Thread 0x0000024affbc20b0 Thread added: 0x0000024affbc20b0
Event: 0.035 Thread 0x0000024affbc6670 Thread added: 0x0000024affbc6670
Event: 0.053 Thread 0x0000024a9d3859c0 Thread added: 0x0000024a9d3859c0
Event: 0.055 Thread 0x0000024a9d38d640 Thread added: 0x0000024a9d38d640
Event: 0.137 Thread 0x0000024a9d4c7330 Thread added: 0x0000024a9d4c7330
Event: 0.491 Thread 0x0000024a9dbcded0 Thread added: 0x0000024a9dbcded0
Event: 0.491 Thread 0x0000024a9dc15c90 Thread added: 0x0000024a9dc15c90
Event: 1.361 Thread 0x0000024a9dc15c90 Thread exited: 0x0000024a9dc15c90
Event: 1.361 Thread 0x0000024a9dbcded0 Thread exited: 0x0000024a9dbcded0
Event: 1.367 Thread 0x0000024a9dcaeb60 Thread added: 0x0000024a9dcaeb60
Event: 1.367 Thread 0x0000024a9dcaf220 Thread added: 0x0000024a9dcaf220
Event: 1.846 Thread 0x0000024a9dcaf220 Thread exited: 0x0000024a9dcaf220
Event: 1.846 Thread 0x0000024a9dcaeb60 Thread exited: 0x0000024a9dcaeb60


Dynamic libraries:
0x00007ff66f190000 - 0x00007ff66f1a0000 	C:\Program Files\Java\jdk-22\bin\java.exe
0x00007ffd60fb0000 - 0x00007ffd611a8000 	C:\Windows\SYSTEM32\ntdll.dll
0x00007ffd5fe50000 - 0x00007ffd5ff11000 	C:\Windows\System32\KERNEL32.DLL
0x00007ffd5ebd0000 - 0x00007ffd5eecd000 	C:\Windows\System32\KERNELBASE.dll
0x00007ffd5ead0000 - 0x00007ffd5ebd0000 	C:\Windows\System32\ucrtbase.dll
0x00007ffd55e70000 - 0x00007ffd55e87000 	C:\Program Files\Java\jdk-22\bin\jli.dll
0x00007ffd5fc20000 - 0x00007ffd5fcd0000 	C:\Windows\System32\ADVAPI32.dll
0x00007ffd40160000 - 0x00007ffd4017b000 	C:\Program Files\Java\jdk-22\bin\VCRUNTIME140.dll
0x00007ffd5f680000 - 0x00007ffd5f71e000 	C:\Windows\System32\msvcrt.dll
0x00007ffd60860000 - 0x00007ffd60900000 	C:\Windows\System32\sechost.dll
0x00007ffd5f920000 - 0x00007ffd5fa43000 	C:\Windows\System32\RPCRT4.dll
0x00007ffd5e8d0000 - 0x00007ffd5e8f7000 	C:\Windows\System32\bcrypt.dll
0x00007ffd606c0000 - 0x00007ffd6085d000 	C:\Windows\System32\USER32.dll
0x00007ffd5ef20000 - 0x00007ffd5ef42000 	C:\Windows\System32\win32u.dll
0x00007ffd45af0000 - 0x00007ffd45d8a000 	C:\Windows\WinSxS\amd64_microsoft.windows.common-controls_6595b64144ccf1df_6.0.19041.4355_none_60b8b9eb71f62e16\COMCTL32.dll
0x00007ffd60690000 - 0x00007ffd606bb000 	C:\Windows\System32\GDI32.dll
0x00007ffd5e660000 - 0x00007ffd5e777000 	C:\Windows\System32\gdi32full.dll
0x00007ffd5e780000 - 0x00007ffd5e81d000 	C:\Windows\System32\msvcp_win.dll
0x00007ffd547d0000 - 0x00007ffd547da000 	C:\Windows\SYSTEM32\VERSION.dll
0x00007ffd609b0000 - 0x00007ffd609df000 	C:\Windows\System32\IMM32.DLL
0x00007ffd44af0000 - 0x00007ffd44afc000 	C:\Program Files\Java\jdk-22\bin\vcruntime140_1.dll
0x00007ffd2f030000 - 0x00007ffd2f0be000 	C:\Program Files\Java\jdk-22\bin\msvcp140.dll
0x00007ffd10ee0000 - 0x00007ffd11c27000 	C:\Program Files\Java\jdk-22\bin\server\jvm.dll
0x00007ffd5f850000 - 0x00007ffd5f8bb000 	C:\Windows\System32\WS2_32.dll
0x00007ffd5dbf0000 - 0x00007ffd5dc3b000 	C:\Windows\SYSTEM32\POWRPROF.dll
0x00007ffd4e320000 - 0x00007ffd4e347000 	C:\Windows\SYSTEM32\WINMM.dll
0x00007ffd5da60000 - 0x00007ffd5da72000 	C:\Windows\SYSTEM32\UMPDC.dll
0x00007ffd5ceb0000 - 0x00007ffd5cec2000 	C:\Windows\SYSTEM32\kernel.appcore.dll
0x00007ffd448d0000 - 0x00007ffd448da000 	C:\Program Files\Java\jdk-22\bin\jimage.dll
0x00007ffd5c400000 - 0x00007ffd5c5e4000 	C:\Windows\SYSTEM32\DBGHELP.DLL
0x00007ffd53c60000 - 0x00007ffd53c94000 	C:\Windows\SYSTEM32\dbgcore.DLL
0x00007ffd5ef50000 - 0x00007ffd5efd2000 	C:\Windows\System32\bcryptPrimitives.dll
0x00007ffd40140000 - 0x00007ffd4015e000 	C:\Program Files\Java\jdk-22\bin\java.dll
0x00007ffd5ff20000 - 0x00007ffd6068f000 	C:\Windows\System32\SHELL32.dll
0x00007ffd5f720000 - 0x00007ffd5f84b000 	C:\Windows\System32\ole32.dll
0x00007ffd5f0f0000 - 0x00007ffd5f443000 	C:\Windows\System32\combase.dll
0x00007ffd5c6c0000 - 0x00007ffd5ce63000 	C:\Windows\SYSTEM32\windows.storage.dll
0x00007ffd5e090000 - 0x00007ffd5e0be000 	C:\Windows\SYSTEM32\Wldp.dll
0x00007ffd5f4b0000 - 0x00007ffd5f57d000 	C:\Windows\System32\OLEAUT32.dll
0x00007ffd60900000 - 0x00007ffd609ad000 	C:\Windows\System32\SHCORE.dll
0x00007ffd5f450000 - 0x00007ffd5f4a5000 	C:\Windows\System32\shlwapi.dll
0x00007ffd5e590000 - 0x00007ffd5e5b4000 	C:\Windows\SYSTEM32\profapi.dll
0x00007ffd215d0000 - 0x00007ffd216a7000 	C:\Program Files\Java\jdk-22\bin\jsvml.dll
0x00007ffd41b60000 - 0x00007ffd41b70000 	C:\Program Files\Java\jdk-22\bin\net.dll
0x00007ffd5ddf0000 - 0x00007ffd5de5a000 	C:\Windows\system32\mswsock.dll
0x00007ffd40120000 - 0x00007ffd40136000 	C:\Program Files\Java\jdk-22\bin\nio.dll
0x00007ffd400b0000 - 0x00007ffd400c7000 	C:\Program Files\Java\jdk-22\bin\zip.dll
0x00007ffd5da80000 - 0x00007ffd5dabb000 	C:\Windows\SYSTEM32\IPHLPAPI.DLL
0x00007ffd5fe40000 - 0x00007ffd5fe48000 	C:\Windows\System32\NSI.dll
0x00007ffd41310000 - 0x00007ffd41319000 	C:\Program Files\Java\jdk-22\bin\extnet.dll

dbghelp: loaded successfully - version: 4.0.5 - missing functions: none
symbol engine: initialized successfully - sym options: 0x614 - pdb path: .;C:\Program Files\Java\jdk-22\bin;C:\Windows\SYSTEM32;C:\Windows\WinSxS\amd64_microsoft.windows.common-controls_6595b64144ccf1df_6.0.19041.4355_none_60b8b9eb71f62e16;C:\Program Files\Java\jdk-22\bin\server

VM Arguments:
jvm_args: -ea -XX:+ShowCodeDetailsInExceptionMessages -Dfile.encoding=UTF-8 
java_command: org.eclipse.jdt.internal.junit.runner.RemoteTestRunner -version 3 -port 53610 -testLoaderClass org.eclipse.jdt.internal.junit5.runner.JUnit5TestLoader -loaderpluginname org.eclipse.jdt.junit5.runtime -testNameFile D:\avbc\TMP\testNames18346780463047312141.txt
java_class_path (initial): d:\avbc\Documents\TelRun\util\util\collections-framework\target\test-classes;d:\avbc\Documents\TelRun\util\util\collections-framework\target\classes;c:\Users\1\.m2\repository\org\junit\jupiter\junit-jupiter-api\5.10.3\junit-jupiter-api-5.10.3.jar;c:\Users\1\.m2\repository\org\opentest4j\opentest4j\1.3.0\opentest4j-1.3.0.jar;c:\Users\1\.m2\repository\org\junit\platform\junit-platform-commons\1.10.3\junit-platform-commons-1.10.3.jar;c:\Users\1\.m2\repository\org\apiguardian\apiguardian-api\1.1.2\apiguardian-api-1.1.2.jar;c:\Users\1\.m2\repository\org\junit\platform\junit-platform-launcher\1.10.3\junit-platform-launcher-1.10.3.jar;c:\Users\1\.m2\repository\org\junit\platform\junit-platform-engine\1.10.3\junit-platform-engine-1.10.3.jar;c:\Users\1\.m2\repository\org\junit\jupiter\junit-jupiter-engine\5.10.3\junit-jupiter-engine-5.10.3.jar;c:\Users\1\AppData\Roaming\Code\User\globalStorage\redhat.java\1.34.0\config_win\org.eclipse.osgi\112\0\.cp;c:\Users\1\AppData\Roaming\Code\User\globalStorage\redhat.java\1.34.0\config_win\org.eclipse.osgi\53\0\.cp
Launcher Type: SUN_STANDARD

[Global flags]
     intx CICompilerCount                          = 4                                         {product} {ergonomic}
     uint ConcGCThreads                            = 2                                         {product} {ergonomic}
     uint G1ConcRefinementThreads                  = 8                                         {product} {ergonomic}
   size_t G1HeapRegionSize                         = 2097152                                   {product} {ergonomic}
   size_t InitialHeapSize                          = 264241152                                 {product} {ergonomic}
   size_t MarkStackSize                            = 4194304                                   {product} {ergonomic}
   size_t MaxHeapSize                              = 4217372672                                {product} {ergonomic}
   size_t MaxNewSize                               = 2529165312                                {product} {ergonomic}
   size_t MinHeapDeltaBytes                        = 2097152                                   {product} {ergonomic}
   size_t MinHeapSize                              = 8388608                                   {product} {ergonomic}
    uintx NonNMethodCodeHeapSize                   = 5839372                                {pd product} {ergonomic}
    uintx NonProfiledCodeHeapSize                  = 122909434                              {pd product} {ergonomic}
    uintx ProfiledCodeHeapSize                     = 122909434                              {pd product} {ergonomic}
    uintx ReservedCodeCacheSize                    = 251658240                              {pd product} {ergonomic}
     bool SegmentedCodeCache                       = true                                      {product} {ergonomic}
     bool ShowCodeDetailsInExceptionMessages       = true                                   {manageable} {command line}
   size_t SoftMaxHeapSize                          = 4217372672                             {manageable} {ergonomic}
     bool UseCompressedOops                        = true                           {product lp64_product} {ergonomic}
     bool UseG1GC                                  = true                                      {product} {ergonomic}
     bool UseLargePagesIndividualAllocation        = false                                  {pd product} {ergonomic}

Logging:
Log output configuration:
 #0: stdout all=warning uptime,level,tags foldmultilines=false
 #1: stderr all=off uptime,level,tags foldmultilines=false

Environment Variables:
PATH=C:\Program Files\Common Files\Oracle\Java\javapath;C:\Windows\system32;C:\Windows;C:\Windows\System32\Wbem;C:\Windows\System32\WindowsPowerShell\v1.0\;C:\Windows\System32\OpenSSH\;C:\Program Files\WIDCOMM\Bluetooth Software\;C:\Program Files\WIDCOMM\Bluetooth Software\syswow64;C:\Program Files\WireGuard\;%JAVA_HOME%\bin;D:\SOFT\apache-maven-3.9.8-bin\apache-maven-3.9.8\bin;C:\Program Files\Git\bin;C:\Program Files\Microsoft VS Code\bin;C:\Users\1\AppData\Local\Microsoft\WindowsApps
USERNAME=1
OS=Windows_NT
PROCESSOR_IDENTIFIER=Intel64 Family 6 Model 140 Stepping 1, GenuineIntel
TMP=D:\avbc\TMP
TEMP=D:\avbc\TMP




Periodic native trim disabled

---------------  S Y S T E M  ---------------

OS:
 Windows 10 , 64 bit Build 19041 (10.0.19041.4842)
OS uptime: 6 days 21:25 hours

CPU: total 8 (initial active 8) (4 cores per cpu, 2 threads per core) family 6 model 140 stepping 1 microcode 0xae, cx8, cmov, fxsr, ht, mmx, 3dnowpref, sse, sse2, sse3, ssse3, sse4.1, sse4.2, popcnt, lzcnt, tsc, tscinvbit, avx, avx2, aes, erms, clmul, bmi1, bmi2, adx, avx512f, avx512dq, avx512cd, avx512bw, avx512vl, sha, fma, vzeroupper, avx512_vpopcntdq, avx512_vpclmulqdq, avx512_vaes, avx512_vnni, clflush, clflushopt, clwb, avx512_vbmi2, avx512_vbmi, rdtscp, rdpid, fsrm, gfni, avx512_bitalg, f16c, pku, cet_ibt, cet_ss, avx512_ifma
Processor Information for all 8 processors :
  Max Mhz: 2419, Current Mhz: 2419, Mhz Limit: 2419

Memory: 4k page, system-wide physical 16080M (2507M free)
TotalPageFile size 16080M (AvailPageFile size 142M)
current process WorkingSet (physical memory assigned to process): 333M, peak: 333M
current process commit charge ("private bytes"): 497M, peak: 1005M

vm_info: Java HotSpot(TM) 64-Bit Server VM (22.0.1+8-16) for windows-amd64 JRE (22.0.1+8-16), built on 2024-03-12T10:33:16Z by "mach5one" with MS VC++ 17.6 (VS2022)

END.
