#
# There is insufficient memory for the Java Runtime Environment to continue.
# Native memory allocation (mmap) failed to map 6422528 bytes. Error detail: G1 virtual space
# Possible reasons:
#   The system is out of physical RAM or swap space
#   This process is running with CompressedOops enabled, and the Java Heap may be blocking the growth of the native heap
# Possible solutions:
#   Reduce memory load on the system
#   Increase physical memory or swap space
#   Check if swap backing store is full
#   Decrease Java heap size (-Xmx/-Xms)
#   Decrease number of Java threads
#   Decrease Java thread stack sizes (-Xss)
#   Set larger code cache with -XX:ReservedCodeCacheSize=
#   JVM is running with Zero Based Compressed Oops mode in which the Java heap is
#     placed in the first 32GB address space. The Java Heap base address is the
#     maximum limit for the native heap growth. Please use -XX:HeapBaseMinAddress
#     to set the Java Heap base and to place the Java Heap above 32GB virtual address.
# This output file may be truncated or incomplete.
#
#  Out of Memory Error (os_windows.cpp:3631), pid=331240, tid=289572
#
# JRE version: Java(TM) SE Runtime Environment (22.0.1+8) (build 22.0.1+8-16)
# Java VM: Java HotSpot(TM) 64-Bit Server VM (22.0.1+8-16, mixed mode, sharing, tiered, compressed oops, compressed class ptrs, g1 gc, windows-amd64)
# No core dump will be written. Minidumps are not enabled by default on client versions of Windows
#

---------------  S U M M A R Y ------------

Command Line: -ea -XX:+ShowCodeDetailsInExceptionMessages -Dfile.encoding=UTF-8 org.eclipse.jdt.internal.junit.runner.RemoteTestRunner -version 3 -port 54120 -testLoaderClass org.eclipse.jdt.internal.junit5.runner.JUnit5TestLoader -loaderpluginname org.eclipse.jdt.junit5.runtime -testNameFile D:\avbc\TMP\testNames12435427632069910558.txt

Host: 11th Gen Intel(R) Core(TM) i5-1135G7 @ 2.40GHz, 8 cores, 15G,  Windows 10 , 64 bit Build 19041 (10.0.19041.4842)
Time: Thu Sep 19 11:51:47 2024 RTZ 2 (s 10 , 64 bit Build 19041 (10.0.19041.4842) elapsed time: 0.891550 seconds (0d 0h 0m 0s)

---------------  T H R E A D  ---------------

Current thread (0x000002acc1d95e30):  VMThread "VM Thread"          [id=289572, stack(0x000000b09e400000,0x000000b09e500000) (1024K)]

Stack: [0x000000b09e400000,0x000000b09e500000]
Native frames: (J=compiled Java code, j=interpreted, Vv=VM code, C=native code)
V  [jvm.dll+0x6e2279]  (no source info available)
V  [jvm.dll+0x874e33]  (no source info available)
V  [jvm.dll+0x87725e]  (no source info available)
V  [jvm.dll+0x877933]  (no source info available)
V  [jvm.dll+0x27fd76]  (no source info available)
V  [jvm.dll+0x6de915]  (no source info available)
V  [jvm.dll+0x6d341a]  (no source info available)
V  [jvm.dll+0x3589da]  (no source info available)
V  [jvm.dll+0x360f06]  (no source info available)
V  [jvm.dll+0x3b3e43]  (no source info available)
V  [jvm.dll+0x3b40d8]  (no source info available)
V  [jvm.dll+0x32c59c]  (no source info available)
V  [jvm.dll+0x32c627]  (no source info available)
V  [jvm.dll+0x37229c]  (no source info available)
V  [jvm.dll+0x370996]  (no source info available)
V  [jvm.dll+0x32bc87]  (no source info available)
V  [jvm.dll+0x370154]  (no source info available)
V  [jvm.dll+0x87d7d0]  (no source info available)
V  [jvm.dll+0x87eb57]  (no source info available)
V  [jvm.dll+0x87f0d0]  (no source info available)
V  [jvm.dll+0x87f373]  (no source info available)
V  [jvm.dll+0x81d44b]  (no source info available)
V  [jvm.dll+0x6e0915]  (no source info available)
C  [ucrtbase.dll+0x21bb2]  (no source info available)
C  [KERNEL32.DLL+0x17374]  (no source info available)
C  [ntdll.dll+0x4cc91]  (no source info available)

VM_Operation (0x000000b09ddfcc70): G1CollectForAllocation, mode: safepoint, requested by thread 0x000002aca0d757a0


---------------  P R O C E S S  ---------------

Threads class SMR info:
_java_thread_list=0x000002ad079f3c40, length=13, elements={
0x000002aca0d757a0, 0x000002acc1dafd90, 0x000002acc1db0cb0, 0x000002acc1db6a90,
0x000002acc1db9a00, 0x000002acc1dba460, 0x000002acc1dbaec0, 0x000002acc1dbdeb0,
0x000002acc1dc8980, 0x000002ad07130af0, 0x000002ad0713ac10, 0x000002ad07249710,
0x000002ad079f3d30
}

Java Threads: ( => current thread )
  0x000002aca0d757a0 JavaThread "main"                              [_thread_blocked, id=373924, stack(0x000000b09dd00000,0x000000b09de00000) (1024K)]
  0x000002acc1dafd90 JavaThread "Reference Handler"          daemon [_thread_blocked, id=377028, stack(0x000000b09e500000,0x000000b09e600000) (1024K)]
  0x000002acc1db0cb0 JavaThread "Finalizer"                  daemon [_thread_blocked, id=360076, stack(0x000000b09e600000,0x000000b09e700000) (1024K)]
  0x000002acc1db6a90 JavaThread "Signal Dispatcher"          daemon [_thread_blocked, id=376696, stack(0x000000b09e700000,0x000000b09e800000) (1024K)]
  0x000002acc1db9a00 JavaThread "Attach Listener"            daemon [_thread_blocked, id=375468, stack(0x000000b09e800000,0x000000b09e900000) (1024K)]
  0x000002acc1dba460 JavaThread "Service Thread"             daemon [_thread_blocked, id=309956, stack(0x000000b09e900000,0x000000b09ea00000) (1024K)]
  0x000002acc1dbaec0 JavaThread "Monitor Deflation Thread"   daemon [_thread_blocked, id=375604, stack(0x000000b09ea00000,0x000000b09eb00000) (1024K)]
  0x000002acc1dbdeb0 JavaThread "C2 CompilerThread0"         daemon [_thread_blocked, id=378308, stack(0x000000b09eb00000,0x000000b09ec00000) (1024K)]
  0x000002acc1dc8980 JavaThread "C1 CompilerThread0"         daemon [_thread_blocked, id=27392, stack(0x000000b09ec00000,0x000000b09ed00000) (1024K)]
  0x000002ad07130af0 JavaThread "Notification Thread"        daemon [_thread_blocked, id=372488, stack(0x000000b09ed00000,0x000000b09ee00000) (1024K)]
  0x000002ad0713ac10 JavaThread "Common-Cleaner"             daemon [_thread_blocked, id=312260, stack(0x000000b09ee00000,0x000000b09ef00000) (1024K)]
  0x000002ad07249710 JavaThread "ReaderThread"                      [_thread_in_native, id=373816, stack(0x000000b09ef00000,0x000000b09f000000) (1024K)]
  0x000002ad079f3d30 JavaThread "C2 CompilerThread1"         daemon [_thread_blocked, id=362656, stack(0x000000b09f000000,0x000000b09f100000) (1024K)]
Total: 13

Other Threads:
=>0x000002acc1d95e30 VMThread "VM Thread"                           [id=289572, stack(0x000000b09e400000,0x000000b09e500000) (1024K)]
  0x000002acc1d7d5a0 WatcherThread "VM Periodic Task Thread"        [id=375220, stack(0x000000b09e300000,0x000000b09e400000) (1024K)]
  0x000002aca0efb870 WorkerThread "GC Thread#0"                     [id=375108, stack(0x000000b09de00000,0x000000b09df00000) (1024K)]
  0x000002ad07a24730 WorkerThread "GC Thread#1"                     [id=378820, stack(0x000000b09f200000,0x000000b09f300000) (1024K)]
  0x000002ad07a24ef0 WorkerThread "GC Thread#2"                     [id=373736, stack(0x000000b09f300000,0x000000b09f400000) (1024K)]
  0x000002ad07986d70 WorkerThread "GC Thread#3"                     [id=375308, stack(0x000000b09f400000,0x000000b09f500000) (1024K)]
  0x000002ad07987530 WorkerThread "GC Thread#4"                     [id=377480, stack(0x000000b09f500000,0x000000b09f600000) (1024K)]
  0x000002ad079898f0 WorkerThread "GC Thread#5"                     [id=377332, stack(0x000000b09f600000,0x000000b09f700000) (1024K)]
  0x000002aca0f0c2c0 ConcurrentGCThread "G1 Main Marker"            [id=378488, stack(0x000000b09df00000,0x000000b09e000000) (1024K)]
  0x000002aca0f0cce0 WorkerThread "G1 Conc#0"                       [id=276884, stack(0x000000b09e000000,0x000000b09e100000) (1024K)]
  0x000002acc1c52110 ConcurrentGCThread "G1 Refine#0"               [id=328420, stack(0x000000b09e100000,0x000000b09e200000) (1024K)]
  0x000002acc1c52aa0 ConcurrentGCThread "G1 Service"                [id=372476, stack(0x000000b09e200000,0x000000b09e300000) (1024K)]
Total: 12

Threads with active compile tasks:
C2 CompilerThread0  921 1242 %     4       java.util.Spliterators$ArraySpliterator::forEachRemaining @ 49 (68 bytes)
Total: 1

VM state: at safepoint (normal execution)

VM Mutex/Monitor currently owned by a thread:  ([mutex/lock_event])
[0x00007ffd11b4bbb8] Threads_lock - owner thread: 0x000002acc1d95e30
[0x00007ffd11b4bcb8] Heap_lock - owner thread: 0x000002aca0d757a0

Heap address: 0x0000000704a00000, size: 4022 MB, Compressed Oops mode: Zero based, Oop shift amount: 3

CDS archive(s) mapped at: [0x000002acc2000000-0x000002acc2c60000-0x000002acc2c60000), size 12976128, SharedBaseAddress: 0x000002acc2000000, ArchiveRelocationMode: 1.
Compressed class space mapped at: 0x000002acc3000000-0x000002ad03000000, reserved size: 1073741824
Narrow klass base: 0x000002acc2000000, Narrow klass shift: 0, Narrow klass range: 0x41000000

GC Precious Log:
 CardTable entry size: 512
 Card Set container configuration: InlinePtr #cards 4 size 8 Array Of Cards #cards 16 size 48 Howl #buckets 8 coarsen threshold 3686 Howl Bitmap #cards 512 size 80 coarsen threshold 460 Card regions per heap region 1 cards per card region 4096
 CPUs: 8 total, 8 available
 Memory: 16080M
 Large Page Support: Disabled
 NUMA Support: Disabled
 Compressed Oops: Enabled (Zero based)
 Heap Region Size: 2M
 Heap Min Capacity: 8M
 Heap Initial Capacity: 252M
 Heap Max Capacity: 4022M
 Pre-touch: Disabled
 Parallel Workers: 8
 Concurrent Workers: 2
 Concurrent Refinement Workers: 8
 Periodic GC: Disabled

Heap:
 garbage-first heap   total reserved 4118528K, committed 258048K, used 113050K [0x0000000704a00000, 0x0000000800000000)
  region size 2048K, 1 young (2048K), 1 survivors (2048K)
 Metaspace       used 4895K, committed 5120K, reserved 1114112K
  class space    used 656K, committed 768K, reserved 1048576K

Heap Regions: E=young(eden), S=young(survivor), O=old, HS=humongous(starts), HC=humongous(continues), CS=collection set, F=free, TAMS=top-at-mark-start, PB=parsable bottom
|   0|0x0000000704a00000, 0x0000000704c00000, 0x0000000704c00000|100%|HS|  |TAMS 0x0000000704a00000| PB 0x0000000704a00000| Complete |  0
|   1|0x0000000704c00000, 0x0000000704e00000, 0x0000000704e00000|100%| O|  |TAMS 0x0000000704c00000| PB 0x0000000704c00000| Untracked |  0
|   2|0x0000000704e00000, 0x0000000705000000, 0x0000000705000000|100%| O|  |TAMS 0x0000000704e00000| PB 0x0000000704e00000| Untracked |  0
|   3|0x0000000705000000, 0x0000000705200000, 0x0000000705200000|100%| O|  |TAMS 0x0000000705000000| PB 0x0000000705000000| Untracked |  0
|   4|0x0000000705200000, 0x0000000705400000, 0x0000000705400000|100%|HS|  |TAMS 0x0000000705200000| PB 0x0000000705200000| Complete |  0
|   5|0x0000000705400000, 0x0000000705600000, 0x0000000705600000|100%|HC|  |TAMS 0x0000000705400000| PB 0x0000000705400000| Complete |  0
|   6|0x0000000705600000, 0x0000000705800000, 0x0000000705800000|100%|HS|  |TAMS 0x0000000705600000| PB 0x0000000705600000| Complete |  0
|   7|0x0000000705800000, 0x0000000705a00000, 0x0000000705a00000|100%|HS|  |TAMS 0x0000000705800000| PB 0x0000000705800000| Complete |  0
|   8|0x0000000705a00000, 0x0000000705c00000, 0x0000000705c00000|100%|HC|  |TAMS 0x0000000705a00000| PB 0x0000000705a00000| Complete |  0
|   9|0x0000000705c00000, 0x0000000705e00000, 0x0000000705e00000|100%|HC|  |TAMS 0x0000000705c00000| PB 0x0000000705c00000| Complete |  0
|  10|0x0000000705e00000, 0x0000000706000000, 0x0000000706000000|100%| O|  |TAMS 0x0000000705e00000| PB 0x0000000705e00000| Untracked |  0
|  11|0x0000000706000000, 0x0000000706200000, 0x0000000706200000|100%| O|  |TAMS 0x0000000706000000| PB 0x0000000706000000| Untracked |  0
|  12|0x0000000706200000, 0x0000000706400000, 0x0000000706400000|100%| O|  |TAMS 0x0000000706200000| PB 0x0000000706200000| Untracked |  0
|  13|0x0000000706400000, 0x0000000706600000, 0x0000000706600000|100%| O|  |TAMS 0x0000000706400000| PB 0x0000000706400000| Untracked |  0
|  14|0x0000000706600000, 0x0000000706800000, 0x0000000706800000|100%| O|  |TAMS 0x0000000706600000| PB 0x0000000706600000| Untracked |  0
|  15|0x0000000706800000, 0x0000000706a00000, 0x0000000706a00000|100%| O|  |TAMS 0x0000000706800000| PB 0x0000000706800000| Untracked |  0
|  16|0x0000000706a00000, 0x0000000706c00000, 0x0000000706c00000|100%| O|  |TAMS 0x0000000706a00000| PB 0x0000000706a00000| Untracked |  0
|  17|0x0000000706c00000, 0x0000000706e00000, 0x0000000706e00000|100%| O|  |TAMS 0x0000000706c00000| PB 0x0000000706c00000| Untracked |  0
|  18|0x0000000706e00000, 0x0000000707000000, 0x0000000707000000|100%| O|  |TAMS 0x0000000706e00000| PB 0x0000000706e00000| Untracked |  0
|  19|0x0000000707000000, 0x0000000707200000, 0x0000000707200000|100%| O|  |TAMS 0x0000000707000000| PB 0x0000000707000000| Untracked |  0
|  20|0x0000000707200000, 0x0000000707400000, 0x0000000707400000|100%|HS|  |TAMS 0x0000000707200000| PB 0x0000000707200000| Complete |  0
|  21|0x0000000707400000, 0x0000000707600000, 0x0000000707600000|100%|HC|  |TAMS 0x0000000707400000| PB 0x0000000707400000| Complete |  0
|  22|0x0000000707600000, 0x0000000707800000, 0x0000000707800000|100%| O|  |TAMS 0x0000000707600000| PB 0x0000000707600000| Untracked |  0
|  23|0x0000000707800000, 0x0000000707a00000, 0x0000000707a00000|100%| O|  |TAMS 0x0000000707800000| PB 0x0000000707800000| Untracked |  0
|  24|0x0000000707a00000, 0x0000000707c00000, 0x0000000707c00000|100%| O|  |TAMS 0x0000000707a00000| PB 0x0000000707a00000| Untracked |  0
|  25|0x0000000707c00000, 0x0000000707e00000, 0x0000000707e00000|100%| O|  |TAMS 0x0000000707c00000| PB 0x0000000707c00000| Untracked |  0
|  26|0x0000000707e00000, 0x0000000708000000, 0x0000000708000000|100%| O|  |TAMS 0x0000000707e00000| PB 0x0000000707e00000| Untracked |  0
|  27|0x0000000708000000, 0x0000000708200000, 0x0000000708200000|100%| O|  |TAMS 0x0000000708000000| PB 0x0000000708000000| Untracked |  0
|  28|0x0000000708200000, 0x0000000708400000, 0x0000000708400000|100%| O|  |TAMS 0x0000000708200000| PB 0x0000000708200000| Untracked |  0
|  29|0x0000000708400000, 0x0000000708600000, 0x0000000708600000|100%| O|  |TAMS 0x0000000708400000| PB 0x0000000708400000| Untracked |  0
|  30|0x0000000708600000, 0x0000000708800000, 0x0000000708800000|100%| O|  |TAMS 0x0000000708600000| PB 0x0000000708600000| Untracked |  0
|  31|0x0000000708800000, 0x0000000708a00000, 0x0000000708a00000|100%| O|  |TAMS 0x0000000708800000| PB 0x0000000708800000| Untracked |  0
|  32|0x0000000708a00000, 0x0000000708c00000, 0x0000000708c00000|100%| O|  |TAMS 0x0000000708a00000| PB 0x0000000708a00000| Untracked |  0
|  33|0x0000000708c00000, 0x0000000708e00000, 0x0000000708e00000|100%|HS|  |TAMS 0x0000000708c00000| PB 0x0000000708c00000| Complete |  0
|  34|0x0000000708e00000, 0x0000000709000000, 0x0000000709000000|100%|HC|  |TAMS 0x0000000708e00000| PB 0x0000000708e00000| Complete |  0
|  35|0x0000000709000000, 0x0000000709200000, 0x0000000709200000|100%|HC|  |TAMS 0x0000000709000000| PB 0x0000000709000000| Complete |  0
|  36|0x0000000709200000, 0x0000000709400000, 0x0000000709400000|100%|HC|  |TAMS 0x0000000709200000| PB 0x0000000709200000| Complete |  0
|  37|0x0000000709400000, 0x0000000709600000, 0x0000000709600000|100%|HC|  |TAMS 0x0000000709400000| PB 0x0000000709400000| Complete |  0
|  38|0x0000000709600000, 0x0000000709800000, 0x0000000709800000|100%| O|  |TAMS 0x0000000709600000| PB 0x0000000709600000| Untracked |  0
|  39|0x0000000709800000, 0x0000000709a00000, 0x0000000709a00000|100%| O|  |TAMS 0x0000000709800000| PB 0x0000000709800000| Untracked |  0
|  40|0x0000000709a00000, 0x0000000709c00000, 0x0000000709c00000|100%| O|  |TAMS 0x0000000709a00000| PB 0x0000000709a00000| Untracked |  0
|  41|0x0000000709c00000, 0x0000000709e00000, 0x0000000709e00000|100%| O|  |TAMS 0x0000000709c00000| PB 0x0000000709c00000| Untracked |  0
|  42|0x0000000709e00000, 0x000000070a000000, 0x000000070a000000|100%| O|  |TAMS 0x0000000709e00000| PB 0x0000000709e00000| Untracked |  0
|  43|0x000000070a000000, 0x000000070a200000, 0x000000070a200000|100%| O|  |TAMS 0x000000070a000000| PB 0x000000070a000000| Untracked |  0
|  44|0x000000070a200000, 0x000000070a400000, 0x000000070a400000|100%|HS|  |TAMS 0x000000070a200000| PB 0x000000070a200000| Complete |  0
|  45|0x000000070a400000, 0x000000070a600000, 0x000000070a600000|100%|HC|  |TAMS 0x000000070a400000| PB 0x000000070a400000| Complete |  0
|  46|0x000000070a600000, 0x000000070a800000, 0x000000070a800000|100%|HC|  |TAMS 0x000000070a600000| PB 0x000000070a600000| Complete |  0
|  47|0x000000070a800000, 0x000000070aa00000, 0x000000070aa00000|100%| O|  |TAMS 0x000000070a800000| PB 0x000000070a800000| Untracked |  0
|  48|0x000000070aa00000, 0x000000070ac00000, 0x000000070ac00000|100%| O|  |TAMS 0x000000070aa00000| PB 0x000000070aa00000| Untracked |  0
|  49|0x000000070ac00000, 0x000000070ae00000, 0x000000070ae00000|100%| O|  |TAMS 0x000000070ac00000| PB 0x000000070ac00000| Untracked |  0
|  50|0x000000070ae00000, 0x000000070b000000, 0x000000070b000000|100%| O|  |TAMS 0x000000070ae00000| PB 0x000000070ae00000| Untracked |  0
|  51|0x000000070b000000, 0x000000070b200000, 0x000000070b200000|100%| O|  |TAMS 0x000000070b000000| PB 0x000000070b000000| Untracked |  0
|  52|0x000000070b200000, 0x000000070b400000, 0x000000070b400000|100%| O|  |TAMS 0x000000070b200000| PB 0x000000070b200000| Untracked |  0
|  53|0x000000070b400000, 0x000000070b600000, 0x000000070b600000|100%| O|  |TAMS 0x000000070b400000| PB 0x000000070b400000| Untracked |  0
|  54|0x000000070b600000, 0x000000070b666a30, 0x000000070b800000| 20%| O|  |TAMS 0x000000070b600000| PB 0x000000070b600000| Untracked |  0
|  55|0x000000070b800000, 0x000000070b800000, 0x000000070ba00000|  0%| F|  |TAMS 0x000000070b800000| PB 0x000000070b800000| Untracked |  0
|  56|0x000000070ba00000, 0x000000070ba00000, 0x000000070bc00000|  0%| F|  |TAMS 0x000000070ba00000| PB 0x000000070ba00000| Untracked |  0
|  57|0x000000070bc00000, 0x000000070bc00000, 0x000000070be00000|  0%| F|  |TAMS 0x000000070bc00000| PB 0x000000070bc00000| Untracked |  0
|  58|0x000000070be00000, 0x000000070be00000, 0x000000070c000000|  0%| F|  |TAMS 0x000000070be00000| PB 0x000000070be00000| Untracked |  0
|  59|0x000000070c000000, 0x000000070c000000, 0x000000070c200000|  0%| F|  |TAMS 0x000000070c000000| PB 0x000000070c000000| Untracked |  0
|  60|0x000000070c200000, 0x000000070c200000, 0x000000070c400000|  0%| F|  |TAMS 0x000000070c200000| PB 0x000000070c200000| Untracked |  0
|  61|0x000000070c400000, 0x000000070c400000, 0x000000070c600000|  0%| F|  |TAMS 0x000000070c400000| PB 0x000000070c400000| Untracked |  0
|  62|0x000000070c600000, 0x000000070c600000, 0x000000070c800000|  0%| F|  |TAMS 0x000000070c600000| PB 0x000000070c600000| Untracked |  0
|  63|0x000000070c800000, 0x000000070c800000, 0x000000070ca00000|  0%| F|  |TAMS 0x000000070c800000| PB 0x000000070c800000| Untracked |  0
|  64|0x000000070ca00000, 0x000000070ca00000, 0x000000070cc00000|  0%| F|  |TAMS 0x000000070ca00000| PB 0x000000070ca00000| Untracked |  0
|  65|0x000000070cc00000, 0x000000070cc00000, 0x000000070ce00000|  0%| F|  |TAMS 0x000000070cc00000| PB 0x000000070cc00000| Untracked |  0
|  66|0x000000070ce00000, 0x000000070ce00000, 0x000000070d000000|  0%| F|  |TAMS 0x000000070ce00000| PB 0x000000070ce00000| Untracked |  0
|  67|0x000000070d000000, 0x000000070d000000, 0x000000070d200000|  0%| F|  |TAMS 0x000000070d000000| PB 0x000000070d000000| Untracked |  0
|  68|0x000000070d200000, 0x000000070d200000, 0x000000070d400000|  0%| F|  |TAMS 0x000000070d200000| PB 0x000000070d200000| Untracked |  0
|  69|0x000000070d400000, 0x000000070d400000, 0x000000070d600000|  0%| F|  |TAMS 0x000000070d400000| PB 0x000000070d400000| Untracked |  0
|  70|0x000000070d600000, 0x000000070d600000, 0x000000070d800000|  0%| F|  |TAMS 0x000000070d600000| PB 0x000000070d600000| Untracked |  0
|  71|0x000000070d800000, 0x000000070d800000, 0x000000070da00000|  0%| F|  |TAMS 0x000000070d800000| PB 0x000000070d800000| Untracked |  0
|  72|0x000000070da00000, 0x000000070da00000, 0x000000070dc00000|  0%| F|  |TAMS 0x000000070da00000| PB 0x000000070da00000| Untracked |  0
|  73|0x000000070dc00000, 0x000000070dc00000, 0x000000070de00000|  0%| F|  |TAMS 0x000000070dc00000| PB 0x000000070dc00000| Untracked |  0
|  74|0x000000070de00000, 0x000000070de00000, 0x000000070e000000|  0%| F|  |TAMS 0x000000070de00000| PB 0x000000070de00000| Untracked |  0
|  75|0x000000070e000000, 0x000000070e000000, 0x000000070e200000|  0%| F|  |TAMS 0x000000070e000000| PB 0x000000070e000000| Untracked |  0
|  76|0x000000070e200000, 0x000000070e200000, 0x000000070e400000|  0%| F|  |TAMS 0x000000070e200000| PB 0x000000070e200000| Untracked |  0
|  77|0x000000070e400000, 0x000000070e400000, 0x000000070e600000|  0%| F|  |TAMS 0x000000070e400000| PB 0x000000070e400000| Untracked |  0
|  78|0x000000070e600000, 0x000000070e600000, 0x000000070e800000|  0%| F|  |TAMS 0x000000070e600000| PB 0x000000070e600000| Untracked |  0
|  79|0x000000070e800000, 0x000000070e800000, 0x000000070ea00000|  0%| F|  |TAMS 0x000000070e800000| PB 0x000000070e800000| Untracked |  0
|  80|0x000000070ea00000, 0x000000070ea00000, 0x000000070ec00000|  0%| F|  |TAMS 0x000000070ea00000| PB 0x000000070ea00000| Untracked |  0
|  81|0x000000070ec00000, 0x000000070ec00000, 0x000000070ee00000|  0%| F|  |TAMS 0x000000070ec00000| PB 0x000000070ec00000| Untracked |  0
|  82|0x000000070ee00000, 0x000000070ee00000, 0x000000070f000000|  0%| F|  |TAMS 0x000000070ee00000| PB 0x000000070ee00000| Untracked |  0
|  83|0x000000070f000000, 0x000000070f000000, 0x000000070f200000|  0%| F|  |TAMS 0x000000070f000000| PB 0x000000070f000000| Untracked |  0
|  84|0x000000070f200000, 0x000000070f200000, 0x000000070f400000|  0%| F|  |TAMS 0x000000070f200000| PB 0x000000070f200000| Untracked |  0
|  85|0x000000070f400000, 0x000000070f400000, 0x000000070f600000|  0%| F|  |TAMS 0x000000070f400000| PB 0x000000070f400000| Untracked |  0
|  86|0x000000070f600000, 0x000000070f600000, 0x000000070f800000|  0%| F|  |TAMS 0x000000070f600000| PB 0x000000070f600000| Untracked |  0
|  87|0x000000070f800000, 0x000000070f800000, 0x000000070fa00000|  0%| F|  |TAMS 0x000000070f800000| PB 0x000000070f800000| Untracked |  0
|  88|0x000000070fa00000, 0x000000070fa00000, 0x000000070fc00000|  0%| F|  |TAMS 0x000000070fa00000| PB 0x000000070fa00000| Untracked |  0
|  89|0x000000070fc00000, 0x000000070fc00000, 0x000000070fe00000|  0%| F|  |TAMS 0x000000070fc00000| PB 0x000000070fc00000| Untracked |  0
|  90|0x000000070fe00000, 0x000000070fe00000, 0x0000000710000000|  0%| F|  |TAMS 0x000000070fe00000| PB 0x000000070fe00000| Untracked |  0
|  91|0x0000000710000000, 0x0000000710000000, 0x0000000710200000|  0%| F|  |TAMS 0x0000000710000000| PB 0x0000000710000000| Untracked |  0
|  92|0x0000000710200000, 0x0000000710200000, 0x0000000710400000|  0%| F|  |TAMS 0x0000000710200000| PB 0x0000000710200000| Untracked |  0
|  93|0x0000000710400000, 0x0000000710400000, 0x0000000710600000|  0%| F|  |TAMS 0x0000000710400000| PB 0x0000000710400000| Untracked |  0
|  94|0x0000000710600000, 0x0000000710600000, 0x0000000710800000|  0%| F|  |TAMS 0x0000000710600000| PB 0x0000000710600000| Untracked |  0
|  95|0x0000000710800000, 0x0000000710800000, 0x0000000710a00000|  0%| F|  |TAMS 0x0000000710800000| PB 0x0000000710800000| Untracked |  0
|  96|0x0000000710a00000, 0x0000000710a00000, 0x0000000710c00000|  0%| F|  |TAMS 0x0000000710a00000| PB 0x0000000710a00000| Untracked |  0
|  97|0x0000000710c00000, 0x0000000710c00000, 0x0000000710e00000|  0%| F|  |TAMS 0x0000000710c00000| PB 0x0000000710c00000| Untracked |  0
|  98|0x0000000710e00000, 0x0000000710e00000, 0x0000000711000000|  0%| F|  |TAMS 0x0000000710e00000| PB 0x0000000710e00000| Untracked |  0
|  99|0x0000000711000000, 0x0000000711000000, 0x0000000711200000|  0%| F|  |TAMS 0x0000000711000000| PB 0x0000000711000000| Untracked |  0
| 100|0x0000000711200000, 0x0000000711200000, 0x0000000711400000|  0%| F|  |TAMS 0x0000000711200000| PB 0x0000000711200000| Untracked |  0
| 101|0x0000000711400000, 0x0000000711400000, 0x0000000711600000|  0%| F|  |TAMS 0x0000000711400000| PB 0x0000000711400000| Untracked |  0
| 102|0x0000000711600000, 0x0000000711600000, 0x0000000711800000|  0%| F|  |TAMS 0x0000000711600000| PB 0x0000000711600000| Untracked |  0
| 103|0x0000000711800000, 0x0000000711800000, 0x0000000711a00000|  0%| F|  |TAMS 0x0000000711800000| PB 0x0000000711800000| Untracked |  0
| 104|0x0000000711a00000, 0x0000000711a00000, 0x0000000711c00000|  0%| F|  |TAMS 0x0000000711a00000| PB 0x0000000711a00000| Untracked |  0
| 105|0x0000000711c00000, 0x0000000711c00000, 0x0000000711e00000|  0%| F|  |TAMS 0x0000000711c00000| PB 0x0000000711c00000| Untracked |  0
| 106|0x0000000711e00000, 0x0000000711e00000, 0x0000000712000000|  0%| F|  |TAMS 0x0000000711e00000| PB 0x0000000711e00000| Untracked |  0
| 107|0x0000000712000000, 0x0000000712000000, 0x0000000712200000|  0%| F|  |TAMS 0x0000000712000000| PB 0x0000000712000000| Untracked |  0
| 108|0x0000000712200000, 0x0000000712200000, 0x0000000712400000|  0%| F|  |TAMS 0x0000000712200000| PB 0x0000000712200000| Untracked |  0
| 109|0x0000000712400000, 0x0000000712400000, 0x0000000712600000|  0%| F|  |TAMS 0x0000000712400000| PB 0x0000000712400000| Untracked |  0
| 110|0x0000000712600000, 0x0000000712600000, 0x0000000712800000|  0%| F|  |TAMS 0x0000000712600000| PB 0x0000000712600000| Untracked |  0
| 111|0x0000000712800000, 0x0000000712800000, 0x0000000712a00000|  0%| F|  |TAMS 0x0000000712800000| PB 0x0000000712800000| Untracked |  0
| 112|0x0000000712a00000, 0x0000000712a00000, 0x0000000712c00000|  0%| F|  |TAMS 0x0000000712a00000| PB 0x0000000712a00000| Untracked |  0
| 113|0x0000000712c00000, 0x0000000712c00000, 0x0000000712e00000|  0%| F|  |TAMS 0x0000000712c00000| PB 0x0000000712c00000| Untracked |  0
| 114|0x0000000712e00000, 0x0000000712e00000, 0x0000000713000000|  0%| F|  |TAMS 0x0000000712e00000| PB 0x0000000712e00000| Untracked |  0
| 115|0x0000000713000000, 0x0000000713000000, 0x0000000713200000|  0%| F|  |TAMS 0x0000000713000000| PB 0x0000000713000000| Untracked |  0
| 116|0x0000000713200000, 0x0000000713200000, 0x0000000713400000|  0%| F|  |TAMS 0x0000000713200000| PB 0x0000000713200000| Untracked |  0
| 117|0x0000000713400000, 0x0000000713600000, 0x0000000713600000|100%| S|CS|TAMS 0x0000000713400000| PB 0x0000000713400000| Complete |  0
| 118|0x0000000713600000, 0x0000000713600000, 0x0000000713800000|  0%| F|  |TAMS 0x0000000713600000| PB 0x0000000713600000| Untracked |  0
| 119|0x0000000713800000, 0x0000000713800000, 0x0000000713a00000|  0%| F|  |TAMS 0x0000000713800000| PB 0x0000000713800000| Untracked |  0
| 120|0x0000000713a00000, 0x0000000713a00000, 0x0000000713c00000|  0%| F|  |TAMS 0x0000000713a00000| PB 0x0000000713a00000| Untracked |  0
| 121|0x0000000713c00000, 0x0000000713c00000, 0x0000000713e00000|  0%| F|  |TAMS 0x0000000713c00000| PB 0x0000000713c00000| Untracked |  0
| 122|0x0000000713e00000, 0x0000000713e00000, 0x0000000714000000|  0%| F|  |TAMS 0x0000000713e00000| PB 0x0000000713e00000| Untracked |  0
| 123|0x0000000714000000, 0x0000000714000000, 0x0000000714200000|  0%| F|  |TAMS 0x0000000714000000| PB 0x0000000714000000| Untracked |  0
| 124|0x0000000714200000, 0x0000000714200000, 0x0000000714400000|  0%| F|  |TAMS 0x0000000714200000| PB 0x0000000714200000| Untracked |  0
| 125|0x0000000714400000, 0x0000000714400000, 0x0000000714600000|  0%| F|  |TAMS 0x0000000714400000| PB 0x0000000714400000| Untracked |  0

Card table byte_map: [0x000002acbac00000,0x000002acbb3e0000] _byte_map_base: 0x000002acb73db000

Marking Bits: (CMBitMap*) 0x000002aca0efbe90
 Bits: [0x000002acbb3e0000, 0x000002acbf2b8000)

Polling page: 0x000002aca0f60000

Metaspace:

Usage:
  Non-class:      4.14 MB used.
      Class:    656.34 KB used.
       Both:      4.78 MB used.

Virtual space:
  Non-class space:       64.00 MB reserved,       4.25 MB (  7%) committed,  1 nodes.
      Class space:        1.00 GB reserved,     768.00 KB ( <1%) committed,  1 nodes.
             Both:        1.06 GB reserved,       5.00 MB ( <1%) committed. 

Chunk freelists:
   Non-Class:  10.06 MB
       Class:  15.30 MB
        Both:  25.36 MB

MaxMetaspaceSize: unlimited
CompressedClassSpaceSize: 1.00 GB
Initial GC threshold: 21.00 MB
Current GC threshold: 21.00 MB
CDS: on
 - commit_granule_bytes: 65536.
 - commit_granule_words: 8192.
 - virtual_space_node_default_size: 8388608.
 - enlarge_chunks_in_place: 1.
 - use_allocation_guard: 0.


Internal statistics:

num_allocs_failed_limit: 0.
num_arena_births: 92.
num_arena_deaths: 0.
num_vsnodes_births: 2.
num_vsnodes_deaths: 0.
num_space_committed: 80.
num_space_uncommitted: 0.
num_chunks_returned_to_freelist: 0.
num_chunks_taken_from_freelist: 251.
num_chunk_merges: 0.
num_chunk_splits: 134.
num_chunks_enlarged: 90.
num_inconsistent_stats: 0.

CodeHeap 'non-profiled nmethods': size=120000Kb used=423Kb max_used=423Kb free=119576Kb
 bounds [0x000002acb2480000, 0x000002acb26f0000, 0x000002acb99b0000]
CodeHeap 'profiled nmethods': size=120000Kb used=2212Kb max_used=2212Kb free=117788Kb
 bounds [0x000002acaa9b0000, 0x000002acaac20000, 0x000002acb1ee0000]
CodeHeap 'non-nmethods': size=5760Kb used=1480Kb max_used=1512Kb free=4279Kb
 bounds [0x000002acb1ee0000, 0x000002acb2150000, 0x000002acb2480000]
 total_blobs=1694 nmethods=1241 adapters=358
 compilation: enabled
              stopped_count=0, restarted_count=0
 full_count=0

Compilation events (20 events):
Event: 0.832 Thread 0x000002acc1dc8980 1235       3       java.util.Spliterators$ArraySpliterator::forEachRemaining (68 bytes)
Event: 0.833 Thread 0x000002acc1dbdeb0 nmethod 1232 0x000002acb24e4090 code [0x000002acb24e4220, 0x000002acb24e4308]
Event: 0.833 Thread 0x000002acc1dbdeb0 1234       4       java.util.TreeMap::put (221 bytes)
Event: 0.833 Thread 0x000002acc1dc8980 nmethod 1235 0x000002acaabd8810 code [0x000002acaabd89e0, 0x000002acaabd8e48]
Event: 0.840 Thread 0x000002acc1dbdeb0 nmethod 1234 0x000002acb24e4410 code [0x000002acb24e4620, 0x000002acb24e4de8]
Event: 0.840 Thread 0x000002acc1dbdeb0 1238       4       java.util.TreeMap::fixAfterInsertion (267 bytes)
Event: 0.841 Thread 0x000002ad079f3d30 1236       4       java.util.TreeMap::put (8 bytes)
Event: 0.844 Thread 0x000002acc1dbdeb0 nmethod 1238 0x000002acb24e5310 code [0x000002acb24e54e0, 0x000002acb24e5850]
Event: 0.844 Thread 0x000002acc1dbdeb0 1239       4       util.SortedSetTest$$Lambda/0x000002acc30b3848::accept (14 bytes)
Event: 0.850 Thread 0x000002ad079f3d30 nmethod 1236 0x000002acb24e5b10 code [0x000002acb24e5d20, 0x000002acb24e64b8]
Event: 0.850 Thread 0x000002ad079f3d30 1237       4       java.util.TreeMap::addEntry (59 bytes)
Event: 0.852 Thread 0x000002acc1dbdeb0 nmethod 1239 0x000002acb24e6a10 code [0x000002acb24e6c40, 0x000002acb24e74c0]
Event: 0.853 Thread 0x000002acc1dbdeb0 1241       4       java.util.TreeMap::rotateLeft (96 bytes)
Event: 0.856 Thread 0x000002acc1dbdeb0 nmethod 1241 0x000002acb24e7b90 code [0x000002acb24e7d40, 0x000002acb24e8488]
Event: 0.856 Thread 0x000002acc1dbdeb0 1242 %     4       java.util.Spliterators$ArraySpliterator::forEachRemaining @ 49 (68 bytes)
Event: 0.858 Thread 0x000002ad079f3d30 nmethod 1237 0x000002acb24e8590 code [0x000002acb24e8780, 0x000002acb24e8db8]
Event: 0.858 Thread 0x000002ad079f3d30 1240       4       java.util.TreeMap::rotateRight (96 bytes)
Event: 0.862 Thread 0x000002ad079f3d30 nmethod 1240 0x000002acb24e9190 code [0x000002acb24e9340, 0x000002acb24e9a88]
Event: 0.862 Thread 0x000002ad079f3d30 1233       4       java.util.Comparators$NaturalOrderComparator::compare (13 bytes)
Event: 0.863 Thread 0x000002ad079f3d30 nmethod 1233 0x000002acb24e9b90 code [0x000002acb24e9d20, 0x000002acb24e9e58]

GC Heap History (9 events):
Event: 0.529 GC heap before
{Heap before GC invocations=0 (full 0):
 garbage-first heap   total reserved 4118528K, committed 258048K, used 24576K [0x0000000704a00000, 0x0000000800000000)
  region size 2048K, 12 young (24576K), 0 survivors (0K)
 Metaspace       used 4869K, committed 5056K, reserved 1114112K
  class space    used 655K, committed 768K, reserved 1048576K
}
Event: 0.538 GC heap after
{Heap after GC invocations=1 (full 0):
 garbage-first heap   total reserved 4118528K, committed 258048K, used 11434K [0x0000000704a00000, 0x0000000800000000)
  region size 2048K, 2 young (4096K), 2 survivors (4096K)
 Metaspace       used 4869K, committed 5056K, reserved 1114112K
  class space    used 655K, committed 768K, reserved 1048576K
}
Event: 0.614 GC heap before
{Heap before GC invocations=1 (full 0):
 garbage-first heap   total reserved 4118528K, committed 258048K, used 44202K [0x0000000704a00000, 0x0000000800000000)
  region size 2048K, 12 young (24576K), 2 survivors (4096K)
 Metaspace       used 4876K, committed 5056K, reserved 1114112K
  class space    used 655K, committed 768K, reserved 1048576K
}
Event: 0.636 GC heap after
{Heap after GC invocations=2 (full 0):
 garbage-first heap   total reserved 4118528K, committed 258048K, used 44734K [0x0000000704a00000, 0x0000000800000000)
  region size 2048K, 2 young (4096K), 2 survivors (4096K)
 Metaspace       used 4876K, committed 5056K, reserved 1114112K
  class space    used 655K, committed 768K, reserved 1048576K
}
Event: 0.695 GC heap before
{Heap before GC invocations=2 (full 0):
 garbage-first heap   total reserved 4118528K, committed 258048K, used 69310K [0x0000000704a00000, 0x0000000800000000)
  region size 2048K, 12 young (24576K), 2 survivors (4096K)
 Metaspace       used 4878K, committed 5056K, reserved 1114112K
  class space    used 655K, committed 768K, reserved 1048576K
}
Event: 0.722 GC heap after
{Heap after GC invocations=3 (full 0):
 garbage-first heap   total reserved 4118528K, committed 258048K, used 71224K [0x0000000704a00000, 0x0000000800000000)
  region size 2048K, 2 young (4096K), 2 survivors (4096K)
 Metaspace       used 4878K, committed 5056K, reserved 1114112K
  class space    used 655K, committed 768K, reserved 1048576K
}
Event: 0.769 GC heap before
{Heap before GC invocations=3 (full 0):
 garbage-first heap   total reserved 4118528K, committed 258048K, used 89656K [0x0000000704a00000, 0x0000000800000000)
  region size 2048K, 6 young (12288K), 2 survivors (4096K)
 Metaspace       used 4879K, committed 5056K, reserved 1114112K
  class space    used 655K, committed 768K, reserved 1048576K
}
Event: 0.788 GC heap after
{Heap after GC invocations=4 (full 0):
 garbage-first heap   total reserved 4118528K, committed 258048K, used 91351K [0x0000000704a00000, 0x0000000800000000)
  region size 2048K, 1 young (2048K), 1 survivors (2048K)
 Metaspace       used 4879K, committed 5056K, reserved 1114112K
  class space    used 655K, committed 768K, reserved 1048576K
}
Event: 0.864 GC heap before
{Heap before GC invocations=4 (full 0):
 garbage-first heap   total reserved 4118528K, committed 258048K, used 111831K [0x0000000704a00000, 0x0000000800000000)
  region size 2048K, 8 young (16384K), 1 survivors (2048K)
 Metaspace       used 4895K, committed 5120K, reserved 1114112K
  class space    used 656K, committed 768K, reserved 1048576K
}

Dll operation events (7 events):
Event: 0.006 Loaded shared library C:\Program Files\Java\jdk-22\bin\java.dll
Event: 0.035 Loaded shared library C:\Program Files\Java\jdk-22\bin\jsvml.dll
Event: 0.053 Loaded shared library C:\Program Files\Java\jdk-22\bin\net.dll
Event: 0.055 Loaded shared library C:\Program Files\Java\jdk-22\bin\nio.dll
Event: 0.060 Loaded shared library C:\Program Files\Java\jdk-22\bin\zip.dll
Event: 0.114 Loaded shared library C:\Program Files\Java\jdk-22\bin\jimage.dll
Event: 0.135 Loaded shared library C:\Program Files\Java\jdk-22\bin\extnet.dll

Deoptimization events (20 events):
Event: 0.737 Thread 0x000002aca0d757a0 Uncommon trap: trap_request=0xffffff45 fr.pc=0x000002acb24dc698 relative=0x0000000000000a18
Event: 0.737 Thread 0x000002aca0d757a0 Uncommon trap: reason=unstable_if action=reinterpret pc=0x000002acb24dc698 method=java.util.HashMap.resize()[Ljava/util/HashMap$Node; @ 203 c2
Event: 0.737 Thread 0x000002aca0d757a0 DEOPT PACKING pc=0x000002acb24dc698 sp=0x000000b09ddfcac0
Event: 0.737 Thread 0x000002aca0d757a0 DEOPT UNPACKING pc=0x000002acb1f37da2 sp=0x000000b09ddfca40 mode 2
Event: 0.821 Thread 0x000002aca0d757a0 Uncommon trap: trap_request=0xffffff45 fr.pc=0x000002acb24d3254 relative=0x0000000000000114
Event: 0.821 Thread 0x000002aca0d757a0 Uncommon trap: reason=unstable_if action=reinterpret pc=0x000002acb24d3254 method=java.util.stream.SliceOps$2$1.cancellationRequested()Z @ 6 c2
Event: 0.821 Thread 0x000002aca0d757a0 DEOPT PACKING pc=0x000002acb24d3254 sp=0x000000b09ddfccd0
Event: 0.821 Thread 0x000002aca0d757a0 DEOPT UNPACKING pc=0x000002acb1f37da2 sp=0x000000b09ddfcc58 mode 2
Event: 0.821 Thread 0x000002aca0d757a0 Uncommon trap: trap_request=0xffffff45 fr.pc=0x000002acb24dd2a4 relative=0x0000000000000164
Event: 0.821 Thread 0x000002aca0d757a0 Uncommon trap: reason=unstable_if action=reinterpret pc=0x000002acb24dd2a4 method=java.util.stream.IntPipeline.forEachWithCancel(Ljava/util/Spliterator;Ljava/util/stream/Sink;)Z @ 20 c2
Event: 0.821 Thread 0x000002aca0d757a0 DEOPT PACKING pc=0x000002acb24dd2a4 sp=0x000000b09ddfcd10
Event: 0.821 Thread 0x000002aca0d757a0 DEOPT UNPACKING pc=0x000002acb1f37da2 sp=0x000000b09ddfccc8 mode 2
Event: 0.827 Thread 0x000002aca0d757a0 Uncommon trap: trap_request=0xffffff45 fr.pc=0x000002acb24c303c relative=0x000000000000009c
Event: 0.827 Thread 0x000002aca0d757a0 Uncommon trap: reason=unstable_if action=reinterpret pc=0x000002acb24c303c method=java.lang.ref.ReferenceQueue.headIsNull()Z @ 4 c2
Event: 0.827 Thread 0x000002aca0d757a0 DEOPT PACKING pc=0x000002acb24c303c sp=0x000000b09ddfc410
Event: 0.827 Thread 0x000002aca0d757a0 DEOPT UNPACKING pc=0x000002acb1f37da2 sp=0x000000b09ddfc2d0 mode 2
Event: 0.827 Thread 0x000002aca0d757a0 Uncommon trap: trap_request=0xffffff45 fr.pc=0x000002acb24cc66c relative=0x000000000000006c
Event: 0.827 Thread 0x000002aca0d757a0 Uncommon trap: reason=unstable_if action=reinterpret pc=0x000002acb24cc66c method=java.lang.ref.ReferenceQueue.headIsNull()Z @ 4 c2
Event: 0.827 Thread 0x000002aca0d757a0 DEOPT PACKING pc=0x000002acb24cc66c sp=0x000000b09ddfc3a0
Event: 0.827 Thread 0x000002aca0d757a0 DEOPT UNPACKING pc=0x000002acb1f37da2 sp=0x000000b09ddfc2d0 mode 2

Classes loaded (20 events):
Event: 0.458 Loading class jdk/internal/util/random/RandomSupport$RandomIntsSpliterator
Event: 0.458 Loading class jdk/internal/util/random/RandomSupport$RandomSpliterator
Event: 0.458 Loading class jdk/internal/util/random/RandomSupport$RandomSpliterator done
Event: 0.458 Loading class jdk/internal/util/random/RandomSupport$RandomIntsSpliterator done
Event: 0.458 Loading class java/util/stream/IntPipeline$1
Event: 0.458 Loading class java/util/stream/IntPipeline$1 done
Event: 0.459 Loading class java/util/stream/ReferencePipeline$4
Event: 0.459 Loading class java/util/stream/ReferencePipeline$4 done
Event: 0.459 Loading class java/util/stream/SliceOps
Event: 0.459 Loading class java/util/stream/SliceOps done
Event: 0.459 Loading class java/util/stream/SliceOps$2
Event: 0.459 Loading class java/util/stream/IntPipeline$StatefulOp
Event: 0.459 Loading class java/util/stream/IntPipeline$StatefulOp done
Event: 0.459 Loading class java/util/stream/SliceOps$2 done
Event: 0.459 Loading class java/util/stream/IntPipeline$1$1
Event: 0.459 Loading class java/util/stream/IntPipeline$1$1 done
Event: 0.459 Loading class java/util/stream/SliceOps$2$1
Event: 0.459 Loading class java/util/stream/SliceOps$2$1 done
Event: 0.459 Loading class java/util/stream/ReferencePipeline$4$1
Event: 0.459 Loading class java/util/stream/ReferencePipeline$4$1 done

Classes unloaded (0 events):
No events

Classes redefined (0 events):
No events

Internal exceptions (20 events):
Event: 0.314 Thread 0x000002aca0d757a0 Exception <a 'java/lang/IncompatibleClassChangeError'{0x0000000713a1c078}: Found class java.lang.Object, but interface was expected> (0x0000000713a1c078) 
thrown [s\open\src\hotspot\share\interpreter\linkResolver.cpp, line 841]
Event: 0.317 Thread 0x000002aca0d757a0 Exception <a 'java/lang/NoSuchMethodError'{0x0000000713a32f90}: 'java.lang.Object java.lang.invoke.DirectMethodHandle$Holder.invokeStatic(java.lang.Object, java.lang.Object, int)'> (0x0000000713a32f90) 
thrown [s\open\src\hotspot\share\interpreter\linkResolver.cpp, line 774]
Event: 0.322 Thread 0x000002aca0d757a0 Exception <a 'java/lang/NoSuchMethodError'{0x0000000713a7c538}: 'void java.lang.invoke.DirectMethodHandle$Holder.invokeSpecial(java.lang.Object, java.lang.Object, java.lang.Object, java.lang.Object, java.lang.Object)'> (0x0000000713a7c538) 
thrown [s\open\src\hotspot\share\interpreter\linkResolver.cpp, line 774]
Event: 0.333 Thread 0x000002aca0d757a0 Exception <a 'java/lang/NoSuchMethodError'{0x0000000713ad3a88}: 'long java.lang.invoke.DirectMethodHandle$Holder.invokeSpecial(java.lang.Object, java.lang.Object)'> (0x0000000713ad3a88) 
thrown [s\open\src\hotspot\share\interpreter\linkResolver.cpp, line 774]
Event: 0.334 Thread 0x000002aca0d757a0 Exception <a 'java/lang/NoSuchMethodError'{0x0000000713ad6fc8}: 'long java.lang.invoke.Invokers$Holder.invokeExact_MT(java.lang.Object, java.lang.Object)'> (0x0000000713ad6fc8) 
thrown [s\open\src\hotspot\share\interpreter\linkResolver.cpp, line 774]
Event: 0.350 Thread 0x000002aca0d757a0 Exception <a 'java/lang/NoSuchMethodError'{0x0000000713b610f8}: 'void java.lang.invoke.DirectMethodHandle$Holder.invokeInterface(java.lang.Object, java.lang.Object, java.lang.Object, java.lang.Object)'> (0x0000000713b610f8) 
thrown [s\open\src\hotspot\share\interpreter\linkResolver.cpp, line 774]
Event: 0.350 Thread 0x000002aca0d757a0 Exception <a 'java/lang/IncompatibleClassChangeError'{0x0000000713b64750}: Found class java.lang.Object, but interface was expected> (0x0000000713b64750) 
thrown [s\open\src\hotspot\share\interpreter\linkResolver.cpp, line 841]
Event: 0.352 Thread 0x000002aca0d757a0 Exception <a 'java/lang/NoSuchMethodError'{0x0000000713b7f1e8}: 'void java.lang.invoke.DirectMethodHandle$Holder.invokeStatic(java.lang.Object, java.lang.Object, java.lang.Object, java.lang.Object)'> (0x0000000713b7f1e8) 
thrown [s\open\src\hotspot\share\interpreter\linkResolver.cpp, line 774]
Event: 0.359 Thread 0x000002aca0d757a0 Exception <a 'java/lang/NoSuchMethodError'{0x0000000713bdff78}: 'int java.lang.invoke.DirectMethodHandle$Holder.invokeStatic(java.lang.Object, java.lang.Object, java.lang.Object, java.lang.Object)'> (0x0000000713bdff78) 
thrown [s\open\src\hotspot\share\interpreter\linkResolver.cpp, line 774]
Event: 0.359 Thread 0x000002aca0d757a0 Exception <a 'java/lang/NoSuchMethodError'{0x0000000713be3638}: 'java.lang.Object java.lang.invoke.Invokers$Holder.invokeExact_MT(java.lang.Object, java.lang.Object, java.lang.Object, java.lang.Object, java.lang.Object, java.lang.Object)'> (0x0000000713be3638) 
thrown [s\open\src\hotspot\share\interpreter\linkResolver.cpp, line 774]
Event: 0.361 Thread 0x000002aca0d757a0 Exception <a 'java/lang/NoSuchMethodError'{0x0000000713bf11a0}: 'int java.lang.invoke.DirectMethodHandle$Holder.invokeStatic(java.lang.Object, java.lang.Object, java.lang.Object, java.lang.Object, java.lang.Object)'> (0x0000000713bf11a0) 
thrown [s\open\src\hotspot\share\interpreter\linkResolver.cpp, line 774]
Event: 0.367 Thread 0x000002aca0d757a0 Exception <a 'java/lang/NoSuchMethodError'{0x0000000713834530}: 'void java.lang.invoke.DirectMethodHandle$Holder.invokeStaticInit(java.lang.Object)'> (0x0000000713834530) 
thrown [s\open\src\hotspot\share\interpreter\linkResolver.cpp, line 774]
Event: 0.377 Thread 0x000002aca0d757a0 Exception <a 'java/lang/NoSuchMethodError'{0x00000007138cc9f8}: 'void java.lang.invoke.DirectMethodHandle$Holder.invokeStaticInit(java.lang.Object, java.lang.Object, java.lang.Object, java.lang.Object)'> (0x00000007138cc9f8) 
thrown [s\open\src\hotspot\share\interpreter\linkResolver.cpp, line 774]
Event: 0.384 Thread 0x000002aca0d757a0 Exception <a 'java/lang/NoSuchMethodError'{0x00000007139257b8}: 'int java.lang.invoke.DirectMethodHandle$Holder.invokeStaticInit(java.lang.Object, java.lang.Object)'> (0x00000007139257b8) 
thrown [s\open\src\hotspot\share\interpreter\linkResolver.cpp, line 774]
Event: 0.411 Thread 0x000002aca0d757a0 Exception <a 'java/lang/NoSuchMethodError'{0x000000071365af50}: 'java.lang.Object java.lang.invoke.DirectMethodHandle$Holder.newInvokeSpecial(java.lang.Object, java.lang.Object, java.lang.Object, java.lang.Object, java.lang.Object, java.lang.Object, java.lang.Object)'> (0x000000071365af50) 
thrown [s\open\src\hotspot\share\interpreter\linkResolver.cpp, line 774]
Event: 0.413 Thread 0x000002aca0d757a0 Exception <a 'java/lang/NoSuchMethodError'{0x000000071366a150}: 'java.lang.Object java.lang.invoke.DirectMethodHandle$Holder.invokeInterface(java.lang.Object, java.lang.Object, java.lang.Object, java.lang.Object, java.lang.Object)'> (0x000000071366a150) 
thrown [s\open\src\hotspot\share\interpreter\linkResolver.cpp, line 774]
Event: 0.413 Thread 0x000002aca0d757a0 Exception <a 'java/lang/IncompatibleClassChangeError'{0x000000071366dc88}: Found class java.lang.Object, but interface was expected> (0x000000071366dc88) 
thrown [s\open\src\hotspot\share\interpreter\linkResolver.cpp, line 841]
Event: 0.418 Thread 0x000002aca0d757a0 Exception <a 'java/lang/NoSuchMethodError'{0x00000007136abd18}: 'int java.lang.invoke.DirectMethodHandle$Holder.invokeInterface(java.lang.Object, java.lang.Object)'> (0x00000007136abd18) 
thrown [s\open\src\hotspot\share\interpreter\linkResolver.cpp, line 774]
Event: 0.422 Thread 0x000002aca0d757a0 Exception <a 'java/lang/IncompatibleClassChangeError'{0x00000007136cb298}: Found class java.lang.Object, but interface was expected> (0x00000007136cb298) 
thrown [s\open\src\hotspot\share\interpreter\linkResolver.cpp, line 841]
Event: 0.429 Thread 0x000002aca0d757a0 Exception <a 'java/lang/NoSuchMethodError'{0x000000071370ac18}: 'void java.lang.invoke.DirectMethodHandle$Holder.invokeVirtual(java.lang.Object, java.lang.Object)'> (0x000000071370ac18) 
thrown [s\open\src\hotspot\share\interpreter\linkResolver.cpp, line 774]

ZGC Phase Switch (0 events):
No events

VM Operations (20 events):
Event: 0.333 Executing VM operation: HandshakeAllThreads (Deoptimize) done
Event: 0.341 Executing VM operation: HandshakeAllThreads (Deoptimize)
Event: 0.341 Executing VM operation: HandshakeAllThreads (Deoptimize) done
Event: 0.402 Executing VM operation: ICBufferFull
Event: 0.402 Executing VM operation: ICBufferFull done
Event: 0.415 Executing VM operation: HandshakeAllThreads (Deoptimize)
Event: 0.415 Executing VM operation: HandshakeAllThreads (Deoptimize) done
Event: 0.425 Executing VM operation: HandshakeAllThreads (Deoptimize)
Event: 0.425 Executing VM operation: HandshakeAllThreads (Deoptimize) done
Event: 0.459 Executing VM operation: HandshakeAllThreads (Deoptimize)
Event: 0.459 Executing VM operation: HandshakeAllThreads (Deoptimize) done
Event: 0.529 Executing VM operation: G1CollectForAllocation (G1 Evacuation Pause)
Event: 0.538 Executing VM operation: G1CollectForAllocation (G1 Evacuation Pause) done
Event: 0.614 Executing VM operation: G1CollectForAllocation (G1 Evacuation Pause)
Event: 0.636 Executing VM operation: G1CollectForAllocation (G1 Evacuation Pause) done
Event: 0.695 Executing VM operation: G1CollectForAllocation (G1 Evacuation Pause)
Event: 0.722 Executing VM operation: G1CollectForAllocation (G1 Evacuation Pause) done
Event: 0.768 Executing VM operation: G1CollectForAllocation (G1 Evacuation Pause)
Event: 0.788 Executing VM operation: G1CollectForAllocation (G1 Evacuation Pause) done
Event: 0.864 Executing VM operation: G1CollectForAllocation (G1 Evacuation Pause)

Events (17 events):
Event: 0.020 Thread 0x000002aca0d757a0 Thread added: 0x000002aca0d757a0
Event: 0.032 Thread 0x000002acc1dafd90 Thread added: 0x000002acc1dafd90
Event: 0.032 Thread 0x000002acc1db0cb0 Thread added: 0x000002acc1db0cb0
Event: 0.032 Thread 0x000002acc1db6a90 Thread added: 0x000002acc1db6a90
Event: 0.032 Thread 0x000002acc1db9a00 Thread added: 0x000002acc1db9a00
Event: 0.032 Thread 0x000002acc1dba460 Thread added: 0x000002acc1dba460
Event: 0.032 Thread 0x000002acc1dbaec0 Thread added: 0x000002acc1dbaec0
Event: 0.032 Thread 0x000002acc1dbdeb0 Thread added: 0x000002acc1dbdeb0
Event: 0.032 Thread 0x000002acc1dc8980 Thread added: 0x000002acc1dc8980
Event: 0.048 Thread 0x000002ad07130af0 Thread added: 0x000002ad07130af0
Event: 0.051 Thread 0x000002ad0713ac10 Thread added: 0x000002ad0713ac10
Event: 0.141 Thread 0x000002ad07249710 Thread added: 0x000002ad07249710
Event: 0.473 Thread 0x000002ad079f3260 Thread added: 0x000002ad079f3260
Event: 0.473 Thread 0x000002ad079f3d30 Thread added: 0x000002ad079f3d30
Event: 0.690 Thread 0x000002ad079f3d30 Thread exited: 0x000002ad079f3d30
Event: 0.690 Thread 0x000002ad079f3260 Thread exited: 0x000002ad079f3260
Event: 0.840 Thread 0x000002ad079f3d30 Thread added: 0x000002ad079f3d30


Dynamic libraries:
0x00007ff66f190000 - 0x00007ff66f1a0000 	C:\Program Files\Java\jdk-22\bin\java.exe
0x00007ffd60fb0000 - 0x00007ffd611a8000 	C:\Windows\SYSTEM32\ntdll.dll
0x00007ffd5fe50000 - 0x00007ffd5ff11000 	C:\Windows\System32\KERNEL32.DLL
0x00007ffd5ebd0000 - 0x00007ffd5eecd000 	C:\Windows\System32\KERNELBASE.dll
0x00007ffd5ead0000 - 0x00007ffd5ebd0000 	C:\Windows\System32\ucrtbase.dll
0x00007ffd3ee00000 - 0x00007ffd3ee17000 	C:\Program Files\Java\jdk-22\bin\jli.dll
0x00007ffd400b0000 - 0x00007ffd400cb000 	C:\Program Files\Java\jdk-22\bin\VCRUNTIME140.dll
0x00007ffd5fc20000 - 0x00007ffd5fcd0000 	C:\Windows\System32\ADVAPI32.dll
0x00007ffd5f680000 - 0x00007ffd5f71e000 	C:\Windows\System32\msvcrt.dll
0x00007ffd60860000 - 0x00007ffd60900000 	C:\Windows\System32\sechost.dll
0x00007ffd5f920000 - 0x00007ffd5fa43000 	C:\Windows\System32\RPCRT4.dll
0x00007ffd5e8d0000 - 0x00007ffd5e8f7000 	C:\Windows\System32\bcrypt.dll
0x00007ffd606c0000 - 0x00007ffd6085d000 	C:\Windows\System32\USER32.dll
0x00007ffd5ef20000 - 0x00007ffd5ef42000 	C:\Windows\System32\win32u.dll
0x00007ffd45af0000 - 0x00007ffd45d8a000 	C:\Windows\WinSxS\amd64_microsoft.windows.common-controls_6595b64144ccf1df_6.0.19041.4355_none_60b8b9eb71f62e16\COMCTL32.dll
0x00007ffd60690000 - 0x00007ffd606bb000 	C:\Windows\System32\GDI32.dll
0x00007ffd5e660000 - 0x00007ffd5e777000 	C:\Windows\System32\gdi32full.dll
0x00007ffd5e780000 - 0x00007ffd5e81d000 	C:\Windows\System32\msvcp_win.dll
0x00007ffd547d0000 - 0x00007ffd547da000 	C:\Windows\SYSTEM32\VERSION.dll
0x00007ffd609b0000 - 0x00007ffd609df000 	C:\Windows\System32\IMM32.DLL
0x00007ffd44af0000 - 0x00007ffd44afc000 	C:\Program Files\Java\jdk-22\bin\vcruntime140_1.dll
0x00007ffd2f030000 - 0x00007ffd2f0be000 	C:\Program Files\Java\jdk-22\bin\msvcp140.dll
0x00007ffd10ee0000 - 0x00007ffd11c27000 	C:\Program Files\Java\jdk-22\bin\server\jvm.dll
0x00007ffd5f850000 - 0x00007ffd5f8bb000 	C:\Windows\System32\WS2_32.dll
0x00007ffd4e320000 - 0x00007ffd4e347000 	C:\Windows\SYSTEM32\WINMM.dll
0x00007ffd5dbf0000 - 0x00007ffd5dc3b000 	C:\Windows\SYSTEM32\POWRPROF.dll
0x00007ffd5da60000 - 0x00007ffd5da72000 	C:\Windows\SYSTEM32\UMPDC.dll
0x00007ffd5ceb0000 - 0x00007ffd5cec2000 	C:\Windows\SYSTEM32\kernel.appcore.dll
0x00007ffd448d0000 - 0x00007ffd448da000 	C:\Program Files\Java\jdk-22\bin\jimage.dll
0x00007ffd5c400000 - 0x00007ffd5c5e4000 	C:\Windows\SYSTEM32\DBGHELP.DLL
0x00007ffd53c60000 - 0x00007ffd53c94000 	C:\Windows\SYSTEM32\dbgcore.DLL
0x00007ffd5ef50000 - 0x00007ffd5efd2000 	C:\Windows\System32\bcryptPrimitives.dll
0x00007ffd3dd20000 - 0x00007ffd3dd3e000 	C:\Program Files\Java\jdk-22\bin\java.dll
0x00007ffd5ff20000 - 0x00007ffd6068f000 	C:\Windows\System32\SHELL32.dll
0x00007ffd5f720000 - 0x00007ffd5f84b000 	C:\Windows\System32\ole32.dll
0x00007ffd5f0f0000 - 0x00007ffd5f443000 	C:\Windows\System32\combase.dll
0x00007ffd5c6c0000 - 0x00007ffd5ce63000 	C:\Windows\SYSTEM32\windows.storage.dll
0x00007ffd5e090000 - 0x00007ffd5e0be000 	C:\Windows\SYSTEM32\Wldp.dll
0x00007ffd5f4b0000 - 0x00007ffd5f57d000 	C:\Windows\System32\OLEAUT32.dll
0x00007ffd60900000 - 0x00007ffd609ad000 	C:\Windows\System32\SHCORE.dll
0x00007ffd5f450000 - 0x00007ffd5f4a5000 	C:\Windows\System32\shlwapi.dll
0x00007ffd5e590000 - 0x00007ffd5e5b4000 	C:\Windows\SYSTEM32\profapi.dll
0x00007ffd24eb0000 - 0x00007ffd24f87000 	C:\Program Files\Java\jdk-22\bin\jsvml.dll
0x00007ffd41b60000 - 0x00007ffd41b70000 	C:\Program Files\Java\jdk-22\bin\net.dll
0x00007ffd5ddf0000 - 0x00007ffd5de5a000 	C:\Windows\system32\mswsock.dll
0x00007ffd3dd00000 - 0x00007ffd3dd16000 	C:\Program Files\Java\jdk-22\bin\nio.dll
0x00007ffd349a0000 - 0x00007ffd349b7000 	C:\Program Files\Java\jdk-22\bin\zip.dll
0x00007ffd5da80000 - 0x00007ffd5dabb000 	C:\Windows\SYSTEM32\IPHLPAPI.DLL
0x00007ffd5fe40000 - 0x00007ffd5fe48000 	C:\Windows\System32\NSI.dll
0x00007ffd41310000 - 0x00007ffd41319000 	C:\Program Files\Java\jdk-22\bin\extnet.dll

dbghelp: loaded successfully - version: 4.0.5 - missing functions: none
symbol engine: initialized successfully - sym options: 0x614 - pdb path: .;C:\Program Files\Java\jdk-22\bin;C:\Windows\SYSTEM32;C:\Windows\WinSxS\amd64_microsoft.windows.common-controls_6595b64144ccf1df_6.0.19041.4355_none_60b8b9eb71f62e16;C:\Program Files\Java\jdk-22\bin\server

VM Arguments:
jvm_args: -ea -XX:+ShowCodeDetailsInExceptionMessages -Dfile.encoding=UTF-8 
java_command: org.eclipse.jdt.internal.junit.runner.RemoteTestRunner -version 3 -port 54120 -testLoaderClass org.eclipse.jdt.internal.junit5.runner.JUnit5TestLoader -loaderpluginname org.eclipse.jdt.junit5.runtime -testNameFile D:\avbc\TMP\testNames12435427632069910558.txt
java_class_path (initial): d:\avbc\Documents\TelRun\util\util\collections-framework\target\test-classes;d:\avbc\Documents\TelRun\util\util\collections-framework\target\classes;c:\Users\1\.m2\repository\org\junit\jupiter\junit-jupiter-api\5.10.3\junit-jupiter-api-5.10.3.jar;c:\Users\1\.m2\repository\org\opentest4j\opentest4j\1.3.0\opentest4j-1.3.0.jar;c:\Users\1\.m2\repository\org\junit\platform\junit-platform-commons\1.10.3\junit-platform-commons-1.10.3.jar;c:\Users\1\.m2\repository\org\apiguardian\apiguardian-api\1.1.2\apiguardian-api-1.1.2.jar;c:\Users\1\.m2\repository\org\junit\platform\junit-platform-launcher\1.10.3\junit-platform-launcher-1.10.3.jar;c:\Users\1\.m2\repository\org\junit\platform\junit-platform-engine\1.10.3\junit-platform-engine-1.10.3.jar;c:\Users\1\.m2\repository\org\junit\jupiter\junit-jupiter-engine\5.10.3\junit-jupiter-engine-5.10.3.jar;c:\Users\1\AppData\Roaming\Code\User\globalStorage\redhat.java\1.34.0\config_win\org.eclipse.osgi\112\0\.cp;c:\Users\1\AppData\Roaming\Code\User\globalStorage\redhat.java\1.34.0\config_win\org.eclipse.osgi\53\0\.cp
Launcher Type: SUN_STANDARD

[Global flags]
     intx CICompilerCount                          = 4                                         {product} {ergonomic}
     uint ConcGCThreads                            = 2                                         {product} {ergonomic}
     uint G1ConcRefinementThreads                  = 8                                         {product} {ergonomic}
   size_t G1HeapRegionSize                         = 2097152                                   {product} {ergonomic}
   size_t InitialHeapSize                          = 264241152                                 {product} {ergonomic}
   size_t MarkStackSize                            = 4194304                                   {product} {ergonomic}
   size_t MaxHeapSize                              = 4217372672                                {product} {ergonomic}
   size_t MaxNewSize                               = 2529165312                                {product} {ergonomic}
   size_t MinHeapDeltaBytes                        = 2097152                                   {product} {ergonomic}
   size_t MinHeapSize                              = 8388608                                   {product} {ergonomic}
    uintx NonNMethodCodeHeapSize                   = 5839372                                {pd product} {ergonomic}
    uintx NonProfiledCodeHeapSize                  = 122909434                              {pd product} {ergonomic}
    uintx ProfiledCodeHeapSize                     = 122909434                              {pd product} {ergonomic}
    uintx ReservedCodeCacheSize                    = 251658240                              {pd product} {ergonomic}
     bool SegmentedCodeCache                       = true                                      {product} {ergonomic}
     bool ShowCodeDetailsInExceptionMessages       = true                                   {manageable} {command line}
   size_t SoftMaxHeapSize                          = 4217372672                             {manageable} {ergonomic}
     bool UseCompressedOops                        = true                           {product lp64_product} {ergonomic}
     bool UseG1GC                                  = true                                      {product} {ergonomic}
     bool UseLargePagesIndividualAllocation        = false                                  {pd product} {ergonomic}

Logging:
Log output configuration:
 #0: stdout all=warning uptime,level,tags foldmultilines=false
 #1: stderr all=off uptime,level,tags foldmultilines=false

Environment Variables:
PATH=C:\Program Files\Common Files\Oracle\Java\javapath;C:\Windows\system32;C:\Windows;C:\Windows\System32\Wbem;C:\Windows\System32\WindowsPowerShell\v1.0\;C:\Windows\System32\OpenSSH\;C:\Program Files\WIDCOMM\Bluetooth Software\;C:\Program Files\WIDCOMM\Bluetooth Software\syswow64;C:\Program Files\WireGuard\;%JAVA_HOME%\bin;D:\SOFT\apache-maven-3.9.8-bin\apache-maven-3.9.8\bin;C:\Program Files\Git\bin;C:\Program Files\Microsoft VS Code\bin;C:\Users\1\AppData\Local\Microsoft\WindowsApps
USERNAME=1
OS=Windows_NT
PROCESSOR_IDENTIFIER=Intel64 Family 6 Model 140 Stepping 1, GenuineIntel
TMP=D:\avbc\TMP
TEMP=D:\avbc\TMP




Periodic native trim disabled

---------------  S Y S T E M  ---------------

OS:
 Windows 10 , 64 bit Build 19041 (10.0.19041.4842)
OS uptime: 6 days 21:48 hours

CPU: total 8 (initial active 8) (4 cores per cpu, 2 threads per core) family 6 model 140 stepping 1 microcode 0xae, cx8, cmov, fxsr, ht, mmx, 3dnowpref, sse, sse2, sse3, ssse3, sse4.1, sse4.2, popcnt, lzcnt, tsc, tscinvbit, avx, avx2, aes, erms, clmul, bmi1, bmi2, adx, avx512f, avx512dq, avx512cd, avx512bw, avx512vl, sha, fma, vzeroupper, avx512_vpopcntdq, avx512_vpclmulqdq, avx512_vaes, avx512_vnni, clflush, clflushopt, clwb, avx512_vbmi2, avx512_vbmi, rdtscp, rdpid, fsrm, gfni, avx512_bitalg, f16c, pku, cet_ibt, cet_ss, avx512_ifma
Processor Information for processor 0
  Max Mhz: 2419, Current Mhz: 2419, Mhz Limit: 2419
Processor Information for processor 1
  Max Mhz: 2419, Current Mhz: 2419, Mhz Limit: 2419
Processor Information for processor 2
  Max Mhz: 2419, Current Mhz: 907, Mhz Limit: 2419
Processor Information for processor 3
  Max Mhz: 2419, Current Mhz: 2419, Mhz Limit: 2419
Processor Information for processor 4
  Max Mhz: 2419, Current Mhz: 2419, Mhz Limit: 2419
Processor Information for processor 5
  Max Mhz: 2419, Current Mhz: 2419, Mhz Limit: 2419
Processor Information for processor 6
  Max Mhz: 2419, Current Mhz: 2419, Mhz Limit: 2419
Processor Information for processor 7
  Max Mhz: 2419, Current Mhz: 2419, Mhz Limit: 2419

Memory: 4k page, system-wide physical 16080M (2745M free)
TotalPageFile size 16080M (AvailPageFile size 11M)
current process WorkingSet (physical memory assigned to process): 174M, peak: 174M
current process commit charge ("private bytes"): 743M, peak: 749M

vm_info: Java HotSpot(TM) 64-Bit Server VM (22.0.1+8-16) for windows-amd64 JRE (22.0.1+8-16), built on 2024-03-12T10:33:16Z by "mach5one" with MS VC++ 17.6 (VS2022)

END.
