#
# There is insufficient memory for the Java Runtime Environment to continue.
# Native memory allocation (mmap) failed to map 507510784 bytes. Error detail: G1 virtual space
# Possible reasons:
#   The system is out of physical RAM or swap space
#   This process is running with CompressedOops enabled, and the Java Heap may be blocking the growth of the native heap
# Possible solutions:
#   Reduce memory load on the system
#   Increase physical memory or swap space
#   Check if swap backing store is full
#   Decrease Java heap size (-Xmx/-Xms)
#   Decrease number of Java threads
#   Decrease Java thread stack sizes (-Xss)
#   Set larger code cache with -XX:ReservedCodeCacheSize=
#   JVM is running with Zero Based Compressed Oops mode in which the Java heap is
#     placed in the first 32GB address space. The Java Heap base address is the
#     maximum limit for the native heap growth. Please use -XX:HeapBaseMinAddress
#     to set the Java Heap base and to place the Java Heap above 32GB virtual address.
# This output file may be truncated or incomplete.
#
#  Out of Memory Error (os_windows.cpp:3631), pid=365296, tid=378584
#
# JRE version: Java(TM) SE Runtime Environment (22.0.1+8) (build 22.0.1+8-16)
# Java VM: Java HotSpot(TM) 64-Bit Server VM (22.0.1+8-16, mixed mode, sharing, tiered, compressed oops, compressed class ptrs, g1 gc, windows-amd64)
# No core dump will be written. Minidumps are not enabled by default on client versions of Windows
#

---------------  S U M M A R Y ------------

Command Line: -ea -XX:+ShowCodeDetailsInExceptionMessages -Dfile.encoding=UTF-8 org.eclipse.jdt.internal.junit.runner.RemoteTestRunner -version 3 -port 53470 -testLoaderClass org.eclipse.jdt.internal.junit5.runner.JUnit5TestLoader -loaderpluginname org.eclipse.jdt.junit5.runtime -testNameFile D:\avbc\TMP\testNames10772798677620318781.txt

Host: 11th Gen Intel(R) Core(TM) i5-1135G7 @ 2.40GHz, 8 cores, 15G,  Windows 10 , 64 bit Build 19041 (10.0.19041.4842)
Time: Thu Sep 19 11:22:59 2024 RTZ 2 (s 10 , 64 bit Build 19041 (10.0.19041.4842) elapsed time: 3.338821 seconds (0d 0h 0m 3s)

---------------  T H R E A D  ---------------

Current thread (0x000002587dba1360):  VMThread "VM Thread"          [id=378584, stack(0x000000fe6ff00000,0x000000fe70000000) (1024K)]

Stack: [0x000000fe6ff00000,0x000000fe70000000]
Native frames: (J=compiled Java code, j=interpreted, Vv=VM code, C=native code)
V  [jvm.dll+0x6e2279]  (no source info available)
V  [jvm.dll+0x874e33]  (no source info available)
V  [jvm.dll+0x87725e]  (no source info available)
V  [jvm.dll+0x877933]  (no source info available)
V  [jvm.dll+0x27fd76]  (no source info available)
V  [jvm.dll+0x6de915]  (no source info available)
V  [jvm.dll+0x6d341a]  (no source info available)
V  [jvm.dll+0x3589da]  (no source info available)
V  [jvm.dll+0x360f06]  (no source info available)
V  [jvm.dll+0x3b3e2e]  (no source info available)
V  [jvm.dll+0x3b40d8]  (no source info available)
V  [jvm.dll+0x32c59c]  (no source info available)
V  [jvm.dll+0x32c627]  (no source info available)
V  [jvm.dll+0x37229c]  (no source info available)
V  [jvm.dll+0x370996]  (no source info available)
V  [jvm.dll+0x32bc87]  (no source info available)
V  [jvm.dll+0x370468]  (no source info available)
V  [jvm.dll+0x87d7d0]  (no source info available)
V  [jvm.dll+0x87eb57]  (no source info available)
V  [jvm.dll+0x87f0d0]  (no source info available)
V  [jvm.dll+0x87f373]  (no source info available)
V  [jvm.dll+0x81d44b]  (no source info available)
V  [jvm.dll+0x6e0915]  (no source info available)
C  [ucrtbase.dll+0x21bb2]  (no source info available)
C  [KERNEL32.DLL+0x17374]  (no source info available)
C  [ntdll.dll+0x4cc91]  (no source info available)

VM_Operation (0x000000fe6f8fcac8): G1TryInitiateConcMark, mode: safepoint, requested by thread 0x000002585ec737b0


---------------  P R O C E S S  ---------------

Threads class SMR info:
_java_thread_list=0x00000258459b2040, length=12, elements={
0x000002585ec737b0, 0x000002587dbbc280, 0x000002587dbc0fb0, 0x000002587dbc2b80,
0x000002587dbc35e0, 0x000002587dbc4040, 0x000002587dbc4aa0, 0x000002587dbc5830,
0x0000025845140040, 0x0000025845230200, 0x00000258452388d0, 0x000002584535dc40
}

Java Threads: ( => current thread )
  0x000002585ec737b0 JavaThread "main"                              [_thread_blocked, id=375452, stack(0x000000fe6f800000,0x000000fe6f900000) (1024K)]
  0x000002587dbbc280 JavaThread "Reference Handler"          daemon [_thread_blocked, id=376944, stack(0x000000fe70000000,0x000000fe70100000) (1024K)]
  0x000002587dbc0fb0 JavaThread "Finalizer"                  daemon [_thread_blocked, id=377380, stack(0x000000fe70100000,0x000000fe70200000) (1024K)]
  0x000002587dbc2b80 JavaThread "Signal Dispatcher"          daemon [_thread_blocked, id=375476, stack(0x000000fe70200000,0x000000fe70300000) (1024K)]
  0x000002587dbc35e0 JavaThread "Attach Listener"            daemon [_thread_blocked, id=330056, stack(0x000000fe70300000,0x000000fe70400000) (1024K)]
  0x000002587dbc4040 JavaThread "Service Thread"             daemon [_thread_blocked, id=371268, stack(0x000000fe70400000,0x000000fe70500000) (1024K)]
  0x000002587dbc4aa0 JavaThread "Monitor Deflation Thread"   daemon [_thread_blocked, id=378236, stack(0x000000fe70500000,0x000000fe70600000) (1024K)]
  0x000002587dbc5830 JavaThread "C2 CompilerThread0"         daemon [_thread_blocked, id=375608, stack(0x000000fe70600000,0x000000fe70700000) (1024K)]
  0x0000025845140040 JavaThread "C1 CompilerThread0"         daemon [_thread_blocked, id=303376, stack(0x000000fe70700000,0x000000fe70800000) (1024K)]
  0x0000025845230200 JavaThread "Notification Thread"        daemon [_thread_blocked, id=335840, stack(0x000000fe70800000,0x000000fe70900000) (1024K)]
  0x00000258452388d0 JavaThread "Common-Cleaner"             daemon [_thread_blocked, id=354896, stack(0x000000fe70900000,0x000000fe70a00000) (1024K)]
  0x000002584535dc40 JavaThread "ReaderThread"                      [_thread_in_native, id=375116, stack(0x000000fe70a00000,0x000000fe70b00000) (1024K)]
Total: 12

Other Threads:
=>0x000002587dba1360 VMThread "VM Thread"                           [id=378584, stack(0x000000fe6ff00000,0x000000fe70000000) (1024K)]
  0x000002587db88210 WatcherThread "VM Periodic Task Thread"        [id=378144, stack(0x000000fe6fe00000,0x000000fe6ff00000) (1024K)]
  0x000002585ecdd510 WorkerThread "GC Thread#0"                     [id=373592, stack(0x000000fe6f900000,0x000000fe6fa00000) (1024K)]
  0x0000025845996040 WorkerThread "GC Thread#1"                     [id=377096, stack(0x000000fe70c00000,0x000000fe70d00000) (1024K)]
  0x0000025845a799b0 WorkerThread "GC Thread#2"                     [id=376872, stack(0x000000fe70d00000,0x000000fe70e00000) (1024K)]
  0x0000025845a79d60 WorkerThread "GC Thread#3"                     [id=363756, stack(0x000000fe70e00000,0x000000fe70f00000) (1024K)]
  0x0000025845a7a110 WorkerThread "GC Thread#4"                     [id=295260, stack(0x000000fe70f00000,0x000000fe71000000) (1024K)]
  0x0000025845a7a4c0 WorkerThread "GC Thread#5"                     [id=337480, stack(0x000000fe71000000,0x000000fe71100000) (1024K)]
  0x00000258459eb310 WorkerThread "GC Thread#6"                     [id=375380, stack(0x000000fe71200000,0x000000fe71300000) (1024K)]
  0x00000258459eb6c0 WorkerThread "GC Thread#7"                     [id=301884, stack(0x000000fe71300000,0x000000fe71400000) (1024K)]
  0x000002585ecede60 ConcurrentGCThread "G1 Main Marker"            [id=378772, stack(0x000000fe6fa00000,0x000000fe6fb00000) (1024K)]
  0x000002585ecee780 WorkerThread "G1 Conc#0"                       [id=299040, stack(0x000000fe6fb00000,0x000000fe6fc00000) (1024K)]
  0x000002585ed3eb00 ConcurrentGCThread "G1 Refine#0"               [id=279124, stack(0x000000fe6fc00000,0x000000fe6fd00000) (1024K)]
  0x000002587da5e6a0 ConcurrentGCThread "G1 Service"                [id=378172, stack(0x000000fe6fd00000,0x000000fe6fe00000) (1024K)]
Total: 14

Threads with active compile tasks:
Total: 0

VM state: at safepoint (normal execution)

VM Mutex/Monitor currently owned by a thread:  ([mutex/lock_event])
[0x00007ffd11b4bbb8] Threads_lock - owner thread: 0x000002587dba1360
[0x00007ffd11b4bcb8] Heap_lock - owner thread: 0x000002585ec737b0

Heap address: 0x0000000704a00000, size: 4022 MB, Compressed Oops mode: Zero based, Oop shift amount: 3

CDS archive(s) mapped at: [0x0000025800000000-0x0000025800c60000-0x0000025800c60000), size 12976128, SharedBaseAddress: 0x0000025800000000, ArchiveRelocationMode: 1.
Compressed class space mapped at: 0x0000025801000000-0x0000025841000000, reserved size: 1073741824
Narrow klass base: 0x0000025800000000, Narrow klass shift: 0, Narrow klass range: 0x41000000

GC Precious Log:
 CardTable entry size: 512
 Card Set container configuration: InlinePtr #cards 4 size 8 Array Of Cards #cards 16 size 48 Howl #buckets 8 coarsen threshold 3686 Howl Bitmap #cards 512 size 80 coarsen threshold 460 Card regions per heap region 1 cards per card region 4096
 CPUs: 8 total, 8 available
 Memory: 16080M
 Large Page Support: Disabled
 NUMA Support: Disabled
 Compressed Oops: Enabled (Zero based)
 Heap Region Size: 2M
 Heap Min Capacity: 8M
 Heap Initial Capacity: 252M
 Heap Max Capacity: 4022M
 Pre-touch: Disabled
 Parallel Workers: 8
 Concurrent Workers: 2
 Concurrent Refinement Workers: 8
 Periodic GC: Disabled

Heap:
 garbage-first heap   total reserved 4118528K, committed 399360K, used 227402K [0x0000000704a00000, 0x0000000800000000)
  region size 2048K, 2 young (4096K), 2 survivors (4096K)
 Metaspace       used 5162K, committed 5312K, reserved 1114112K
  class space    used 686K, committed 768K, reserved 1048576K

Heap Regions: E=young(eden), S=young(survivor), O=old, HS=humongous(starts), HC=humongous(continues), CS=collection set, F=free, TAMS=top-at-mark-start, PB=parsable bottom
|   0|0x0000000704a00000, 0x0000000704c00000, 0x0000000704c00000|100%| O|  |TAMS 0x0000000704c00000| PB 0x0000000704a00000| Untracked |  0
|   1|0x0000000704c00000, 0x0000000704e00000, 0x0000000704e00000|100%| O|  |TAMS 0x0000000704e00000| PB 0x0000000704c00000| Untracked |  0
|   2|0x0000000704e00000, 0x0000000705000000, 0x0000000705000000|100%| O|  |TAMS 0x0000000705000000| PB 0x0000000704e00000| Untracked |  0
|   3|0x0000000705000000, 0x0000000705200000, 0x0000000705200000|100%| O|  |TAMS 0x0000000705200000| PB 0x0000000705000000| Untracked |  0
|   4|0x0000000705200000, 0x0000000705400000, 0x0000000705400000|100%| O|  |TAMS 0x0000000705400000| PB 0x0000000705200000| Untracked |  0
|   5|0x0000000705400000, 0x0000000705600000, 0x0000000705600000|100%| O|  |TAMS 0x0000000705600000| PB 0x0000000705400000| Untracked |  0
|   6|0x0000000705600000, 0x0000000705800000, 0x0000000705800000|100%| O|  |TAMS 0x0000000705800000| PB 0x0000000705600000| Untracked |  0
|   7|0x0000000705800000, 0x0000000705a00000, 0x0000000705a00000|100%| O|  |TAMS 0x0000000705a00000| PB 0x0000000705800000| Untracked |  0
|   8|0x0000000705a00000, 0x0000000705c00000, 0x0000000705c00000|100%| O|  |TAMS 0x0000000705c00000| PB 0x0000000705a00000| Untracked |  0
|   9|0x0000000705c00000, 0x0000000705e00000, 0x0000000705e00000|100%| O|  |TAMS 0x0000000705e00000| PB 0x0000000705c00000| Untracked |  0
|  10|0x0000000705e00000, 0x0000000706000000, 0x0000000706000000|100%| O|  |TAMS 0x0000000706000000| PB 0x0000000705e00000| Untracked |  0
|  11|0x0000000706000000, 0x0000000706200000, 0x0000000706200000|100%| O|  |TAMS 0x0000000706200000| PB 0x0000000706000000| Untracked |  0
|  12|0x0000000706200000, 0x0000000706400000, 0x0000000706400000|100%| O|  |TAMS 0x0000000706400000| PB 0x0000000706200000| Untracked |  0
|  13|0x0000000706400000, 0x0000000706600000, 0x0000000706600000|100%| O|  |TAMS 0x0000000706600000| PB 0x0000000706400000| Untracked |  0
|  14|0x0000000706600000, 0x0000000706800000, 0x0000000706800000|100%| O|  |TAMS 0x0000000706800000| PB 0x0000000706600000| Untracked |  0
|  15|0x0000000706800000, 0x0000000706a00000, 0x0000000706a00000|100%| O|  |TAMS 0x0000000706a00000| PB 0x0000000706800000| Untracked |  0
|  16|0x0000000706a00000, 0x0000000706c00000, 0x0000000706c00000|100%| O|  |TAMS 0x0000000706c00000| PB 0x0000000706a00000| Untracked |  0
|  17|0x0000000706c00000, 0x0000000706e00000, 0x0000000706e00000|100%| O|  |TAMS 0x0000000706e00000| PB 0x0000000706c00000| Untracked |  0
|  18|0x0000000706e00000, 0x0000000707000000, 0x0000000707000000|100%| O|  |TAMS 0x0000000707000000| PB 0x0000000706e00000| Untracked |  0
|  19|0x0000000707000000, 0x0000000707200000, 0x0000000707200000|100%| O|  |TAMS 0x0000000707200000| PB 0x0000000707000000| Untracked |  0
|  20|0x0000000707200000, 0x0000000707400000, 0x0000000707400000|100%| O|  |TAMS 0x0000000707400000| PB 0x0000000707200000| Untracked |  0
|  21|0x0000000707400000, 0x0000000707600000, 0x0000000707600000|100%| O|  |TAMS 0x0000000707600000| PB 0x0000000707400000| Untracked |  0
|  22|0x0000000707600000, 0x0000000707800000, 0x0000000707800000|100%| O|  |TAMS 0x0000000707800000| PB 0x0000000707600000| Untracked |  0
|  23|0x0000000707800000, 0x0000000707a00000, 0x0000000707a00000|100%| O|  |TAMS 0x0000000707a00000| PB 0x0000000707800000| Untracked |  0
|  24|0x0000000707a00000, 0x0000000707c00000, 0x0000000707c00000|100%|HS|  |TAMS 0x0000000707c00000| PB 0x0000000707a00000| Complete |  0
|  25|0x0000000707c00000, 0x0000000707e00000, 0x0000000707e00000|100%|HS|  |TAMS 0x0000000707e00000| PB 0x0000000707c00000| Complete |  0
|  26|0x0000000707e00000, 0x0000000708000000, 0x0000000708000000|100%|HC|  |TAMS 0x0000000708000000| PB 0x0000000707e00000| Complete |  0
|  27|0x0000000708000000, 0x0000000708200000, 0x0000000708200000|100%|HS|  |TAMS 0x0000000708200000| PB 0x0000000708000000| Complete |  0
|  28|0x0000000708200000, 0x0000000708400000, 0x0000000708400000|100%|HS|  |TAMS 0x0000000708400000| PB 0x0000000708200000| Complete |  0
|  29|0x0000000708400000, 0x0000000708600000, 0x0000000708600000|100%|HC|  |TAMS 0x0000000708600000| PB 0x0000000708400000| Complete |  0
|  30|0x0000000708600000, 0x0000000708800000, 0x0000000708800000|100%|HC|  |TAMS 0x0000000708800000| PB 0x0000000708600000| Complete |  0
|  31|0x0000000708800000, 0x0000000708a00000, 0x0000000708a00000|100%|HS|  |TAMS 0x0000000708a00000| PB 0x0000000708800000| Complete |  0
|  32|0x0000000708a00000, 0x0000000708c00000, 0x0000000708c00000|100%|HC|  |TAMS 0x0000000708c00000| PB 0x0000000708a00000| Complete |  0
|  33|0x0000000708c00000, 0x0000000708e00000, 0x0000000708e00000|100%| O|  |TAMS 0x0000000708e00000| PB 0x0000000708c00000| Untracked |  0
|  34|0x0000000708e00000, 0x0000000709000000, 0x0000000709000000|100%| O|  |TAMS 0x0000000709000000| PB 0x0000000708e00000| Untracked |  0
|  35|0x0000000709000000, 0x0000000709200000, 0x0000000709200000|100%| O|  |TAMS 0x0000000709200000| PB 0x0000000709000000| Untracked |  0
|  36|0x0000000709200000, 0x0000000709400000, 0x0000000709400000|100%| O|  |TAMS 0x0000000709400000| PB 0x0000000709200000| Untracked |  0
|  37|0x0000000709400000, 0x0000000709600000, 0x0000000709600000|100%| O|  |TAMS 0x0000000709600000| PB 0x0000000709400000| Untracked |  0
|  38|0x0000000709600000, 0x0000000709800000, 0x0000000709800000|100%| O|  |TAMS 0x0000000709800000| PB 0x0000000709600000| Untracked |  0
|  39|0x0000000709800000, 0x0000000709a00000, 0x0000000709a00000|100%| O|  |TAMS 0x0000000709a00000| PB 0x0000000709800000| Untracked |  0
|  40|0x0000000709a00000, 0x0000000709c00000, 0x0000000709c00000|100%| O|  |TAMS 0x0000000709c00000| PB 0x0000000709a00000| Untracked |  0
|  41|0x0000000709c00000, 0x0000000709e00000, 0x0000000709e00000|100%| O|  |TAMS 0x0000000709e00000| PB 0x0000000709c00000| Untracked |  0
|  42|0x0000000709e00000, 0x000000070a000000, 0x000000070a000000|100%| O|  |TAMS 0x000000070a000000| PB 0x0000000709e00000| Untracked |  0
|  43|0x000000070a000000, 0x000000070a200000, 0x000000070a200000|100%| O|  |TAMS 0x000000070a200000| PB 0x000000070a000000| Untracked |  0
|  44|0x000000070a200000, 0x000000070a400000, 0x000000070a400000|100%| O|  |TAMS 0x000000070a400000| PB 0x000000070a200000| Untracked |  0
|  45|0x000000070a400000, 0x000000070a600000, 0x000000070a600000|100%| O|  |TAMS 0x000000070a600000| PB 0x000000070a400000| Untracked |  0
|  46|0x000000070a600000, 0x000000070a800000, 0x000000070a800000|100%| O|  |TAMS 0x000000070a800000| PB 0x000000070a600000| Untracked |  0
|  47|0x000000070a800000, 0x000000070aa00000, 0x000000070aa00000|100%| O|  |TAMS 0x000000070aa00000| PB 0x000000070a800000| Untracked |  0
|  48|0x000000070aa00000, 0x000000070ac00000, 0x000000070ac00000|100%| O|  |TAMS 0x000000070ac00000| PB 0x000000070aa00000| Untracked |  0
|  49|0x000000070ac00000, 0x000000070ae00000, 0x000000070ae00000|100%| O|  |TAMS 0x000000070ae00000| PB 0x000000070ac00000| Untracked |  0
|  50|0x000000070ae00000, 0x000000070b000000, 0x000000070b000000|100%| O|  |TAMS 0x000000070b000000| PB 0x000000070ae00000| Untracked |  0
|  51|0x000000070b000000, 0x000000070b200000, 0x000000070b200000|100%| O|  |TAMS 0x000000070b200000| PB 0x000000070b000000| Untracked |  0
|  52|0x000000070b200000, 0x000000070b400000, 0x000000070b400000|100%|HS|  |TAMS 0x000000070b400000| PB 0x000000070b200000| Complete |  0
|  53|0x000000070b400000, 0x000000070b600000, 0x000000070b600000|100%|HC|  |TAMS 0x000000070b600000| PB 0x000000070b400000| Complete |  0
|  54|0x000000070b600000, 0x000000070b800000, 0x000000070b800000|100%|HC|  |TAMS 0x000000070b800000| PB 0x000000070b600000| Complete |  0
|  55|0x000000070b800000, 0x000000070ba00000, 0x000000070ba00000|100%|HC|  |TAMS 0x000000070ba00000| PB 0x000000070b800000| Complete |  0
|  56|0x000000070ba00000, 0x000000070bc00000, 0x000000070bc00000|100%|HC|  |TAMS 0x000000070bc00000| PB 0x000000070ba00000| Complete |  0
|  57|0x000000070bc00000, 0x000000070be00000, 0x000000070be00000|100%| O|  |TAMS 0x000000070be00000| PB 0x000000070bc00000| Untracked |  0
|  58|0x000000070be00000, 0x000000070c000000, 0x000000070c000000|100%| O|  |TAMS 0x000000070c000000| PB 0x000000070be00000| Untracked |  0
|  59|0x000000070c000000, 0x000000070c200000, 0x000000070c200000|100%| O|  |TAMS 0x000000070c200000| PB 0x000000070c000000| Untracked |  0
|  60|0x000000070c200000, 0x000000070c400000, 0x000000070c400000|100%| O|  |TAMS 0x000000070c400000| PB 0x000000070c200000| Untracked |  0
|  61|0x000000070c400000, 0x000000070c600000, 0x000000070c600000|100%| O|  |TAMS 0x000000070c600000| PB 0x000000070c400000| Untracked |  0
|  62|0x000000070c600000, 0x000000070c800000, 0x000000070c800000|100%| O|  |TAMS 0x000000070c800000| PB 0x000000070c600000| Untracked |  0
|  63|0x000000070c800000, 0x000000070ca00000, 0x000000070ca00000|100%| O|  |TAMS 0x000000070ca00000| PB 0x000000070c800000| Untracked |  0
|  64|0x000000070ca00000, 0x000000070cc00000, 0x000000070cc00000|100%| O|  |TAMS 0x000000070cc00000| PB 0x000000070ca00000| Untracked |  0
|  65|0x000000070cc00000, 0x000000070ce00000, 0x000000070ce00000|100%| O|  |TAMS 0x000000070ce00000| PB 0x000000070cc00000| Untracked |  0
|  66|0x000000070ce00000, 0x000000070d000000, 0x000000070d000000|100%| O|  |TAMS 0x000000070d000000| PB 0x000000070ce00000| Untracked |  0
|  67|0x000000070d000000, 0x000000070d200000, 0x000000070d200000|100%|HS|  |TAMS 0x000000070d200000| PB 0x000000070d000000| Complete |  0
|  68|0x000000070d200000, 0x000000070d400000, 0x000000070d400000|100%|HC|  |TAMS 0x000000070d400000| PB 0x000000070d200000| Complete |  0
|  69|0x000000070d400000, 0x000000070d600000, 0x000000070d600000|100%|HC|  |TAMS 0x000000070d600000| PB 0x000000070d400000| Complete |  0
|  70|0x000000070d600000, 0x000000070d800000, 0x000000070d800000|100%| O|  |TAMS 0x000000070d800000| PB 0x000000070d600000| Untracked |  0
|  71|0x000000070d800000, 0x000000070da00000, 0x000000070da00000|100%| O|  |TAMS 0x000000070da00000| PB 0x000000070d800000| Untracked |  0
|  72|0x000000070da00000, 0x000000070dc00000, 0x000000070dc00000|100%| O|  |TAMS 0x000000070dc00000| PB 0x000000070da00000| Untracked |  0
|  73|0x000000070dc00000, 0x000000070de00000, 0x000000070de00000|100%| O|  |TAMS 0x000000070de00000| PB 0x000000070dc00000| Untracked |  0
|  74|0x000000070de00000, 0x000000070e000000, 0x000000070e000000|100%| O|  |TAMS 0x000000070e000000| PB 0x000000070de00000| Untracked |  0
|  75|0x000000070e000000, 0x000000070e200000, 0x000000070e200000|100%| O|  |TAMS 0x000000070e200000| PB 0x000000070e000000| Untracked |  0
|  76|0x000000070e200000, 0x000000070e400000, 0x000000070e400000|100%| O|  |TAMS 0x000000070e400000| PB 0x000000070e200000| Untracked |  0
|  77|0x000000070e400000, 0x000000070e600000, 0x000000070e600000|100%| O|  |TAMS 0x000000070e600000| PB 0x000000070e400000| Untracked |  0
|  78|0x000000070e600000, 0x000000070e800000, 0x000000070e800000|100%|HS|  |TAMS 0x000000070e800000| PB 0x000000070e600000| Complete |  0
|  79|0x000000070e800000, 0x000000070ea00000, 0x000000070ea00000|100%|HC|  |TAMS 0x000000070ea00000| PB 0x000000070e800000| Complete |  0
|  80|0x000000070ea00000, 0x000000070ec00000, 0x000000070ec00000|100%|HC|  |TAMS 0x000000070ec00000| PB 0x000000070ea00000| Complete |  0
|  81|0x000000070ec00000, 0x000000070ee00000, 0x000000070ee00000|100%|HS|  |TAMS 0x000000070ee00000| PB 0x000000070ec00000| Complete |  0
|  82|0x000000070ee00000, 0x000000070f000000, 0x000000070f000000|100%|HC|  |TAMS 0x000000070f000000| PB 0x000000070ee00000| Complete |  0
|  83|0x000000070f000000, 0x000000070f200000, 0x000000070f200000|100%|HC|  |TAMS 0x000000070f200000| PB 0x000000070f000000| Complete |  0
|  84|0x000000070f200000, 0x000000070f400000, 0x000000070f400000|100%| O|  |TAMS 0x000000070f400000| PB 0x000000070f200000| Untracked |  0
|  85|0x000000070f400000, 0x000000070f600000, 0x000000070f600000|100%| O|  |TAMS 0x000000070f600000| PB 0x000000070f400000| Untracked |  0
|  86|0x000000070f600000, 0x000000070f800000, 0x000000070f800000|100%| O|  |TAMS 0x000000070f800000| PB 0x000000070f600000| Untracked |  0
|  87|0x000000070f800000, 0x000000070fa00000, 0x000000070fa00000|100%| O|  |TAMS 0x000000070fa00000| PB 0x000000070f800000| Untracked |  0
|  88|0x000000070fa00000, 0x000000070fc00000, 0x000000070fc00000|100%| O|  |TAMS 0x000000070fc00000| PB 0x000000070fa00000| Untracked |  0
|  89|0x000000070fc00000, 0x000000070fe00000, 0x000000070fe00000|100%| O|  |TAMS 0x000000070fe00000| PB 0x000000070fc00000| Untracked |  0
|  90|0x000000070fe00000, 0x0000000710000000, 0x0000000710000000|100%| O|  |TAMS 0x0000000710000000| PB 0x000000070fe00000| Untracked |  0
|  91|0x0000000710000000, 0x0000000710200000, 0x0000000710200000|100%| O|  |TAMS 0x0000000710200000| PB 0x0000000710000000| Untracked |  0
|  92|0x0000000710200000, 0x0000000710400000, 0x0000000710400000|100%| O|  |TAMS 0x0000000710400000| PB 0x0000000710200000| Untracked |  0
|  93|0x0000000710400000, 0x0000000710600000, 0x0000000710600000|100%| O|  |TAMS 0x0000000710600000| PB 0x0000000710400000| Untracked |  0
|  94|0x0000000710600000, 0x0000000710800000, 0x0000000710800000|100%| O|  |TAMS 0x0000000710800000| PB 0x0000000710600000| Untracked |  0
|  95|0x0000000710800000, 0x0000000710a00000, 0x0000000710a00000|100%| O|  |TAMS 0x0000000710a00000| PB 0x0000000710800000| Untracked |  0
|  96|0x0000000710a00000, 0x0000000710c00000, 0x0000000710c00000|100%| O|  |TAMS 0x0000000710c00000| PB 0x0000000710a00000| Untracked |  0
|  97|0x0000000710c00000, 0x0000000710e00000, 0x0000000710e00000|100%| O|  |TAMS 0x0000000710e00000| PB 0x0000000710c00000| Untracked |  0
|  98|0x0000000710e00000, 0x0000000711000000, 0x0000000711000000|100%| O|  |TAMS 0x0000000711000000| PB 0x0000000710e00000| Untracked |  0
|  99|0x0000000711000000, 0x0000000711200000, 0x0000000711200000|100%| O|  |TAMS 0x0000000711200000| PB 0x0000000711000000| Untracked |  0
| 100|0x0000000711200000, 0x0000000711400000, 0x0000000711400000|100%| O|  |TAMS 0x0000000711400000| PB 0x0000000711200000| Untracked |  0
| 101|0x0000000711400000, 0x0000000711600000, 0x0000000711600000|100%| O|  |TAMS 0x0000000711600000| PB 0x0000000711400000| Untracked |  0
| 102|0x0000000711600000, 0x0000000711800000, 0x0000000711800000|100%| O|  |TAMS 0x0000000711800000| PB 0x0000000711600000| Untracked |  0
| 103|0x0000000711800000, 0x0000000711a00000, 0x0000000711a00000|100%| O|  |TAMS 0x0000000711a00000| PB 0x0000000711800000| Untracked |  0
| 104|0x0000000711a00000, 0x0000000711c00000, 0x0000000711c00000|100%| O|  |TAMS 0x0000000711ac12f0| PB 0x0000000711a00000| Untracked |  0
| 105|0x0000000711c00000, 0x0000000711e00000, 0x0000000711e00000|100%| O|  |TAMS 0x0000000711c00000| PB 0x0000000711c00000| Untracked |  0
| 106|0x0000000711e00000, 0x0000000712000000, 0x0000000712000000|100%| O|  |TAMS 0x0000000711e00000| PB 0x0000000711e00000| Untracked |  0
| 107|0x0000000712000000, 0x0000000712200000, 0x0000000712200000|100%| O|  |TAMS 0x0000000712000000| PB 0x0000000712000000| Untracked |  0
| 108|0x0000000712200000, 0x0000000712400000, 0x0000000712400000|100%| O|  |TAMS 0x0000000712200000| PB 0x0000000712200000| Untracked |  0
| 109|0x0000000712400000, 0x00000007124d5000, 0x0000000712600000| 41%| O|  |TAMS 0x0000000712400000| PB 0x0000000712400000| Untracked |  0
| 110|0x0000000712600000, 0x0000000712600000, 0x0000000712800000|  0%| F|  |TAMS 0x0000000712600000| PB 0x0000000712600000| Untracked |  0
| 111|0x0000000712800000, 0x0000000712800000, 0x0000000712a00000|  0%| F|  |TAMS 0x0000000712800000| PB 0x0000000712800000| Untracked |  0
| 112|0x0000000712a00000, 0x0000000712a00000, 0x0000000712c00000|  0%| F|  |TAMS 0x0000000712a00000| PB 0x0000000712a00000| Untracked |  0
| 113|0x0000000712c00000, 0x0000000712c00000, 0x0000000712e00000|  0%| F|  |TAMS 0x0000000712c00000| PB 0x0000000712c00000| Untracked |  0
| 114|0x0000000712e00000, 0x0000000712e00000, 0x0000000713000000|  0%| F|  |TAMS 0x0000000712e00000| PB 0x0000000712e00000| Untracked |  0
| 115|0x0000000713000000, 0x0000000713000000, 0x0000000713200000|  0%| F|  |TAMS 0x0000000713000000| PB 0x0000000713000000| Untracked |  0
| 116|0x0000000713200000, 0x0000000713200000, 0x0000000713400000|  0%| F|  |TAMS 0x0000000713200000| PB 0x0000000713200000| Untracked |  0
| 117|0x0000000713400000, 0x0000000713400000, 0x0000000713600000|  0%| F|  |TAMS 0x0000000713400000| PB 0x0000000713400000| Untracked |  0
| 118|0x0000000713600000, 0x0000000713600000, 0x0000000713800000|  0%| F|  |TAMS 0x0000000713600000| PB 0x0000000713600000| Untracked |  0
| 119|0x0000000713800000, 0x0000000713800000, 0x0000000713a00000|  0%| F|  |TAMS 0x0000000713800000| PB 0x0000000713800000| Untracked |  0
| 120|0x0000000713a00000, 0x0000000713a00000, 0x0000000713c00000|  0%| F|  |TAMS 0x0000000713a00000| PB 0x0000000713a00000| Untracked |  0
| 121|0x0000000713c00000, 0x0000000713c00000, 0x0000000713e00000|  0%| F|  |TAMS 0x0000000713c00000| PB 0x0000000713c00000| Untracked |  0
| 122|0x0000000713e00000, 0x0000000713e00000, 0x0000000714000000|  0%| F|  |TAMS 0x0000000713e00000| PB 0x0000000713e00000| Untracked |  0
| 123|0x0000000714000000, 0x0000000714000000, 0x0000000714200000|  0%| F|  |TAMS 0x0000000714000000| PB 0x0000000714000000| Untracked |  0
| 124|0x0000000714200000, 0x0000000714200000, 0x0000000714400000|  0%| F|  |TAMS 0x0000000714200000| PB 0x0000000714200000| Untracked |  0
| 125|0x0000000714400000, 0x0000000714400000, 0x0000000714600000|  0%| F|  |TAMS 0x0000000714400000| PB 0x0000000714400000| Untracked |  0
| 126|0x0000000714600000, 0x0000000714600000, 0x0000000714800000|  0%| F|  |TAMS 0x0000000714600000| PB 0x0000000714600000| Untracked |  0
| 127|0x0000000714800000, 0x0000000714800000, 0x0000000714a00000|  0%| F|  |TAMS 0x0000000714800000| PB 0x0000000714800000| Untracked |  0
| 128|0x0000000714a00000, 0x0000000714a00000, 0x0000000714c00000|  0%| F|  |TAMS 0x0000000714a00000| PB 0x0000000714a00000| Untracked |  0
| 129|0x0000000714c00000, 0x0000000714c00000, 0x0000000714e00000|  0%| F|  |TAMS 0x0000000714c00000| PB 0x0000000714c00000| Untracked |  0
| 130|0x0000000714e00000, 0x0000000714e00000, 0x0000000715000000|  0%| F|  |TAMS 0x0000000714e00000| PB 0x0000000714e00000| Untracked |  0
| 131|0x0000000715000000, 0x0000000715000000, 0x0000000715200000|  0%| F|  |TAMS 0x0000000715000000| PB 0x0000000715000000| Untracked |  0
| 132|0x0000000715200000, 0x0000000715200000, 0x0000000715400000|  0%| F|  |TAMS 0x0000000715200000| PB 0x0000000715200000| Untracked |  0
| 133|0x0000000715400000, 0x0000000715400000, 0x0000000715600000|  0%| F|  |TAMS 0x0000000715400000| PB 0x0000000715400000| Untracked |  0
| 134|0x0000000715600000, 0x0000000715600000, 0x0000000715800000|  0%| F|  |TAMS 0x0000000715600000| PB 0x0000000715600000| Untracked |  0
| 135|0x0000000715800000, 0x0000000715800000, 0x0000000715a00000|  0%| F|  |TAMS 0x0000000715800000| PB 0x0000000715800000| Untracked |  0
| 136|0x0000000715a00000, 0x0000000715a00000, 0x0000000715c00000|  0%| F|  |TAMS 0x0000000715a00000| PB 0x0000000715a00000| Untracked |  0
| 137|0x0000000715c00000, 0x0000000715c00000, 0x0000000715e00000|  0%| F|  |TAMS 0x0000000715c00000| PB 0x0000000715c00000| Untracked |  0
| 138|0x0000000715e00000, 0x0000000715e00000, 0x0000000716000000|  0%| F|  |TAMS 0x0000000715e00000| PB 0x0000000715e00000| Untracked |  0
| 139|0x0000000716000000, 0x0000000716000000, 0x0000000716200000|  0%| F|  |TAMS 0x0000000716000000| PB 0x0000000716000000| Untracked |  0
| 140|0x0000000716200000, 0x0000000716200000, 0x0000000716400000|  0%| F|  |TAMS 0x0000000716200000| PB 0x0000000716200000| Untracked |  0
| 141|0x0000000716400000, 0x0000000716400000, 0x0000000716600000|  0%| F|  |TAMS 0x0000000716400000| PB 0x0000000716400000| Untracked |  0
| 142|0x0000000716600000, 0x0000000716600000, 0x0000000716800000|  0%| F|  |TAMS 0x0000000716600000| PB 0x0000000716600000| Untracked |  0
| 143|0x0000000716800000, 0x0000000716800000, 0x0000000716a00000|  0%| F|  |TAMS 0x0000000716800000| PB 0x0000000716800000| Untracked |  0
| 144|0x0000000716a00000, 0x0000000716a00000, 0x0000000716c00000|  0%| F|  |TAMS 0x0000000716a00000| PB 0x0000000716a00000| Untracked |  0
| 145|0x0000000716c00000, 0x0000000716c00000, 0x0000000716e00000|  0%| F|  |TAMS 0x0000000716c00000| PB 0x0000000716c00000| Untracked |  0
| 146|0x0000000716e00000, 0x0000000716e00000, 0x0000000717000000|  0%| F|  |TAMS 0x0000000716e00000| PB 0x0000000716e00000| Untracked |  0
| 147|0x0000000717000000, 0x0000000717000000, 0x0000000717200000|  0%| F|  |TAMS 0x0000000717000000| PB 0x0000000717000000| Untracked |  0
| 148|0x0000000717200000, 0x0000000717200000, 0x0000000717400000|  0%| F|  |TAMS 0x0000000717200000| PB 0x0000000717200000| Untracked |  0
| 149|0x0000000717400000, 0x0000000717400000, 0x0000000717600000|  0%| F|  |TAMS 0x0000000717400000| PB 0x0000000717400000| Untracked |  0
| 150|0x0000000717600000, 0x0000000717600000, 0x0000000717800000|  0%| F|  |TAMS 0x0000000717600000| PB 0x0000000717600000| Untracked |  0
| 151|0x0000000717800000, 0x0000000717800000, 0x0000000717a00000|  0%| F|  |TAMS 0x0000000717800000| PB 0x0000000717800000| Untracked |  0
| 152|0x0000000717a00000, 0x0000000717a00000, 0x0000000717c00000|  0%| F|  |TAMS 0x0000000717a00000| PB 0x0000000717a00000| Untracked |  0
| 153|0x0000000717c00000, 0x0000000717c00000, 0x0000000717e00000|  0%| F|  |TAMS 0x0000000717c00000| PB 0x0000000717c00000| Untracked |  0
| 154|0x0000000717e00000, 0x0000000717e00000, 0x0000000718000000|  0%| F|  |TAMS 0x0000000717e00000| PB 0x0000000717e00000| Untracked |  0
| 155|0x0000000718000000, 0x0000000718000000, 0x0000000718200000|  0%| F|  |TAMS 0x0000000718000000| PB 0x0000000718000000| Untracked |  0
| 156|0x0000000718200000, 0x0000000718200000, 0x0000000718400000|  0%| F|  |TAMS 0x0000000718200000| PB 0x0000000718200000| Untracked |  0
| 157|0x0000000718400000, 0x0000000718400000, 0x0000000718600000|  0%| F|  |TAMS 0x0000000718400000| PB 0x0000000718400000| Untracked |  0
| 158|0x0000000718600000, 0x0000000718600000, 0x0000000718800000|  0%| F|  |TAMS 0x0000000718600000| PB 0x0000000718600000| Untracked |  0
| 159|0x0000000718800000, 0x0000000718800000, 0x0000000718a00000|  0%| F|  |TAMS 0x0000000718800000| PB 0x0000000718800000| Untracked |  0
| 160|0x0000000718a00000, 0x0000000718a00000, 0x0000000718c00000|  0%| F|  |TAMS 0x0000000718a00000| PB 0x0000000718a00000| Untracked |  0
| 161|0x0000000718c00000, 0x0000000718c00000, 0x0000000718e00000|  0%| F|  |TAMS 0x0000000718c00000| PB 0x0000000718c00000| Untracked |  0
| 162|0x0000000718e00000, 0x0000000718e00000, 0x0000000719000000|  0%| F|  |TAMS 0x0000000718e00000| PB 0x0000000718e00000| Untracked |  0
| 163|0x0000000719000000, 0x0000000719000000, 0x0000000719200000|  0%| F|  |TAMS 0x0000000719000000| PB 0x0000000719000000| Untracked |  0
| 164|0x0000000719200000, 0x0000000719200000, 0x0000000719400000|  0%| F|  |TAMS 0x0000000719200000| PB 0x0000000719200000| Untracked |  0
| 165|0x0000000719400000, 0x0000000719400000, 0x0000000719600000|  0%| F|  |TAMS 0x0000000719400000| PB 0x0000000719400000| Untracked |  0
| 166|0x0000000719600000, 0x0000000719600000, 0x0000000719800000|  0%| F|  |TAMS 0x0000000719600000| PB 0x0000000719600000| Untracked |  0
| 167|0x0000000719800000, 0x0000000719800000, 0x0000000719a00000|  0%| F|  |TAMS 0x0000000719800000| PB 0x0000000719800000| Untracked |  0
| 168|0x0000000719a00000, 0x0000000719a00000, 0x0000000719c00000|  0%| F|  |TAMS 0x0000000719a00000| PB 0x0000000719a00000| Untracked |  0
| 169|0x0000000719c00000, 0x0000000719c00000, 0x0000000719e00000|  0%| F|  |TAMS 0x0000000719c00000| PB 0x0000000719c00000| Untracked |  0
| 170|0x0000000719e00000, 0x0000000719e00000, 0x000000071a000000|  0%| F|  |TAMS 0x0000000719e00000| PB 0x0000000719e00000| Untracked |  0
| 171|0x000000071a000000, 0x000000071a000000, 0x000000071a200000|  0%| F|  |TAMS 0x000000071a000000| PB 0x000000071a000000| Untracked |  0
| 172|0x000000071a200000, 0x000000071a200000, 0x000000071a400000|  0%| F|  |TAMS 0x000000071a200000| PB 0x000000071a200000| Untracked |  0
| 173|0x000000071a400000, 0x000000071a400000, 0x000000071a600000|  0%| F|  |TAMS 0x000000071a400000| PB 0x000000071a400000| Untracked |  0
| 174|0x000000071a600000, 0x000000071a600000, 0x000000071a800000|  0%| F|  |TAMS 0x000000071a600000| PB 0x000000071a600000| Untracked |  0
| 175|0x000000071a800000, 0x000000071a800000, 0x000000071aa00000|  0%| F|  |TAMS 0x000000071a800000| PB 0x000000071a800000| Untracked |  0
| 176|0x000000071aa00000, 0x000000071aa00000, 0x000000071ac00000|  0%| F|  |TAMS 0x000000071aa00000| PB 0x000000071aa00000| Untracked |  0
| 177|0x000000071ac00000, 0x000000071ac00000, 0x000000071ae00000|  0%| F|  |TAMS 0x000000071ac00000| PB 0x000000071ac00000| Untracked |  0
| 178|0x000000071ae00000, 0x000000071ae00000, 0x000000071b000000|  0%| F|  |TAMS 0x000000071ae00000| PB 0x000000071ae00000| Untracked |  0
| 179|0x000000071b000000, 0x000000071b000000, 0x000000071b200000|  0%| F|  |TAMS 0x000000071b000000| PB 0x000000071b000000| Untracked |  0
| 180|0x000000071b200000, 0x000000071b200000, 0x000000071b400000|  0%| F|  |TAMS 0x000000071b200000| PB 0x000000071b200000| Untracked |  0
| 181|0x000000071b400000, 0x000000071b400000, 0x000000071b600000|  0%| F|  |TAMS 0x000000071b400000| PB 0x000000071b400000| Untracked |  0
| 182|0x000000071b600000, 0x000000071b600000, 0x000000071b800000|  0%| F|  |TAMS 0x000000071b600000| PB 0x000000071b600000| Untracked |  0
| 183|0x000000071b800000, 0x000000071b800000, 0x000000071ba00000|  0%| F|  |TAMS 0x000000071b800000| PB 0x000000071b800000| Untracked |  0
| 184|0x000000071ba00000, 0x000000071ba00000, 0x000000071bc00000|  0%| F|  |TAMS 0x000000071ba00000| PB 0x000000071ba00000| Untracked |  0
| 185|0x000000071bc00000, 0x000000071bc00000, 0x000000071be00000|  0%| F|  |TAMS 0x000000071bc00000| PB 0x000000071bc00000| Untracked |  0
| 186|0x000000071be00000, 0x000000071be00000, 0x000000071c000000|  0%| F|  |TAMS 0x000000071be00000| PB 0x000000071be00000| Untracked |  0
| 187|0x000000071c000000, 0x000000071c000000, 0x000000071c200000|  0%| F|  |TAMS 0x000000071c000000| PB 0x000000071c000000| Untracked |  0
| 188|0x000000071c200000, 0x000000071c200000, 0x000000071c400000|  0%| F|  |TAMS 0x000000071c200000| PB 0x000000071c200000| Untracked |  0
| 189|0x000000071c400000, 0x000000071c400000, 0x000000071c600000|  0%| F|  |TAMS 0x000000071c400000| PB 0x000000071c400000| Untracked |  0
| 190|0x000000071c600000, 0x000000071c600000, 0x000000071c800000|  0%| F|  |TAMS 0x000000071c600000| PB 0x000000071c600000| Untracked |  0
| 191|0x000000071c800000, 0x000000071c93d958, 0x000000071ca00000| 62%| S|CS|TAMS 0x000000071c800000| PB 0x000000071c800000| Complete |  0
| 192|0x000000071ca00000, 0x000000071cc00000, 0x000000071cc00000|100%| S|CS|TAMS 0x000000071ca00000| PB 0x000000071ca00000| Complete |  0
| 193|0x000000071cc00000, 0x000000071cc00000, 0x000000071ce00000|  0%| F|  |TAMS 0x000000071cc00000| PB 0x000000071cc00000| Untracked |  0
| 194|0x000000071ce00000, 0x000000071ce00000, 0x000000071d000000|  0%| F|  |TAMS 0x000000071ce00000| PB 0x000000071ce00000| Untracked |  0

Card table byte_map: [0x0000025876ad0000,0x00000258772b0000] _byte_map_base: 0x00000258732ab000

Marking Bits: (CMBitMap*) 0x000002585ecdda30
 Bits: [0x00000258772b0000, 0x000002587b188000)

Polling page: 0x000002585cac0000

Metaspace:

Usage:
  Non-class:      4.37 MB used.
      Class:    686.47 KB used.
       Both:      5.04 MB used.

Virtual space:
  Non-class space:       64.00 MB reserved,       4.44 MB (  7%) committed,  1 nodes.
      Class space:        1.00 GB reserved,     768.00 KB ( <1%) committed,  1 nodes.
             Both:        1.06 GB reserved,       5.19 MB ( <1%) committed. 

Chunk freelists:
   Non-Class:  9.95 MB
       Class:  15.27 MB
        Both:  25.22 MB

MaxMetaspaceSize: unlimited
CompressedClassSpaceSize: 1.00 GB
Initial GC threshold: 21.00 MB
Current GC threshold: 21.00 MB
CDS: on
 - commit_granule_bytes: 65536.
 - commit_granule_words: 8192.
 - virtual_space_node_default_size: 8388608.
 - enlarge_chunks_in_place: 1.
 - use_allocation_guard: 0.


Internal statistics:

num_allocs_failed_limit: 0.
num_arena_births: 96.
num_arena_deaths: 0.
num_vsnodes_births: 2.
num_vsnodes_deaths: 0.
num_space_committed: 83.
num_space_uncommitted: 0.
num_chunks_returned_to_freelist: 0.
num_chunks_taken_from_freelist: 277.
num_chunk_merges: 0.
num_chunk_splits: 145.
num_chunks_enlarged: 91.
num_inconsistent_stats: 0.

CodeHeap 'non-profiled nmethods': size=120000Kb used=527Kb max_used=527Kb free=119473Kb
 bounds [0x000002586ea90000, 0x000002586ed00000, 0x0000025875fc0000]
CodeHeap 'profiled nmethods': size=120000Kb used=2576Kb max_used=2576Kb free=117423Kb
 bounds [0x0000025866fc0000, 0x0000025867250000, 0x000002586e4f0000]
CodeHeap 'non-nmethods': size=5760Kb used=1486Kb max_used=1534Kb free=4273Kb
 bounds [0x000002586e4f0000, 0x000002586e760000, 0x000002586ea90000]
 total_blobs=1902 nmethods=1447 adapters=359
 compilation: enabled
              stopped_count=0, restarted_count=0
 full_count=0

Compilation events (20 events):
Event: 3.217 Thread 0x0000025845140040 1438       3       java.lang.reflect.Method::getRoot (5 bytes)
Event: 3.217 Thread 0x0000025845140040 nmethod 1438 0x0000025867241610 code [0x00000258672417a0, 0x00000258672418c8]
Event: 3.220 Thread 0x000002587dbc5830 1439       4       java.util.stream.IntPipeline$1$1::accept (23 bytes)
Event: 3.220 Thread 0x0000025845140040 1440       3       java.util.stream.Nodes$FixedNodeBuilder::accept (61 bytes)
Event: 3.221 Thread 0x0000025845140040 nmethod 1440 0x0000025867241990 code [0x0000025867241c40, 0x0000025867242bb0]
Event: 3.221 Thread 0x0000025845140040 1441 %     3       java.util.stream.Streams$RangeIntSpliterator::forEachRemaining @ 34 (65 bytes)
Event: 3.221 Thread 0x0000025845140040 nmethod 1441% 0x0000025867243110 code [0x0000025867243300, 0x00000258672438c0]
Event: 3.221 Thread 0x000002587dbc5830 nmethod 1439 0x000002586eb0e910 code [0x000002586eb0eaa0, 0x000002586eb0ec48]
Event: 3.221 Thread 0x000002587dbc5830 1442       4       java.util.stream.Nodes$FixedNodeBuilder::accept (61 bytes)
Event: 3.221 Thread 0x0000025845140040 1443       3       java.util.stream.Streams$RangeIntSpliterator::forEachRemaining (65 bytes)
Event: 3.222 Thread 0x0000025845140040 nmethod 1443 0x0000025867243a90 code [0x0000025867243c80, 0x0000025867244190]
Event: 3.223 Thread 0x000002587dbc5830 nmethod 1442 0x000002586eb0ed90 code [0x000002586eb0ef20, 0x000002586eb0f128]
Event: 3.223 Thread 0x000002587dbc5830 1444 %     4       java.util.stream.Streams$RangeIntSpliterator::forEachRemaining @ 34 (65 bytes)
Event: 3.238 Thread 0x000002587dbc5830 nmethod 1444% 0x000002586eb0f210 code [0x000002586eb0f440, 0x000002586eb10070]
Event: 3.238 Thread 0x000002587dbc5830 1445       4       java.util.stream.Nodes$FixedNodeBuilder::accept (61 bytes)
Event: 3.240 Thread 0x000002587dbc5830 nmethod 1445 0x000002586eb10810 code [0x000002586eb109a0, 0x000002586eb10c88]
Event: 3.240 Thread 0x000002587dbc5830 1446       4       java.util.stream.Streams$RangeIntSpliterator::forEachRemaining (65 bytes)
Event: 3.260 Thread 0x000002587dbc5830 nmethod 1446 0x000002586eb10d90 code [0x000002586eb10fc0, 0x000002586eb11cd8]
Event: 3.260 Thread 0x000002587dbc5830 1447 %     4       java.util.stream.Streams$RangeIntSpliterator::forEachRemaining @ 34 (65 bytes)
Event: 3.327 Thread 0x000002587dbc5830 nmethod 1447% 0x000002586eb12510 code [0x000002586eb12740, 0x000002586eb13448]

GC Heap History (17 events):
Event: 0.639 GC heap before
{Heap before GC invocations=0 (full 0):
 garbage-first heap   total reserved 4118528K, committed 258048K, used 24576K [0x0000000704a00000, 0x0000000800000000)
  region size 2048K, 12 young (24576K), 0 survivors (0K)
 Metaspace       used 4886K, committed 5120K, reserved 1114112K
  class space    used 647K, committed 768K, reserved 1048576K
}
Event: 0.652 GC heap after
{Heap after GC invocations=1 (full 0):
 garbage-first heap   total reserved 4118528K, committed 258048K, used 10410K [0x0000000704a00000, 0x0000000800000000)
  region size 2048K, 2 young (4096K), 2 survivors (4096K)
 Metaspace       used 4886K, committed 5120K, reserved 1114112K
  class space    used 647K, committed 768K, reserved 1048576K
}
Event: 1.104 GC heap before
{Heap before GC invocations=1 (full 0):
 garbage-first heap   total reserved 4118528K, committed 258048K, used 37034K [0x0000000704a00000, 0x0000000800000000)
  region size 2048K, 15 young (30720K), 2 survivors (4096K)
 Metaspace       used 4893K, committed 5120K, reserved 1114112K
  class space    used 647K, committed 768K, reserved 1048576K
}
Event: 1.134 GC heap after
{Heap after GC invocations=2 (full 0):
 garbage-first heap   total reserved 4118528K, committed 258048K, used 38077K [0x0000000704a00000, 0x0000000800000000)
  region size 2048K, 2 young (4096K), 2 survivors (4096K)
 Metaspace       used 4893K, committed 5120K, reserved 1114112K
  class space    used 647K, committed 768K, reserved 1048576K
}
Event: 1.275 GC heap before
{Heap before GC invocations=2 (full 0):
 garbage-first heap   total reserved 4118528K, committed 258048K, used 46269K [0x0000000704a00000, 0x0000000800000000)
  region size 2048K, 6 young (12288K), 2 survivors (4096K)
 Metaspace       used 4893K, committed 5120K, reserved 1114112K
  class space    used 647K, committed 768K, reserved 1048576K
}
Event: 1.291 GC heap after
{Heap after GC invocations=3 (full 0):
 garbage-first heap   total reserved 4118528K, committed 258048K, used 48501K [0x0000000704a00000, 0x0000000800000000)
  region size 2048K, 1 young (2048K), 1 survivors (2048K)
 Metaspace       used 4893K, committed 5120K, reserved 1114112K
  class space    used 647K, committed 768K, reserved 1048576K
}
Event: 1.570 GC heap before
{Heap before GC invocations=3 (full 0):
 garbage-first heap   total reserved 4118528K, committed 258048K, used 58741K [0x0000000704a00000, 0x0000000800000000)
  region size 2048K, 6 young (12288K), 1 survivors (2048K)
 Metaspace       used 5069K, committed 5312K, reserved 1114112K
  class space    used 668K, committed 768K, reserved 1048576K
}
Event: 1.577 GC heap after
{Heap after GC invocations=4 (full 0):
 garbage-first heap   total reserved 4118528K, committed 258048K, used 50443K [0x0000000704a00000, 0x0000000800000000)
  region size 2048K, 1 young (2048K), 1 survivors (2048K)
 Metaspace       used 5069K, committed 5312K, reserved 1114112K
  class space    used 668K, committed 768K, reserved 1048576K
}
Event: 1.722 GC heap before
{Heap before GC invocations=4 (full 0):
 garbage-first heap   total reserved 4118528K, committed 258048K, used 107787K [0x0000000704a00000, 0x0000000800000000)
  region size 2048K, 21 young (43008K), 1 survivors (2048K)
 Metaspace       used 5070K, committed 5312K, reserved 1114112K
  class space    used 668K, committed 768K, reserved 1048576K
}
Event: 1.764 GC heap after
{Heap after GC invocations=5 (full 0):
 garbage-first heap   total reserved 4118528K, committed 399360K, used 111908K [0x0000000704a00000, 0x0000000800000000)
  region size 2048K, 3 young (6144K), 3 survivors (6144K)
 Metaspace       used 5070K, committed 5312K, reserved 1114112K
  class space    used 668K, committed 768K, reserved 1048576K
}
Event: 1.835 GC heap before
{Heap before GC invocations=5 (full 0):
 garbage-first heap   total reserved 4118528K, committed 399360K, used 136484K [0x0000000704a00000, 0x0000000800000000)
  region size 2048K, 10 young (20480K), 3 survivors (6144K)
 Metaspace       used 5070K, committed 5312K, reserved 1114112K
  class space    used 668K, committed 768K, reserved 1048576K
}
Event: 1.857 GC heap after
{Heap after GC invocations=6 (full 0):
 garbage-first heap   total reserved 4118528K, committed 399360K, used 140600K [0x0000000704a00000, 0x0000000800000000)
  region size 2048K, 2 young (4096K), 2 survivors (4096K)
 Metaspace       used 5070K, committed 5312K, reserved 1114112K
  class space    used 668K, committed 768K, reserved 1048576K
}
Event: 1.959 GC heap before
{Heap before GC invocations=6 (full 0):
 garbage-first heap   total reserved 4118528K, committed 399360K, used 161080K [0x0000000704a00000, 0x0000000800000000)
  region size 2048K, 9 young (18432K), 2 survivors (4096K)
 Metaspace       used 5075K, committed 5312K, reserved 1114112K
  class space    used 669K, committed 768K, reserved 1048576K
}
Event: 1.980 GC heap after
{Heap after GC invocations=7 (full 0):
 garbage-first heap   total reserved 4118528K, committed 399360K, used 163213K [0x0000000704a00000, 0x0000000800000000)
  region size 2048K, 2 young (4096K), 2 survivors (4096K)
 Metaspace       used 5075K, committed 5312K, reserved 1114112K
  class space    used 669K, committed 768K, reserved 1048576K
}
Event: 3.271 GC heap before
{Heap before GC invocations=7 (full 0):
 garbage-first heap   total reserved 4118528K, committed 399360K, used 218509K [0x0000000704a00000, 0x0000000800000000)
  region size 2048K, 23 young (47104K), 2 survivors (4096K)
 Metaspace       used 5162K, committed 5312K, reserved 1114112K
  class space    used 686K, committed 768K, reserved 1048576K
}
Event: 3.326 GC heap after
{Heap after GC invocations=8 (full 0):
 garbage-first heap   total reserved 4118528K, committed 399360K, used 219908K [0x0000000704a00000, 0x0000000800000000)
  region size 2048K, 3 young (6144K), 3 survivors (6144K)
 Metaspace       used 5162K, committed 5312K, reserved 1114112K
  class space    used 686K, committed 768K, reserved 1048576K
}
Event: 3.329 GC heap before
{Heap before GC invocations=8 (full 0):
 garbage-first heap   total reserved 4118528K, committed 399360K, used 221956K [0x0000000704a00000, 0x0000000800000000)
  region size 2048K, 5 young (10240K), 3 survivors (6144K)
 Metaspace       used 5162K, committed 5312K, reserved 1114112K
  class space    used 686K, committed 768K, reserved 1048576K
}

Dll operation events (7 events):
Event: 0.006 Loaded shared library C:\Program Files\Java\jdk-22\bin\java.dll
Event: 0.037 Loaded shared library C:\Program Files\Java\jdk-22\bin\jsvml.dll
Event: 0.076 Loaded shared library C:\Program Files\Java\jdk-22\bin\net.dll
Event: 0.080 Loaded shared library C:\Program Files\Java\jdk-22\bin\nio.dll
Event: 0.086 Loaded shared library C:\Program Files\Java\jdk-22\bin\zip.dll
Event: 0.147 Loaded shared library C:\Program Files\Java\jdk-22\bin\jimage.dll
Event: 0.170 Loaded shared library C:\Program Files\Java\jdk-22\bin\extnet.dll

Deoptimization events (20 events):
Event: 3.223 Thread 0x000002585ec737b0 DEOPT PACKING pc=0x000002586eb0f098 sp=0x000000fe6f8fcb10
Event: 3.223 Thread 0x000002585ec737b0 DEOPT UNPACKING pc=0x000002586e547da2 sp=0x000000fe6f8fcab0 mode 2
Event: 3.238 Thread 0x000002585ec737b0 DEOPT PACKING pc=0x00000258672437e3 sp=0x000000fe6f8fcb90
Event: 3.238 Thread 0x000002585ec737b0 DEOPT UNPACKING pc=0x000002586e5488e2 sp=0x000000fe6f8fc080 mode 0
Event: 3.238 Thread 0x000002585ec737b0 Uncommon trap: trap_request=0xffffffbe fr.pc=0x000002586eb0fe60 relative=0x0000000000000a20
Event: 3.238 Thread 0x000002585ec737b0 Uncommon trap: reason=profile_predicate action=maybe_recompile pc=0x000002586eb0fe60 method=java.util.stream.Streams$RangeIntSpliterator.forEachRemaining(Ljava/util/function/IntConsumer;)V @ 34 c2
Event: 3.238 Thread 0x000002585ec737b0 DEOPT PACKING pc=0x000002586eb0fe60 sp=0x000000fe6f8fcb80
Event: 3.238 Thread 0x000002585ec737b0 DEOPT UNPACKING pc=0x000002586e547da2 sp=0x000000fe6f8fcb90 mode 2
Event: 3.239 Thread 0x000002585ec737b0 Uncommon trap: trap_request=0xffffffbe fr.pc=0x000002586eb0fe60 relative=0x0000000000000a20
Event: 3.239 Thread 0x000002585ec737b0 Uncommon trap: reason=profile_predicate action=maybe_recompile pc=0x000002586eb0fe60 method=java.util.stream.Streams$RangeIntSpliterator.forEachRemaining(Ljava/util/function/IntConsumer;)V @ 34 c2
Event: 3.239 Thread 0x000002585ec737b0 DEOPT PACKING pc=0x000002586eb0fe60 sp=0x000000fe6f8fcb80
Event: 3.239 Thread 0x000002585ec737b0 DEOPT UNPACKING pc=0x000002586e547da2 sp=0x000000fe6f8fcb90 mode 2
Event: 3.239 Thread 0x000002585ec737b0 Uncommon trap: trap_request=0xffffffbe fr.pc=0x000002586eb0fe60 relative=0x0000000000000a20
Event: 3.239 Thread 0x000002585ec737b0 Uncommon trap: reason=profile_predicate action=maybe_recompile pc=0x000002586eb0fe60 method=java.util.stream.Streams$RangeIntSpliterator.forEachRemaining(Ljava/util/function/IntConsumer;)V @ 34 c2
Event: 3.239 Thread 0x000002585ec737b0 DEOPT PACKING pc=0x000002586eb0fe60 sp=0x000000fe6f8fcb80
Event: 3.239 Thread 0x000002585ec737b0 DEOPT UNPACKING pc=0x000002586e547da2 sp=0x000000fe6f8fcb90 mode 2
Event: 3.239 Thread 0x000002585ec737b0 Uncommon trap: trap_request=0xffffffbe fr.pc=0x000002586eb0fe60 relative=0x0000000000000a20
Event: 3.239 Thread 0x000002585ec737b0 Uncommon trap: reason=profile_predicate action=maybe_recompile pc=0x000002586eb0fe60 method=java.util.stream.Streams$RangeIntSpliterator.forEachRemaining(Ljava/util/function/IntConsumer;)V @ 34 c2
Event: 3.239 Thread 0x000002585ec737b0 DEOPT PACKING pc=0x000002586eb0fe60 sp=0x000000fe6f8fcb80
Event: 3.239 Thread 0x000002585ec737b0 DEOPT UNPACKING pc=0x000002586e547da2 sp=0x000000fe6f8fcb90 mode 2

Classes loaded (20 events):
Event: 1.557 Loading class java/util/stream/ReferencePipeline$4$1
Event: 1.557 Loading class java/util/stream/ReferencePipeline$4$1 done
Event: 3.208 Loading class java/lang/invoke/WrongMethodTypeException
Event: 3.208 Loading class java/lang/invoke/WrongMethodTypeException done
Event: 3.208 Loading class java/lang/reflect/InvocationTargetException
Event: 3.208 Loading class java/lang/reflect/InvocationTargetException done
Event: 3.210 Loading class java/util/regex/Pattern$BnM
Event: 3.210 Loading class java/util/regex/Pattern$BnM done
Event: 3.211 Loading class java/lang/StackTraceElement$HashedModules
Event: 3.211 Loading class java/lang/StackTraceElement$HashedModules done
Event: 3.213 Loading class java/util/AbstractList$RandomAccessSubList
Event: 3.213 Loading class java/util/AbstractList$SubList
Event: 3.213 Loading class java/util/AbstractList$SubList done
Event: 3.213 Loading class java/util/AbstractList$RandomAccessSubList done
Event: 3.213 Loading class java/util/AbstractList$SubList$1
Event: 3.213 Loading class java/util/AbstractList$SubList$1 done
Event: 3.213 Loading class java/lang/Throwable$WrappedPrintWriter
Event: 3.213 Loading class java/lang/Throwable$PrintStreamOrWriter
Event: 3.213 Loading class java/lang/Throwable$PrintStreamOrWriter done
Event: 3.213 Loading class java/lang/Throwable$WrappedPrintWriter done

Classes unloaded (0 events):
No events

Classes redefined (0 events):
No events

Internal exceptions (20 events):
Event: 0.387 Thread 0x000002585ec737b0 Exception <a 'java/lang/NoSuchMethodError'{0x0000000713a71078}: 'long java.lang.invoke.Invokers$Holder.invokeExact_MT(java.lang.Object, java.lang.Object)'> (0x0000000713a71078) 
thrown [s\open\src\hotspot\share\interpreter\linkResolver.cpp, line 774]
Event: 0.404 Thread 0x000002585ec737b0 Exception <a 'java/lang/NoSuchMethodError'{0x0000000713b06378}: 'void java.lang.invoke.DirectMethodHandle$Holder.invokeInterface(java.lang.Object, java.lang.Object, java.lang.Object, java.lang.Object)'> (0x0000000713b06378) 
thrown [s\open\src\hotspot\share\interpreter\linkResolver.cpp, line 774]
Event: 0.404 Thread 0x000002585ec737b0 Exception <a 'java/lang/IncompatibleClassChangeError'{0x0000000713b099d0}: Found class java.lang.Object, but interface was expected> (0x0000000713b099d0) 
thrown [s\open\src\hotspot\share\interpreter\linkResolver.cpp, line 841]
Event: 0.407 Thread 0x000002585ec737b0 Exception <a 'java/lang/NoSuchMethodError'{0x0000000713b23c70}: 'void java.lang.invoke.DirectMethodHandle$Holder.invokeStatic(java.lang.Object, java.lang.Object, java.lang.Object, java.lang.Object)'> (0x0000000713b23c70) 
thrown [s\open\src\hotspot\share\interpreter\linkResolver.cpp, line 774]
Event: 0.416 Thread 0x000002585ec737b0 Exception <a 'java/lang/NoSuchMethodError'{0x0000000713b862a8}: 'int java.lang.invoke.DirectMethodHandle$Holder.invokeStatic(java.lang.Object, java.lang.Object, java.lang.Object, java.lang.Object)'> (0x0000000713b862a8) 
thrown [s\open\src\hotspot\share\interpreter\linkResolver.cpp, line 774]
Event: 0.417 Thread 0x000002585ec737b0 Exception <a 'java/lang/NoSuchMethodError'{0x0000000713b89968}: 'java.lang.Object java.lang.invoke.Invokers$Holder.invokeExact_MT(java.lang.Object, java.lang.Object, java.lang.Object, java.lang.Object, java.lang.Object, java.lang.Object)'> (0x0000000713b89968) 
thrown [s\open\src\hotspot\share\interpreter\linkResolver.cpp, line 774]
Event: 0.419 Thread 0x000002585ec737b0 Exception <a 'java/lang/NoSuchMethodError'{0x0000000713b97268}: 'int java.lang.invoke.DirectMethodHandle$Holder.invokeStatic(java.lang.Object, java.lang.Object, java.lang.Object, java.lang.Object, java.lang.Object)'> (0x0000000713b97268) 
thrown [s\open\src\hotspot\share\interpreter\linkResolver.cpp, line 774]
Event: 0.429 Thread 0x000002585ec737b0 Exception <a 'java/lang/NoSuchMethodError'{0x0000000713bdd5d0}: 'void java.lang.invoke.DirectMethodHandle$Holder.invokeStaticInit(java.lang.Object)'> (0x0000000713bdd5d0) 
thrown [s\open\src\hotspot\share\interpreter\linkResolver.cpp, line 774]
Event: 0.440 Thread 0x000002585ec737b0 Exception <a 'java/lang/NoSuchMethodError'{0x00000007138762e8}: 'void java.lang.invoke.DirectMethodHandle$Holder.invokeStaticInit(java.lang.Object, java.lang.Object, java.lang.Object, java.lang.Object)'> (0x00000007138762e8) 
thrown [s\open\src\hotspot\share\interpreter\linkResolver.cpp, line 774]
Event: 0.445 Thread 0x000002585ec737b0 Exception <a 'java/lang/NoSuchMethodError'{0x00000007138cf0c8}: 'int java.lang.invoke.DirectMethodHandle$Holder.invokeStaticInit(java.lang.Object, java.lang.Object)'> (0x00000007138cf0c8) 
thrown [s\open\src\hotspot\share\interpreter\linkResolver.cpp, line 774]
Event: 0.473 Thread 0x000002585ec737b0 Exception <a 'java/lang/NoSuchMethodError'{0x0000000713618a38}: 'java.lang.Object java.lang.invoke.DirectMethodHandle$Holder.newInvokeSpecial(java.lang.Object, java.lang.Object, java.lang.Object, java.lang.Object, java.lang.Object, java.lang.Object, java.lang.Object)'> (0x0000000713618a38) 
thrown [s\open\src\hotspot\share\interpreter\linkResolver.cpp, line 774]
Event: 0.474 Thread 0x000002585ec737b0 Exception <a 'java/lang/NoSuchMethodError'{0x0000000713627fc8}: 'java.lang.Object java.lang.invoke.DirectMethodHandle$Holder.invokeInterface(java.lang.Object, java.lang.Object, java.lang.Object, java.lang.Object, java.lang.Object)'> (0x0000000713627fc8) 
thrown [s\open\src\hotspot\share\interpreter\linkResolver.cpp, line 774]
Event: 0.475 Thread 0x000002585ec737b0 Exception <a 'java/lang/IncompatibleClassChangeError'{0x000000071362bb00}: Found class java.lang.Object, but interface was expected> (0x000000071362bb00) 
thrown [s\open\src\hotspot\share\interpreter\linkResolver.cpp, line 841]
Event: 0.479 Thread 0x000002585ec737b0 Exception <a 'java/lang/NoSuchMethodError'{0x00000007136694c0}: 'int java.lang.invoke.DirectMethodHandle$Holder.invokeInterface(java.lang.Object, java.lang.Object)'> (0x00000007136694c0) 
thrown [s\open\src\hotspot\share\interpreter\linkResolver.cpp, line 774]
Event: 0.483 Thread 0x000002585ec737b0 Exception <a 'java/lang/IncompatibleClassChangeError'{0x0000000713689060}: Found class java.lang.Object, but interface was expected> (0x0000000713689060) 
thrown [s\open\src\hotspot\share\interpreter\linkResolver.cpp, line 841]
Event: 0.489 Thread 0x000002585ec737b0 Exception <a 'java/lang/NoSuchMethodError'{0x00000007136c8798}: 'void java.lang.invoke.DirectMethodHandle$Holder.invokeVirtual(java.lang.Object, java.lang.Object)'> (0x00000007136c8798) 
thrown [s\open\src\hotspot\share\interpreter\linkResolver.cpp, line 774]
Event: 0.520 Thread 0x000002585ec737b0 Exception <a 'java/lang/NoSuchMethodError'{0x00000007137ec260}: 'void java.lang.invoke.DirectMethodHandle$Holder.invokeSpecial(java.lang.Object, java.lang.Object, int)'> (0x00000007137ec260) 
thrown [s\open\src\hotspot\share\interpreter\linkResolver.cpp, line 774]
Event: 1.520 Thread 0x000002585ec737b0 Implicit null exception at 0x000002586eaea448 to 0x000002586eaeae40
Event: 1.521 Thread 0x000002585ec737b0 Implicit null exception at 0x000002586eae95f0 to 0x000002586eae9a50
Event: 1.893 Thread 0x000002585ec737b0 Exception <a 'java/lang/NoSuchMethodError'{0x000000071c7fe280}: 'int java.lang.invoke.DirectMethodHandle$Holder.invokeVirtual(java.lang.Object, java.lang.Object, java.lang.Object)'> (0x000000071c7fe280) 
thrown [s\open\src\hotspot\share\interpreter\linkResolver.cpp, line 774]

ZGC Phase Switch (0 events):
No events

VM Operations (20 events):
Event: 0.652 Executing VM operation: G1CollectForAllocation (G1 Evacuation Pause) done
Event: 1.104 Executing VM operation: G1CollectForAllocation (G1 Evacuation Pause)
Event: 1.134 Executing VM operation: G1CollectForAllocation (G1 Evacuation Pause) done
Event: 1.275 Executing VM operation: G1CollectForAllocation (G1 Evacuation Pause)
Event: 1.291 Executing VM operation: G1CollectForAllocation (G1 Evacuation Pause) done
Event: 1.556 Executing VM operation: HandshakeAllThreads (Deoptimize)
Event: 1.556 Executing VM operation: HandshakeAllThreads (Deoptimize) done
Event: 1.556 Executing VM operation: HandshakeAllThreads (Deoptimize)
Event: 1.556 Executing VM operation: HandshakeAllThreads (Deoptimize) done
Event: 1.570 Executing VM operation: G1CollectForAllocation (G1 Evacuation Pause)
Event: 1.577 Executing VM operation: G1CollectForAllocation (G1 Evacuation Pause) done
Event: 1.722 Executing VM operation: G1CollectForAllocation (G1 Evacuation Pause)
Event: 1.764 Executing VM operation: G1CollectForAllocation (G1 Evacuation Pause) done
Event: 1.835 Executing VM operation: G1CollectForAllocation (G1 Evacuation Pause)
Event: 1.857 Executing VM operation: G1CollectForAllocation (G1 Evacuation Pause) done
Event: 1.959 Executing VM operation: G1CollectForAllocation (G1 Evacuation Pause)
Event: 1.980 Executing VM operation: G1CollectForAllocation (G1 Evacuation Pause) done
Event: 3.271 Executing VM operation: G1CollectForAllocation (G1 Evacuation Pause)
Event: 3.326 Executing VM operation: G1CollectForAllocation (G1 Evacuation Pause) done
Event: 3.329 Executing VM operation: G1TryInitiateConcMark (G1 Humongous Allocation)

Events (18 events):
Event: 0.019 Thread 0x000002585ec737b0 Thread added: 0x000002585ec737b0
Event: 0.034 Thread 0x000002587dbbc280 Thread added: 0x000002587dbbc280
Event: 0.034 Thread 0x000002587dbc0fb0 Thread added: 0x000002587dbc0fb0
Event: 0.034 Thread 0x000002587dbc2b80 Thread added: 0x000002587dbc2b80
Event: 0.034 Thread 0x000002587dbc35e0 Thread added: 0x000002587dbc35e0
Event: 0.034 Thread 0x000002587dbc4040 Thread added: 0x000002587dbc4040
Event: 0.034 Thread 0x000002587dbc4aa0 Thread added: 0x000002587dbc4aa0
Event: 0.035 Thread 0x000002587dbc5830 Thread added: 0x000002587dbc5830
Event: 0.043 Thread 0x0000025845140040 Thread added: 0x0000025845140040
Event: 0.070 Thread 0x0000025845230200 Thread added: 0x0000025845230200
Event: 0.073 Thread 0x00000258452388d0 Thread added: 0x00000258452388d0
Event: 0.176 Thread 0x000002584535dc40 Thread added: 0x000002584535dc40
Event: 0.527 Thread 0x0000025845975280 Thread added: 0x0000025845975280
Event: 1.420 Thread 0x0000025845975280 Thread exited: 0x0000025845975280
Event: 1.427 Thread 0x0000025845648e40 Thread added: 0x0000025845648e40
Event: 1.427 Thread 0x0000025845649500 Thread added: 0x0000025845649500
Event: 1.894 Thread 0x0000025845649500 Thread exited: 0x0000025845649500
Event: 1.894 Thread 0x0000025845648e40 Thread exited: 0x0000025845648e40


Dynamic libraries:
0x00007ff66f190000 - 0x00007ff66f1a0000 	C:\Program Files\Java\jdk-22\bin\java.exe
0x00007ffd60fb0000 - 0x00007ffd611a8000 	C:\Windows\SYSTEM32\ntdll.dll
0x00007ffd5fe50000 - 0x00007ffd5ff11000 	C:\Windows\System32\KERNEL32.DLL
0x00007ffd5ebd0000 - 0x00007ffd5eecd000 	C:\Windows\System32\KERNELBASE.dll
0x00007ffd5ead0000 - 0x00007ffd5ebd0000 	C:\Windows\System32\ucrtbase.dll
0x00007ffd40e40000 - 0x00007ffd40e5b000 	C:\Program Files\Java\jdk-22\bin\VCRUNTIME140.dll
0x00007ffd40e20000 - 0x00007ffd40e37000 	C:\Program Files\Java\jdk-22\bin\jli.dll
0x00007ffd5fc20000 - 0x00007ffd5fcd0000 	C:\Windows\System32\ADVAPI32.dll
0x00007ffd5f680000 - 0x00007ffd5f71e000 	C:\Windows\System32\msvcrt.dll
0x00007ffd60860000 - 0x00007ffd60900000 	C:\Windows\System32\sechost.dll
0x00007ffd5f920000 - 0x00007ffd5fa43000 	C:\Windows\System32\RPCRT4.dll
0x00007ffd5e8d0000 - 0x00007ffd5e8f7000 	C:\Windows\System32\bcrypt.dll
0x00007ffd606c0000 - 0x00007ffd6085d000 	C:\Windows\System32\USER32.dll
0x00007ffd5ef20000 - 0x00007ffd5ef42000 	C:\Windows\System32\win32u.dll
0x00007ffd45af0000 - 0x00007ffd45d8a000 	C:\Windows\WinSxS\amd64_microsoft.windows.common-controls_6595b64144ccf1df_6.0.19041.4355_none_60b8b9eb71f62e16\COMCTL32.dll
0x00007ffd60690000 - 0x00007ffd606bb000 	C:\Windows\System32\GDI32.dll
0x00007ffd5e660000 - 0x00007ffd5e777000 	C:\Windows\System32\gdi32full.dll
0x00007ffd5e780000 - 0x00007ffd5e81d000 	C:\Windows\System32\msvcp_win.dll
0x00007ffd547d0000 - 0x00007ffd547da000 	C:\Windows\SYSTEM32\VERSION.dll
0x00007ffd609b0000 - 0x00007ffd609df000 	C:\Windows\System32\IMM32.DLL
0x00007ffd44af0000 - 0x00007ffd44afc000 	C:\Program Files\Java\jdk-22\bin\vcruntime140_1.dll
0x00007ffd2f030000 - 0x00007ffd2f0be000 	C:\Program Files\Java\jdk-22\bin\msvcp140.dll
0x00007ffd10ee0000 - 0x00007ffd11c27000 	C:\Program Files\Java\jdk-22\bin\server\jvm.dll
0x00007ffd5f850000 - 0x00007ffd5f8bb000 	C:\Windows\System32\WS2_32.dll
0x00007ffd5dbf0000 - 0x00007ffd5dc3b000 	C:\Windows\SYSTEM32\POWRPROF.dll
0x00007ffd4e320000 - 0x00007ffd4e347000 	C:\Windows\SYSTEM32\WINMM.dll
0x00007ffd5da60000 - 0x00007ffd5da72000 	C:\Windows\SYSTEM32\UMPDC.dll
0x00007ffd5ceb0000 - 0x00007ffd5cec2000 	C:\Windows\SYSTEM32\kernel.appcore.dll
0x00007ffd448d0000 - 0x00007ffd448da000 	C:\Program Files\Java\jdk-22\bin\jimage.dll
0x00007ffd5c400000 - 0x00007ffd5c5e4000 	C:\Windows\SYSTEM32\DBGHELP.DLL
0x00007ffd53c60000 - 0x00007ffd53c94000 	C:\Windows\SYSTEM32\dbgcore.DLL
0x00007ffd5ef50000 - 0x00007ffd5efd2000 	C:\Windows\System32\bcryptPrimitives.dll
0x00007ffd40e00000 - 0x00007ffd40e1e000 	C:\Program Files\Java\jdk-22\bin\java.dll
0x00007ffd5ff20000 - 0x00007ffd6068f000 	C:\Windows\System32\SHELL32.dll
0x00007ffd5f720000 - 0x00007ffd5f84b000 	C:\Windows\System32\ole32.dll
0x00007ffd5f0f0000 - 0x00007ffd5f443000 	C:\Windows\System32\combase.dll
0x00007ffd5c6c0000 - 0x00007ffd5ce63000 	C:\Windows\SYSTEM32\windows.storage.dll
0x00007ffd5e090000 - 0x00007ffd5e0be000 	C:\Windows\SYSTEM32\Wldp.dll
0x00007ffd5f4b0000 - 0x00007ffd5f57d000 	C:\Windows\System32\OLEAUT32.dll
0x00007ffd60900000 - 0x00007ffd609ad000 	C:\Windows\System32\SHCORE.dll
0x00007ffd5f450000 - 0x00007ffd5f4a5000 	C:\Windows\System32\shlwapi.dll
0x00007ffd5e590000 - 0x00007ffd5e5b4000 	C:\Windows\SYSTEM32\profapi.dll
0x00007ffd24eb0000 - 0x00007ffd24f87000 	C:\Program Files\Java\jdk-22\bin\jsvml.dll
0x00007ffd41b60000 - 0x00007ffd41b70000 	C:\Program Files\Java\jdk-22\bin\net.dll
0x00007ffd5ddf0000 - 0x00007ffd5de5a000 	C:\Windows\system32\mswsock.dll
0x00007ffd400b0000 - 0x00007ffd400c6000 	C:\Program Files\Java\jdk-22\bin\nio.dll
0x00007ffd3ee00000 - 0x00007ffd3ee17000 	C:\Program Files\Java\jdk-22\bin\zip.dll
0x00007ffd5da80000 - 0x00007ffd5dabb000 	C:\Windows\SYSTEM32\IPHLPAPI.DLL
0x00007ffd5fe40000 - 0x00007ffd5fe48000 	C:\Windows\System32\NSI.dll
0x00007ffd41310000 - 0x00007ffd41319000 	C:\Program Files\Java\jdk-22\bin\extnet.dll

dbghelp: loaded successfully - version: 4.0.5 - missing functions: none
symbol engine: initialized successfully - sym options: 0x614 - pdb path: .;C:\Program Files\Java\jdk-22\bin;C:\Windows\SYSTEM32;C:\Windows\WinSxS\amd64_microsoft.windows.common-controls_6595b64144ccf1df_6.0.19041.4355_none_60b8b9eb71f62e16;C:\Program Files\Java\jdk-22\bin\server

VM Arguments:
jvm_args: -ea -XX:+ShowCodeDetailsInExceptionMessages -Dfile.encoding=UTF-8 
java_command: org.eclipse.jdt.internal.junit.runner.RemoteTestRunner -version 3 -port 53470 -testLoaderClass org.eclipse.jdt.internal.junit5.runner.JUnit5TestLoader -loaderpluginname org.eclipse.jdt.junit5.runtime -testNameFile D:\avbc\TMP\testNames10772798677620318781.txt
java_class_path (initial): d:\avbc\Documents\TelRun\util\util\collections-framework\target\test-classes;d:\avbc\Documents\TelRun\util\util\collections-framework\target\classes;c:\Users\1\.m2\repository\org\junit\jupiter\junit-jupiter-api\5.10.3\junit-jupiter-api-5.10.3.jar;c:\Users\1\.m2\repository\org\opentest4j\opentest4j\1.3.0\opentest4j-1.3.0.jar;c:\Users\1\.m2\repository\org\junit\platform\junit-platform-commons\1.10.3\junit-platform-commons-1.10.3.jar;c:\Users\1\.m2\repository\org\apiguardian\apiguardian-api\1.1.2\apiguardian-api-1.1.2.jar;c:\Users\1\.m2\repository\org\junit\platform\junit-platform-launcher\1.10.3\junit-platform-launcher-1.10.3.jar;c:\Users\1\.m2\repository\org\junit\platform\junit-platform-engine\1.10.3\junit-platform-engine-1.10.3.jar;c:\Users\1\.m2\repository\org\junit\jupiter\junit-jupiter-engine\5.10.3\junit-jupiter-engine-5.10.3.jar;c:\Users\1\AppData\Roaming\Code\User\globalStorage\redhat.java\1.34.0\config_win\org.eclipse.osgi\112\0\.cp;c:\Users\1\AppData\Roaming\Code\User\globalStorage\redhat.java\1.34.0\config_win\org.eclipse.osgi\53\0\.cp
Launcher Type: SUN_STANDARD

[Global flags]
     intx CICompilerCount                          = 4                                         {product} {ergonomic}
     uint ConcGCThreads                            = 2                                         {product} {ergonomic}
     uint G1ConcRefinementThreads                  = 8                                         {product} {ergonomic}
   size_t G1HeapRegionSize                         = 2097152                                   {product} {ergonomic}
   size_t InitialHeapSize                          = 264241152                                 {product} {ergonomic}
   size_t MarkStackSize                            = 4194304                                   {product} {ergonomic}
   size_t MaxHeapSize                              = 4217372672                                {product} {ergonomic}
   size_t MaxNewSize                               = 2529165312                                {product} {ergonomic}
   size_t MinHeapDeltaBytes                        = 2097152                                   {product} {ergonomic}
   size_t MinHeapSize                              = 8388608                                   {product} {ergonomic}
    uintx NonNMethodCodeHeapSize                   = 5839372                                {pd product} {ergonomic}
    uintx NonProfiledCodeHeapSize                  = 122909434                              {pd product} {ergonomic}
    uintx ProfiledCodeHeapSize                     = 122909434                              {pd product} {ergonomic}
    uintx ReservedCodeCacheSize                    = 251658240                              {pd product} {ergonomic}
     bool SegmentedCodeCache                       = true                                      {product} {ergonomic}
     bool ShowCodeDetailsInExceptionMessages       = true                                   {manageable} {command line}
   size_t SoftMaxHeapSize                          = 4217372672                             {manageable} {ergonomic}
     bool UseCompressedOops                        = true                           {product lp64_product} {ergonomic}
     bool UseG1GC                                  = true                                      {product} {ergonomic}
     bool UseLargePagesIndividualAllocation        = false                                  {pd product} {ergonomic}

Logging:
Log output configuration:
 #0: stdout all=warning uptime,level,tags foldmultilines=false
 #1: stderr all=off uptime,level,tags foldmultilines=false

Environment Variables:
PATH=C:\Program Files\Common Files\Oracle\Java\javapath;C:\Windows\system32;C:\Windows;C:\Windows\System32\Wbem;C:\Windows\System32\WindowsPowerShell\v1.0\;C:\Windows\System32\OpenSSH\;C:\Program Files\WIDCOMM\Bluetooth Software\;C:\Program Files\WIDCOMM\Bluetooth Software\syswow64;C:\Program Files\WireGuard\;%JAVA_HOME%\bin;D:\SOFT\apache-maven-3.9.8-bin\apache-maven-3.9.8\bin;C:\Program Files\Git\bin;C:\Program Files\Microsoft VS Code\bin;C:\Users\1\AppData\Local\Microsoft\WindowsApps
USERNAME=1
OS=Windows_NT
PROCESSOR_IDENTIFIER=Intel64 Family 6 Model 140 Stepping 1, GenuineIntel
TMP=D:\avbc\TMP
TEMP=D:\avbc\TMP




Periodic native trim disabled

---------------  S Y S T E M  ---------------

OS:
 Windows 10 , 64 bit Build 19041 (10.0.19041.4842)
OS uptime: 6 days 21:19 hours

CPU: total 8 (initial active 8) (4 cores per cpu, 2 threads per core) family 6 model 140 stepping 1 microcode 0xae, cx8, cmov, fxsr, ht, mmx, 3dnowpref, sse, sse2, sse3, ssse3, sse4.1, sse4.2, popcnt, lzcnt, tsc, tscinvbit, avx, avx2, aes, erms, clmul, bmi1, bmi2, adx, avx512f, avx512dq, avx512cd, avx512bw, avx512vl, sha, fma, vzeroupper, avx512_vpopcntdq, avx512_vpclmulqdq, avx512_vaes, avx512_vnni, clflush, clflushopt, clwb, avx512_vbmi2, avx512_vbmi, rdtscp, rdpid, fsrm, gfni, avx512_bitalg, f16c, pku, cet_ibt, cet_ss, avx512_ifma
Processor Information for processor 0
  Max Mhz: 2419, Current Mhz: 2419, Mhz Limit: 2419
Processor Information for processor 1
  Max Mhz: 2419, Current Mhz: 2419, Mhz Limit: 2419
Processor Information for processor 2
  Max Mhz: 2419, Current Mhz: 2419, Mhz Limit: 2419
Processor Information for processor 3
  Max Mhz: 2419, Current Mhz: 907, Mhz Limit: 2419
Processor Information for processor 4
  Max Mhz: 2419, Current Mhz: 907, Mhz Limit: 2419
Processor Information for processor 5
  Max Mhz: 2419, Current Mhz: 2419, Mhz Limit: 2419
Processor Information for processor 6
  Max Mhz: 2419, Current Mhz: 2419, Mhz Limit: 2419
Processor Information for processor 7
  Max Mhz: 2419, Current Mhz: 2419, Mhz Limit: 2419

Memory: 4k page, system-wide physical 16080M (2655M free)
TotalPageFile size 16080M (AvailPageFile size 292M)
current process WorkingSet (physical memory assigned to process): 329M, peak: 329M
current process commit charge ("private bytes"): 491M, peak: 975M

vm_info: Java HotSpot(TM) 64-Bit Server VM (22.0.1+8-16) for windows-amd64 JRE (22.0.1+8-16), built on 2024-03-12T10:33:16Z by "mach5one" with MS VC++ 17.6 (VS2022)

END.
